CUDA_VISIBLE_DEVICES=0
Mon Dec  5 10:35:37 2022       
+-----------------------------------------------------------------------------+
| NVIDIA-SMI 520.61.05    Driver Version: 520.61.05    CUDA Version: 11.8     |
|-------------------------------+----------------------+----------------------+
| GPU  Name        Persistence-M| Bus-Id        Disp.A | Volatile Uncorr. ECC |
| Fan  Temp  Perf  Pwr:Usage/Cap|         Memory-Usage | GPU-Util  Compute M. |
|                               |                      |               MIG M. |
|===============================+======================+======================|
|   0  NVIDIA RTX A6000    On   | 00000000:3B:00.0 Off |                  Off |
| 30%   31C    P8    21W / 300W |      1MiB / 49140MiB |      0%      Default |
|                               |                      |                  N/A |
+-------------------------------+----------------------+----------------------+
                                                                               
+-----------------------------------------------------------------------------+
| Processes:                                                                  |
|  GPU   GI   CI        PID   Type   Process name                  GPU Memory |
|        ID   ID                                                   Usage      |
|=============================================================================|
|  No running processes found                                                 |
+-----------------------------------------------------------------------------+
Run ID: mae_ucf101
Architecture: videoMAE
np : <module 'numpy' from '/home/joefio/.conda/envs/spad/lib/python3.10/site-packages/numpy/__init__.py'>
num_classes : 102
num_frames : 16
fix_skip : 2
num_modes : 5
num_skips : 1
data_percentage : 1.0
transformer_size : ucf101
batch_size : 16
v_batch_size : 16
learning_rate : 0.0001
num_workers : 4
num_epochs : 100
warmup_array : [0.010000001, 0.25750000100000003, 0.505000001, 0.7525000009999999, 1.000000001]
warmup : 5
scheduled_drop : 2
lr_patience : 0
patch_size : 16
hflip : [0]
cropping_facs : [0.8]
RGB : True
normalize : False
reso_h : 224
reso_w : 224
ori_reso_h : 240
ori_reso_w : 320
min_crop_factor_training : 0.6
wandb : False
Removing key head.weight from pretrained checkpoint
Removing key head.bias from pretrained checkpoint
ft_model freshly initialized! Pretrained: True
Only 1 GPU is available
Train dataset length: 9537
Train dataset steps per epoch: 596.0625
Validation dataset length: 3783
Validation dataset steps per epoch: 236.4375
Num skips [1]
Base learning rate 0.0001
Scheduler patient 0
Scheduler drop 2
Epoch 1 started
Train at epoch 1
Learning rate is: 2.5750000100000004e-05
Training Epoch 1, Batch 0, Loss: 4.62497
Training Epoch 1, Batch 50, Loss: 4.53151
Training Epoch 1, Batch 100, Loss: 4.42069
Training Epoch 1, Batch 150, Loss: 4.29969
Training Epoch 1, Batch 200, Loss: 4.17563
Training Epoch 1, Batch 250, Loss: 4.05284
Training Epoch 1, Batch 300, Loss: 3.92521
Training Epoch 1, Batch 350, Loss: 3.79727
Training Epoch 1, Batch 400, Loss: 3.66743
Training Epoch 1, Batch 450, Loss: 3.53690
Training Epoch 1, Batch 500, Loss: 3.40405
Training Epoch 1, Batch 550, Loss: 3.27693
Training Epoch: 1, Loss: 3.1644199164069478
Validation at epoch 1.
Validation Epoch 1, Batch 0 - Loss : 2.0375022888183594
Validation Epoch 1, Batch 50 - Loss : 2.119342479051328
Validation Epoch 1, Batch 100 - Loss : 2.111305320616996
Validation Epoch 1, Batch 150 - Loss : 2.1232073117565635
Validation Epoch 1, Batch 200 - Loss : 2.1305540616239482
Total video count: 3783
Epoch 1, * Video Acc@1 75.132 Video Acc@5 93.539, Loss: 2.13455710883885
++++++++++++++++++++++++++++++
Epoch 1 is the best model till now for mae_ucf101!
++++++++++++++++++++++++++++++
Time taken for Epoch-1 is 1154.882771730423

Epoch 2 started
Train at epoch 2
Learning rate is: 5.05000001e-05
Training Epoch 2, Batch 0, Loss: 1.79580
Training Epoch 2, Batch 50, Loss: 1.74323
Training Epoch 2, Batch 100, Loss: 1.55694
Training Epoch 2, Batch 150, Loss: 1.42944
Training Epoch 2, Batch 200, Loss: 1.31701
Training Epoch 2, Batch 250, Loss: 1.21205
Training Epoch 2, Batch 300, Loss: 1.12918
Training Epoch 2, Batch 350, Loss: 1.06295
Training Epoch 2, Batch 400, Loss: 1.00948
Training Epoch 2, Batch 450, Loss: 0.95705
Training Epoch 2, Batch 500, Loss: 0.90696
Training Epoch 2, Batch 550, Loss: 0.86343
Training Epoch: 2, Loss: 0.82710119884717
Time taken for Epoch-2 is 985.2291762828827

Epoch 3 started
Train at epoch 3
Learning rate is: 7.525000009999999e-05
Training Epoch 3, Batch 0, Loss: 0.50026
Training Epoch 3, Batch 50, Loss: 0.39299
Training Epoch 3, Batch 100, Loss: 0.42655
Training Epoch 3, Batch 150, Loss: 0.44231
Training Epoch 3, Batch 200, Loss: 0.45941
Training Epoch 3, Batch 250, Loss: 0.47137
Training Epoch 3, Batch 300, Loss: 0.45860
Training Epoch 3, Batch 350, Loss: 0.44867
Training Epoch 3, Batch 400, Loss: 0.43912
Training Epoch 3, Batch 450, Loss: 0.43575
Training Epoch 3, Batch 500, Loss: 0.43184
Training Epoch 3, Batch 550, Loss: 0.42896
[254 256 258 260 262 264 266 268 270 272 274 276 278 280 282 284]
Clip ../../datasets/UCF101-videos/Videos/GolfSwing/v_GolfSwing_g22_c01.avi Failed
Training Epoch: 3, Loss: 0.4269140047868292
Validation at epoch 3.
Validation Epoch 3, Batch 0 - Loss : 0.7334030270576477
Validation Epoch 3, Batch 50 - Loss : 1.291248751037261
Validation Epoch 3, Batch 100 - Loss : 1.268843386432912
Validation Epoch 3, Batch 150 - Loss : 1.2453454290794221
Validation Epoch 3, Batch 200 - Loss : 1.2431028196171148
Total video count: 3783
Epoch 3, * Video Acc@1 69.541 Video Acc@5 88.977, Loss: 1.234993140782988
Time taken for Epoch-3 is 1149.768283367157

Epoch 4 started
Train at epoch 4
Learning rate is: 0.00010000000010000001
Training Epoch 4, Batch 0, Loss: 0.26141
Training Epoch 4, Batch 50, Loss: 0.73841
Training Epoch 4, Batch 100, Loss: 0.65018
Training Epoch 4, Batch 150, Loss: 0.58556
Training Epoch 4, Batch 200, Loss: 0.54053
Training Epoch 4, Batch 250, Loss: 0.50817
Training Epoch 4, Batch 300, Loss: 0.49737
Training Epoch 4, Batch 350, Loss: 0.48399
Training Epoch 4, Batch 400, Loss: 0.47544
Training Epoch 4, Batch 450, Loss: 0.46457
Training Epoch 4, Batch 500, Loss: 0.45622
Training Epoch 4, Batch 550, Loss: 0.45102
[297 299 301 303 305 307 309 311 313 315 317 319 321 323 325 327]
Clip ../../datasets/UCF101-videos/Videos/GolfSwing/v_GolfSwing_g22_c03.avi Failed
Training Epoch: 4, Loss: 0.4436044526634304
!!!!!!!!!!!!!!!!!!!!!!!!!!!!!!!!!!!!!!!!!
Learning rate dropping to its 2th value to 5.0000000050000005e-05 at epoch 4
!!!!!!!!!!!!!!!!!!!!!!!!!!!!!!!!!!!!!!!!!
Time taken for Epoch-4 is 985.1407613754272

Epoch 5 started
Train at epoch 5
Learning rate is: 5.0000000050000005e-05
Training Epoch 5, Batch 0, Loss: 0.33599
Training Epoch 5, Batch 50, Loss: 0.26008
Training Epoch 5, Batch 100, Loss: 0.20685
Training Epoch 5, Batch 150, Loss: 0.19870
Training Epoch 5, Batch 200, Loss: 0.18816
Training Epoch 5, Batch 250, Loss: 0.17377
Training Epoch 5, Batch 300, Loss: 0.17600
Training Epoch 5, Batch 350, Loss: 0.17504
Training Epoch 5, Batch 400, Loss: 0.16853
Training Epoch 5, Batch 450, Loss: 0.16271
Training Epoch 5, Batch 500, Loss: 0.16315
Training Epoch 5, Batch 550, Loss: 0.16313
[234 236 238 240 242 244 246 248 250 252 254 256 258 260 262 264]
Clip ../../datasets/UCF101-videos/Videos/GolfSwing/v_GolfSwing_g22_c02.avi Failed
Clip ../../datasets/UCF101-videos/Videos/GolfSwing/v_GolfSwing_g22_c01.avi is missing 1 frames.
Training Epoch: 5, Loss: 0.16007669035803956
Validation at epoch 5.
Validation Epoch 5, Batch 0 - Loss : 0.8950556516647339
Validation Epoch 5, Batch 50 - Loss : 0.9470236947139105
Validation Epoch 5, Batch 100 - Loss : 0.9647847334347149
Validation Epoch 5, Batch 150 - Loss : 0.9745480972804771
Validation Epoch 5, Batch 200 - Loss : 0.9651970371826372
Total video count: 3783
Epoch 5, * Video Acc@1 75.527 Video Acc@5 92.563, Loss: 0.9638969948523155
++++++++++++++++++++++++++++++
Epoch 5 is the best model till now for mae_ucf101!
++++++++++++++++++++++++++++++
Time taken for Epoch-5 is 1154.801721572876

Epoch 6 started
Train at epoch 6
Learning rate is: 5.0000000050000005e-05
Training Epoch 6, Batch 0, Loss: 0.13490
Training Epoch 6, Batch 50, Loss: 0.11707
Training Epoch 6, Batch 100, Loss: 0.10050
Training Epoch 6, Batch 150, Loss: 0.10309
Training Epoch 6, Batch 200, Loss: 0.10263
Training Epoch 6, Batch 250, Loss: 0.10104
Training Epoch 6, Batch 300, Loss: 0.09801
Training Epoch 6, Batch 350, Loss: 0.09909
Training Epoch 6, Batch 400, Loss: 0.10224
Training Epoch 6, Batch 450, Loss: 0.10256
Training Epoch 6, Batch 500, Loss: 0.10551
Training Epoch 6, Batch 550, Loss: 0.10742
Clip ../../datasets/UCF101-videos/Videos/SoccerJuggling/v_SoccerJuggling_g12_c03.avi is missing 2 frames.
Training Epoch: 6, Loss: 0.10645365489411232
Time taken for Epoch-6 is 1001.0648264884949

Epoch 7 started
Train at epoch 7
Learning rate is: 5.0000000050000005e-05
Training Epoch 7, Batch 0, Loss: 0.01578
Training Epoch 7, Batch 50, Loss: 0.13109
Training Epoch 7, Batch 100, Loss: 0.10816
Training Epoch 7, Batch 150, Loss: 0.09690
Training Epoch 7, Batch 200, Loss: 0.09315
Training Epoch 7, Batch 250, Loss: 0.09186
Training Epoch 7, Batch 300, Loss: 0.09458
Training Epoch 7, Batch 350, Loss: 0.10064
Training Epoch 7, Batch 400, Loss: 0.10815
Training Epoch 7, Batch 450, Loss: 0.11164
Training Epoch 7, Batch 500, Loss: 0.11101
Training Epoch 7, Batch 550, Loss: 0.11307
Clip ../../datasets/UCF101-videos/Videos/Basketball/v_Basketball_g16_c02.avi is missing 4 frames.
Training Epoch: 7, Loss: 0.1141889162784383
!!!!!!!!!!!!!!!!!!!!!!!!!!!!!!!!!!!!!!!!!
Learning rate dropping to its 2th value to 2.5000000025000002e-05 at epoch 7
!!!!!!!!!!!!!!!!!!!!!!!!!!!!!!!!!!!!!!!!!
Time taken for Epoch-7 is 999.9685533046722

Epoch 8 started
Train at epoch 8
Learning rate is: 2.5000000025000002e-05
Training Epoch 8, Batch 0, Loss: 0.17054
Training Epoch 8, Batch 50, Loss: 0.08338
Training Epoch 8, Batch 100, Loss: 0.07287
Training Epoch 8, Batch 150, Loss: 0.07235
Training Epoch 8, Batch 200, Loss: 0.07064
Training Epoch 8, Batch 250, Loss: 0.06827
Training Epoch 8, Batch 300, Loss: 0.06505
Training Epoch 8, Batch 350, Loss: 0.06277
Training Epoch 8, Batch 400, Loss: 0.06230
Training Epoch 8, Batch 450, Loss: 0.06384
Training Epoch 8, Batch 500, Loss: 0.06230
Training Epoch 8, Batch 550, Loss: 0.06373
Clip ../../datasets/UCF101-videos/Videos/JugglingBalls/v_JugglingBalls_g18_c03.avi is missing 2 frames.
Clip ../../datasets/UCF101-videos/Videos/Basketball/v_Basketball_g13_c02.avi is missing 1 frames.
Training Epoch: 8, Loss: 0.06349050319305866
Time taken for Epoch-8 is 984.4304921627045

Epoch 9 started
Train at epoch 9
Learning rate is: 2.5000000025000002e-05
Training Epoch 9, Batch 0, Loss: 0.09196
Training Epoch 9, Batch 50, Loss: 0.05029
Training Epoch 9, Batch 100, Loss: 0.05048
Training Epoch 9, Batch 150, Loss: 0.04390
Training Epoch 9, Batch 200, Loss: 0.04683
Training Epoch 9, Batch 250, Loss: 0.04693
Training Epoch 9, Batch 300, Loss: 0.05019
Training Epoch 9, Batch 350, Loss: 0.04791
Training Epoch 9, Batch 400, Loss: 0.04766
Training Epoch 9, Batch 450, Loss: 0.04643
Training Epoch 9, Batch 500, Loss: 0.04644
Training Epoch 9, Batch 550, Loss: 0.04679
Training Epoch: 9, Loss: 0.04651207516088433
Time taken for Epoch-9 is 997.3323895931244

Epoch 10 started
Train at epoch 10
Learning rate is: 2.5000000025000002e-05
Training Epoch 10, Batch 0, Loss: 0.00640
Training Epoch 10, Batch 50, Loss: 0.03076
Training Epoch 10, Batch 100, Loss: 0.03077
Training Epoch 10, Batch 150, Loss: 0.04031
Training Epoch 10, Batch 200, Loss: 0.04520
Training Epoch 10, Batch 250, Loss: 0.04471
Training Epoch 10, Batch 300, Loss: 0.04282
Training Epoch 10, Batch 350, Loss: 0.04306
Training Epoch 10, Batch 400, Loss: 0.04335
Training Epoch 10, Batch 450, Loss: 0.04175
Training Epoch 10, Batch 500, Loss: 0.04076
Training Epoch 10, Batch 550, Loss: 0.04250
Training Epoch: 10, Loss: 0.043007462598629906
Validation at epoch 10.
Validation Epoch 10, Batch 0 - Loss : 1.281126856803894
Validation Epoch 10, Batch 50 - Loss : 0.7992500411529168
Validation Epoch 10, Batch 100 - Loss : 0.817810960593495
Validation Epoch 10, Batch 150 - Loss : 0.8330619855975079
Validation Epoch 10, Batch 200 - Loss : 0.8389840372444237
Total video count: 3783
Epoch 10, * Video Acc@1 78.850 Video Acc@5 93.513, Loss: 0.8580876378428961
++++++++++++++++++++++++++++++
Epoch 10 is the best model till now for mae_ucf101!
++++++++++++++++++++++++++++++
Time taken for Epoch-10 is 1155.321717262268

Epoch 11 started
Train at epoch 11
Learning rate is: 2.5000000025000002e-05
Training Epoch 11, Batch 0, Loss: 0.00607
Training Epoch 11, Batch 50, Loss: 0.03648
Training Epoch 11, Batch 100, Loss: 0.03832
Training Epoch 11, Batch 150, Loss: 0.03784
Training Epoch 11, Batch 200, Loss: 0.03838
Training Epoch 11, Batch 250, Loss: 0.03789
Training Epoch 11, Batch 300, Loss: 0.03698
Training Epoch 11, Batch 350, Loss: 0.03947
Training Epoch 11, Batch 400, Loss: 0.04197
Training Epoch 11, Batch 450, Loss: 0.04282
Training Epoch 11, Batch 500, Loss: 0.04437
Training Epoch 11, Batch 550, Loss: 0.04469
Clip ../../datasets/UCF101-videos/Videos/TennisSwing/v_TennisSwing_g16_c04.avi is missing 5 frames.
Clip ../../datasets/UCF101-videos/Videos/Basketball/v_Basketball_g16_c03.avi is missing 1 frames.
Training Epoch: 11, Loss: 0.044441475400153606
!!!!!!!!!!!!!!!!!!!!!!!!!!!!!!!!!!!!!!!!!
Learning rate dropping to its 2th value to 1.2500000012500001e-05 at epoch 11
!!!!!!!!!!!!!!!!!!!!!!!!!!!!!!!!!!!!!!!!!
Time taken for Epoch-11 is 997.0937361717224

Epoch 12 started
Train at epoch 12
Learning rate is: 1.2500000012500001e-05
Training Epoch 12, Batch 0, Loss: 0.00598
Training Epoch 12, Batch 50, Loss: 0.03579
Training Epoch 12, Batch 100, Loss: 0.03321
Training Epoch 12, Batch 150, Loss: 0.03009
Training Epoch 12, Batch 200, Loss: 0.02912
Training Epoch 12, Batch 250, Loss: 0.02831
Training Epoch 12, Batch 300, Loss: 0.02886
Training Epoch 12, Batch 350, Loss: 0.02826
Training Epoch 12, Batch 400, Loss: 0.02774
Training Epoch 12, Batch 450, Loss: 0.02763
Training Epoch 12, Batch 500, Loss: 0.02715
Training Epoch 12, Batch 550, Loss: 0.02717
[253 255 257 259 261 263 265 267 269 271 273 275 277 279 281 283]
Clip ../../datasets/UCF101-videos/Videos/GolfSwing/v_GolfSwing_g22_c02.avi Failed
Clip ../../datasets/UCF101-videos/Videos/SoccerJuggling/v_SoccerJuggling_g16_c01.avi is missing 1 frames.
Training Epoch: 12, Loss: 0.026513891823830044
Time taken for Epoch-12 is 981.8411214351654

Epoch 13 started
Train at epoch 13
Learning rate is: 1.2500000012500001e-05
Training Epoch 13, Batch 0, Loss: 0.00609
Training Epoch 13, Batch 50, Loss: 0.02276
Training Epoch 13, Batch 100, Loss: 0.01857
Training Epoch 13, Batch 150, Loss: 0.01990
Training Epoch 13, Batch 200, Loss: 0.02125
Training Epoch 13, Batch 250, Loss: 0.02031
Training Epoch 13, Batch 300, Loss: 0.02167
Training Epoch 13, Batch 350, Loss: 0.02339
Training Epoch 13, Batch 400, Loss: 0.02305
Training Epoch 13, Batch 450, Loss: 0.02446
Training Epoch 13, Batch 500, Loss: 0.02498
Training Epoch 13, Batch 550, Loss: 0.02488
Training Epoch: 13, Loss: 0.024046230213942827
Time taken for Epoch-13 is 1000.8477959632874

Epoch 14 started
Train at epoch 14
Learning rate is: 1.2500000012500001e-05
Training Epoch 14, Batch 0, Loss: 0.02374
Training Epoch 14, Batch 50, Loss: 0.01786
Training Epoch 14, Batch 100, Loss: 0.01558
Training Epoch 14, Batch 150, Loss: 0.01524
Training Epoch 14, Batch 200, Loss: 0.01576
Training Epoch 14, Batch 250, Loss: 0.01674
Training Epoch 14, Batch 300, Loss: 0.02044
Training Epoch 14, Batch 350, Loss: 0.02067
Training Epoch 14, Batch 400, Loss: 0.02041
Training Epoch 14, Batch 450, Loss: 0.02288
Training Epoch 14, Batch 500, Loss: 0.02275
Training Epoch 14, Batch 550, Loss: 0.02369
Clip ../../datasets/UCF101-videos/Videos/SoccerJuggling/v_SoccerJuggling_g12_c03.avi is missing 3 frames.
Clip ../../datasets/UCF101-videos/Videos/Basketball/v_Basketball_g16_c04.avi is missing 2 frames.
[247 249 251 253 255 257 259 261 263 265 267 269 271 273 275 277]
Clip ../../datasets/UCF101-videos/Videos/GolfSwing/v_GolfSwing_g22_c02.avi Failed
[307 309 311 313 315 317 319 321 323 325 327 329 331 333 335 337]
Clip ../../datasets/UCF101-videos/Videos/Basketball/v_Basketball_g16_c06.avi Failed
Training Epoch: 14, Loss: 0.02427777989457051
!!!!!!!!!!!!!!!!!!!!!!!!!!!!!!!!!!!!!!!!!
Learning rate dropping to its 2th value to 6.250000006250001e-06 at epoch 14
!!!!!!!!!!!!!!!!!!!!!!!!!!!!!!!!!!!!!!!!!
Time taken for Epoch-14 is 1001.0672719478607

Epoch 15 started
Train at epoch 15
Learning rate is: 6.250000006250001e-06
Training Epoch 15, Batch 0, Loss: 0.00556
Training Epoch 15, Batch 50, Loss: 0.01415
Training Epoch 15, Batch 100, Loss: 0.02426
Training Epoch 15, Batch 150, Loss: 0.02881
Training Epoch 15, Batch 200, Loss: 0.02552
Training Epoch 15, Batch 250, Loss: 0.02464
Training Epoch 15, Batch 300, Loss: 0.02346
Training Epoch 15, Batch 350, Loss: 0.02258
Training Epoch 15, Batch 400, Loss: 0.02095
Training Epoch 15, Batch 450, Loss: 0.02127
Training Epoch 15, Batch 500, Loss: 0.02162
Training Epoch 15, Batch 550, Loss: 0.02245
Training Epoch: 15, Loss: 0.022074077665646695
Time taken for Epoch-15 is 1001.3358190059662

Epoch 16 started
Train at epoch 16
Learning rate is: 6.250000006250001e-06
Training Epoch 16, Batch 0, Loss: 0.00393
Training Epoch 16, Batch 50, Loss: 0.02521
Training Epoch 16, Batch 100, Loss: 0.02101
Training Epoch 16, Batch 150, Loss: 0.01998
Training Epoch 16, Batch 200, Loss: 0.01891
Training Epoch 16, Batch 250, Loss: 0.01879
Training Epoch 16, Batch 300, Loss: 0.01839
Training Epoch 16, Batch 350, Loss: 0.01830
Training Epoch 16, Batch 400, Loss: 0.01759
Training Epoch 16, Batch 450, Loss: 0.01688
Training Epoch 16, Batch 500, Loss: 0.01647
Training Epoch 16, Batch 550, Loss: 0.01570
Training Epoch: 16, Loss: 0.014966164613797812
Time taken for Epoch-16 is 1001.5094439983368

Epoch 17 started
Train at epoch 17
Learning rate is: 6.250000006250001e-06
Training Epoch 17, Batch 0, Loss: 0.00203
Training Epoch 17, Batch 50, Loss: 0.01216
Training Epoch 17, Batch 100, Loss: 0.01548
Training Epoch 17, Batch 150, Loss: 0.01391
Training Epoch 17, Batch 200, Loss: 0.01447
Training Epoch 17, Batch 250, Loss: 0.01407
Training Epoch 17, Batch 300, Loss: 0.01431
Training Epoch 17, Batch 350, Loss: 0.01567
Training Epoch 17, Batch 400, Loss: 0.01467
Training Epoch 17, Batch 450, Loss: 0.01447
Training Epoch 17, Batch 500, Loss: 0.01529
Training Epoch 17, Batch 550, Loss: 0.01527
Training Epoch: 17, Loss: 0.015735038637766267
!!!!!!!!!!!!!!!!!!!!!!!!!!!!!!!!!!!!!!!!!
Learning rate dropping to its 2th value to 3.1250000031250003e-06 at epoch 17
!!!!!!!!!!!!!!!!!!!!!!!!!!!!!!!!!!!!!!!!!
Time taken for Epoch-17 is 995.1658427715302

Epoch 18 started
Train at epoch 18
Learning rate is: 3.1250000031250003e-06
Training Epoch 18, Batch 0, Loss: 0.00251
Training Epoch 18, Batch 50, Loss: 0.01587
Training Epoch 18, Batch 100, Loss: 0.01576
Training Epoch 18, Batch 150, Loss: 0.01558
Training Epoch 18, Batch 200, Loss: 0.01481
Training Epoch 18, Batch 250, Loss: 0.01328
Training Epoch 18, Batch 300, Loss: 0.01220
Training Epoch 18, Batch 350, Loss: 0.01265
Training Epoch 18, Batch 400, Loss: 0.01262
Training Epoch 18, Batch 450, Loss: 0.01257
Training Epoch 18, Batch 500, Loss: 0.01251
Training Epoch 18, Batch 550, Loss: 0.01272
Training Epoch: 18, Loss: 0.013066558695984833
Time taken for Epoch-18 is 1000.0210037231445

Epoch 19 started
Train at epoch 19
Learning rate is: 3.1250000031250003e-06
Training Epoch 19, Batch 0, Loss: 0.00345
Training Epoch 19, Batch 50, Loss: 0.00764
Training Epoch 19, Batch 100, Loss: 0.01087
Training Epoch 19, Batch 150, Loss: 0.00979
Training Epoch 19, Batch 200, Loss: 0.01056
Training Epoch 19, Batch 250, Loss: 0.01029
Training Epoch 19, Batch 300, Loss: 0.00955
Training Epoch 19, Batch 350, Loss: 0.01066
Training Epoch 19, Batch 400, Loss: 0.01007
Training Epoch 19, Batch 450, Loss: 0.00989
Training Epoch 19, Batch 500, Loss: 0.00955
Training Epoch 19, Batch 550, Loss: 0.01110
[257 259 261 263 265 267 269 271 273 275 277 279 281 283 285 287]
Clip ../../datasets/UCF101-videos/Videos/GolfSwing/v_GolfSwing_g22_c02.avi Failed
Clip ../../datasets/UCF101-videos/Videos/GolfSwing/v_GolfSwing_g22_c03.avi is missing 1 frames.
[254 256 258 260 262 264 266 268 270 272 274 276 278 280 282 284]
Clip ../../datasets/UCF101-videos/Videos/GolfSwing/v_GolfSwing_g22_c01.avi Failed
[470 472 474 476 478 480 482 484 486 488 490 492 494 496 498 500]
Clip ../../datasets/UCF101-videos/Videos/PoleVault/v_PoleVault_g14_c04.avi Failed
Training Epoch: 19, Loss: 0.010987925954152154
Time taken for Epoch-19 is 984.394912481308

Epoch 20 started
Train at epoch 20
Learning rate is: 3.1250000031250003e-06
Training Epoch 20, Batch 0, Loss: 0.00159
Training Epoch 20, Batch 50, Loss: 0.01080
Training Epoch 20, Batch 100, Loss: 0.01260
Training Epoch 20, Batch 150, Loss: 0.01108
Training Epoch 20, Batch 200, Loss: 0.01190
Training Epoch 20, Batch 250, Loss: 0.01132
Training Epoch 20, Batch 300, Loss: 0.01060
Training Epoch 20, Batch 350, Loss: 0.01093
Training Epoch 20, Batch 400, Loss: 0.01018
Training Epoch 20, Batch 450, Loss: 0.01025
Training Epoch 20, Batch 500, Loss: 0.01170
Training Epoch 20, Batch 550, Loss: 0.01122
Training Epoch: 20, Loss: 0.01116294131258977
!!!!!!!!!!!!!!!!!!!!!!!!!!!!!!!!!!!!!!!!!
Learning rate dropping to its 2th value to 1.5625000015625002e-06 at epoch 20
!!!!!!!!!!!!!!!!!!!!!!!!!!!!!!!!!!!!!!!!!
Validation at epoch 20.
Validation Epoch 20, Batch 0 - Loss : 0.41577187180519104
Validation Epoch 20, Batch 50 - Loss : 0.8423000775715884
Validation Epoch 20, Batch 100 - Loss : 0.803295963619015
Validation Epoch 20, Batch 150 - Loss : 0.7726236563175917
Validation Epoch 20, Batch 200 - Loss : 0.7743167025847962
Total video count: 3783
Epoch 20, * Video Acc@1 81.197 Video Acc@5 94.304, Loss: 0.7879142683423772
++++++++++++++++++++++++++++++
Epoch 20 is the best model till now for mae_ucf101!
++++++++++++++++++++++++++++++
Time taken for Epoch-20 is 1156.3382182121277

Epoch 21 started
Train at epoch 21
Learning rate is: 1.5625000015625002e-06
Training Epoch 21, Batch 0, Loss: 0.00619
Training Epoch 21, Batch 50, Loss: 0.01115
Training Epoch 21, Batch 100, Loss: 0.01022
Training Epoch 21, Batch 150, Loss: 0.00988
Training Epoch 21, Batch 200, Loss: 0.00906
Training Epoch 21, Batch 250, Loss: 0.00870
Training Epoch 21, Batch 300, Loss: 0.00971
Training Epoch 21, Batch 350, Loss: 0.00933
Training Epoch 21, Batch 400, Loss: 0.00940
Training Epoch 21, Batch 450, Loss: 0.00911
Training Epoch 21, Batch 500, Loss: 0.00933
Training Epoch 21, Batch 550, Loss: 0.00909
Clip ../../datasets/UCF101-videos/Videos/TennisSwing/v_TennisSwing_g16_c06.avi is missing 3 frames.
[269 271 273 275 277 279 281 283 285 287 289 291 293 295 297 299]
Clip ../../datasets/UCF101-videos/Videos/GolfSwing/v_GolfSwing_g22_c03.avi Failed
Clip ../../datasets/UCF101-videos/Videos/HorseRiding/v_HorseRiding_g23_c01.avi is missing 1 frames.
Training Epoch: 21, Loss: 0.00873454256506615
Time taken for Epoch-21 is 1001.9215812683105

Epoch 22 started
Train at epoch 22
Learning rate is: 1.5625000015625002e-06
Training Epoch 22, Batch 0, Loss: 0.00209
Training Epoch 22, Batch 50, Loss: 0.01191
Training Epoch 22, Batch 100, Loss: 0.01184
Training Epoch 22, Batch 150, Loss: 0.01157
Training Epoch 22, Batch 200, Loss: 0.00998
Training Epoch 22, Batch 250, Loss: 0.01007
Training Epoch 22, Batch 300, Loss: 0.01000
Training Epoch 22, Batch 350, Loss: 0.00999
Training Epoch 22, Batch 400, Loss: 0.01068
Training Epoch 22, Batch 450, Loss: 0.01015
Training Epoch 22, Batch 500, Loss: 0.00960
Training Epoch 22, Batch 550, Loss: 0.00938
[270 272 274 276 278 280 282 284 286 288 290 292 294 296 298 300]
Clip ../../datasets/UCF101-videos/Videos/GolfSwing/v_GolfSwing_g22_c01.avi Failed
[242 244 246 248 250 252 254 256 258 260 262 264 266 268 270 272]
Clip ../../datasets/UCF101-videos/Videos/GolfSwing/v_GolfSwing_g22_c02.avi Failed
Clip ../../datasets/UCF101-videos/Videos/Basketball/v_Basketball_g16_c05.avi is missing 5 frames.
Training Epoch: 22, Loss: 0.009221477425459092
!!!!!!!!!!!!!!!!!!!!!!!!!!!!!!!!!!!!!!!!!
Learning rate dropping to its 2th value to 7.812500007812501e-07 at epoch 22
!!!!!!!!!!!!!!!!!!!!!!!!!!!!!!!!!!!!!!!!!
Time taken for Epoch-22 is 991.4830894470215

Epoch 23 started
Train at epoch 23
Learning rate is: 7.812500007812501e-07
Training Epoch 23, Batch 0, Loss: 0.00194
Training Epoch 23, Batch 50, Loss: 0.01185
Training Epoch 23, Batch 100, Loss: 0.00969
Training Epoch 23, Batch 150, Loss: 0.00980
Training Epoch 23, Batch 200, Loss: 0.01093
Training Epoch 23, Batch 250, Loss: 0.00989
Training Epoch 23, Batch 300, Loss: 0.01074
Training Epoch 23, Batch 350, Loss: 0.01044
Training Epoch 23, Batch 400, Loss: 0.00992
Training Epoch 23, Batch 450, Loss: 0.01031
Training Epoch 23, Batch 500, Loss: 0.01005
Training Epoch 23, Batch 550, Loss: 0.00970
Clip ../../datasets/UCF101-videos/Videos/Basketball/v_Basketball_g16_c01.avi is missing 1 frames.
Training Epoch: 23, Loss: 0.00937546309374446
!!!!!!!!!!!!!!!!!!!!!!!!!!!!!!!!!!!!!!!!!
Learning rate dropping to its 2th value to 3.9062500039062504e-07 at epoch 23
!!!!!!!!!!!!!!!!!!!!!!!!!!!!!!!!!!!!!!!!!
Time taken for Epoch-23 is 999.2867670059204

Epoch 24 started
Train at epoch 24
Learning rate is: 3.9062500039062504e-07
Training Epoch 24, Batch 0, Loss: 0.00269
Training Epoch 24, Batch 50, Loss: 0.00787
Training Epoch 24, Batch 100, Loss: 0.00662
Training Epoch 24, Batch 150, Loss: 0.00731
Training Epoch 24, Batch 200, Loss: 0.00793
Training Epoch 24, Batch 250, Loss: 0.00887
Training Epoch 24, Batch 300, Loss: 0.00959
Training Epoch 24, Batch 350, Loss: 0.01003
Training Epoch 24, Batch 400, Loss: 0.01035
Training Epoch 24, Batch 450, Loss: 0.00984
Training Epoch 24, Batch 500, Loss: 0.00992
Training Epoch 24, Batch 550, Loss: 0.00969
Clip ../../datasets/UCF101-videos/Videos/Basketball/v_Basketball_g16_c04.avi is missing 2 frames.
[271 273 275 277 279 281 283 285 287 289 291 293 295 297 299 301]
Clip ../../datasets/UCF101-videos/Videos/GolfSwing/v_GolfSwing_g22_c03.avi Failed
Clip ../../datasets/UCF101-videos/Videos/SoccerJuggling/v_SoccerJuggling_g12_c03.avi is missing 1 frames.
Training Epoch: 24, Loss: 0.009778752345322684
!!!!!!!!!!!!!!!!!!!!!!!!!!!!!!!!!!!!!!!!!
Learning rate dropping to its 2th value to 1.9531250019531252e-07 at epoch 24
!!!!!!!!!!!!!!!!!!!!!!!!!!!!!!!!!!!!!!!!!
Time taken for Epoch-24 is 1000.3104465007782

Epoch 25 started
Train at epoch 25
Learning rate is: 1.9531250019531252e-07
Training Epoch 25, Batch 0, Loss: 0.00418
Training Epoch 25, Batch 50, Loss: 0.00481
Training Epoch 25, Batch 100, Loss: 0.00735
Training Epoch 25, Batch 150, Loss: 0.00924
Training Epoch 25, Batch 200, Loss: 0.00912
Training Epoch 25, Batch 250, Loss: 0.00962
Training Epoch 25, Batch 300, Loss: 0.00895
Training Epoch 25, Batch 350, Loss: 0.00934
Training Epoch 25, Batch 400, Loss: 0.00952
Training Epoch 25, Batch 450, Loss: 0.00948
Training Epoch 25, Batch 500, Loss: 0.00919
Training Epoch 25, Batch 550, Loss: 0.00978
Training Epoch: 25, Loss: 0.009477612939657381
!!!!!!!!!!!!!!!!!!!!!!!!!!!!!!!!!!!!!!!!!
Learning rate dropping to its 2th value to 9.765625009765626e-08 at epoch 25
!!!!!!!!!!!!!!!!!!!!!!!!!!!!!!!!!!!!!!!!!
Validation at epoch 25.
Validation Epoch 25, Batch 0 - Loss : 1.436311960220337
Validation Epoch 25, Batch 50 - Loss : 0.741716591896964
Validation Epoch 25, Batch 100 - Loss : 0.7375460185922018
Validation Epoch 25, Batch 150 - Loss : 0.7467938726459513
Validation Epoch 25, Batch 200 - Loss : 0.7450095651235746
Total video count: 3783
Epoch 25, * Video Acc@1 81.988 Video Acc@5 94.805, Loss: 0.7542421308813719
++++++++++++++++++++++++++++++
Epoch 25 is the best model till now for mae_ucf101!
++++++++++++++++++++++++++++++
Time taken for Epoch-25 is 1152.2987093925476

Epoch 26 started
Train at epoch 26
Learning rate is: 9.765625009765626e-08
Training Epoch 26, Batch 0, Loss: 0.01655
Training Epoch 26, Batch 50, Loss: 0.01269
Training Epoch 26, Batch 100, Loss: 0.00927
Training Epoch 26, Batch 150, Loss: 0.00748
Training Epoch 26, Batch 200, Loss: 0.00669
Training Epoch 26, Batch 250, Loss: 0.00700
Training Epoch 26, Batch 300, Loss: 0.00660
Training Epoch 26, Batch 350, Loss: 0.00678
Training Epoch 26, Batch 400, Loss: 0.00751
Training Epoch 26, Batch 450, Loss: 0.00767
Training Epoch 26, Batch 500, Loss: 0.00758
Training Epoch 26, Batch 550, Loss: 0.00755
Training Epoch: 26, Loss: 0.007353773765294022
Time taken for Epoch-26 is 991.7589733600616

Epoch 27 started
Train at epoch 27
Learning rate is: 9.765625009765626e-08
Training Epoch 27, Batch 0, Loss: 0.00349
Training Epoch 27, Batch 50, Loss: 0.01286
Training Epoch 27, Batch 100, Loss: 0.01250
Training Epoch 27, Batch 150, Loss: 0.01243
Training Epoch 27, Batch 200, Loss: 0.01165
Training Epoch 27, Batch 250, Loss: 0.00999
Training Epoch 27, Batch 300, Loss: 0.01034
Training Epoch 27, Batch 350, Loss: 0.01063
Training Epoch 27, Batch 400, Loss: 0.01070
Training Epoch 27, Batch 450, Loss: 0.01041
Training Epoch 27, Batch 500, Loss: 0.01070
Training Epoch 27, Batch 550, Loss: 0.01012
Clip ../../datasets/UCF101-videos/Videos/Basketball/v_Basketball_g16_c06.avi is missing 2 frames.
[259 261 263 265 267 269 271 273 275 277 279 281 283 285 287 289]
Clip ../../datasets/UCF101-videos/Videos/GolfSwing/v_GolfSwing_g22_c02.avi Failed
Clip ../../datasets/UCF101-videos/Videos/Basketball/v_Basketball_g16_c03.avi is missing 1 frames.
Training Epoch: 27, Loss: 0.010630325795856415
!!!!!!!!!!!!!!!!!!!!!!!!!!!!!!!!!!!!!!!!!
Learning rate dropping to its 2th value to 4.882812504882813e-08 at epoch 27
!!!!!!!!!!!!!!!!!!!!!!!!!!!!!!!!!!!!!!!!!
Time taken for Epoch-27 is 985.0069057941437

Epoch 28 started
Train at epoch 28
Learning rate is: 4.882812504882813e-08
Training Epoch 28, Batch 0, Loss: 0.00136
Training Epoch 28, Batch 50, Loss: 0.00678
Training Epoch 28, Batch 100, Loss: 0.00700
Training Epoch 28, Batch 150, Loss: 0.00741
Training Epoch 28, Batch 200, Loss: 0.00996
Training Epoch 28, Batch 250, Loss: 0.00892
Training Epoch 28, Batch 300, Loss: 0.00865
Training Epoch 28, Batch 350, Loss: 0.00805
Training Epoch 28, Batch 400, Loss: 0.00749
Training Epoch 28, Batch 450, Loss: 0.00729
Training Epoch 28, Batch 500, Loss: 0.00719
Training Epoch 28, Batch 550, Loss: 0.00750
[267 269 271 273 275 277 279 281 283 285 287 289 291 293 295 297]
Clip ../../datasets/UCF101-videos/Videos/GolfSwing/v_GolfSwing_g22_c02.avi Failed
Training Epoch: 28, Loss: 0.007252134290684507
Time taken for Epoch-28 is 1000.9119815826416

Epoch 29 started
Train at epoch 29
Learning rate is: 4.882812504882813e-08
Training Epoch 29, Batch 0, Loss: 0.00119
Training Epoch 29, Batch 50, Loss: 0.00636
Training Epoch 29, Batch 100, Loss: 0.01114
Training Epoch 29, Batch 150, Loss: 0.00980
Training Epoch 29, Batch 200, Loss: 0.01026
Training Epoch 29, Batch 250, Loss: 0.00975
Training Epoch 29, Batch 300, Loss: 0.01009
Training Epoch 29, Batch 350, Loss: 0.00990
Training Epoch 29, Batch 400, Loss: 0.00962
Training Epoch 29, Batch 450, Loss: 0.00978
Training Epoch 29, Batch 500, Loss: 0.00912
Training Epoch 29, Batch 550, Loss: 0.00931
[303 305 307 309 311 313 315 317 319 321 323 325 327 329 331 333]
Clip ../../datasets/UCF101-videos/Videos/GolfSwing/v_GolfSwing_g22_c03.avi Failed
Training Epoch: 29, Loss: 0.01646246385229814
!!!!!!!!!!!!!!!!!!!!!!!!!!!!!!!!!!!!!!!!!
Learning rate dropping to its 2th value to 2.4414062524414065e-08 at epoch 29
!!!!!!!!!!!!!!!!!!!!!!!!!!!!!!!!!!!!!!!!!
Time taken for Epoch-29 is 1001.3474872112274

Epoch 30 started
Train at epoch 30
Learning rate is: 2.4414062524414065e-08
Training Epoch 30, Batch 0, Loss: 0.00108
Training Epoch 30, Batch 50, Loss: 0.00452
Training Epoch 30, Batch 100, Loss: 0.00516
Training Epoch 30, Batch 150, Loss: 0.00617
Training Epoch 30, Batch 200, Loss: 0.00606
Training Epoch 30, Batch 250, Loss: 0.00647
Training Epoch 30, Batch 300, Loss: 0.00607
Training Epoch 30, Batch 350, Loss: 0.00594
Training Epoch 30, Batch 400, Loss: 0.00625
Training Epoch 30, Batch 450, Loss: 0.00650
Training Epoch 30, Batch 500, Loss: 0.00679
Training Epoch 30, Batch 550, Loss: 0.00739
Training Epoch: 30, Loss: 0.007212499986614071
Validation at epoch 30.
Validation Epoch 30, Batch 0 - Loss : 1.8973197937011719
Validation Epoch 30, Batch 50 - Loss : 0.7900723029001087
Validation Epoch 30, Batch 100 - Loss : 0.7527941191421434
Validation Epoch 30, Batch 150 - Loss : 0.7684943304082613
Validation Epoch 30, Batch 200 - Loss : 0.7775249079481434
Total video count: 3783
Epoch 30, * Video Acc@1 82.068 Video Acc@5 94.752, Loss: 0.7544375363391537
++++++++++++++++++++++++++++++
Epoch 30 is the best model till now for mae_ucf101!
++++++++++++++++++++++++++++++
Time taken for Epoch-30 is 1154.9766113758087

Epoch 31 started
Train at epoch 31
Learning rate is: 2.4414062524414065e-08
Training Epoch 31, Batch 0, Loss: 0.00113
Training Epoch 31, Batch 50, Loss: 0.00550
Training Epoch 31, Batch 100, Loss: 0.00612
Training Epoch 31, Batch 150, Loss: 0.00563
Training Epoch 31, Batch 200, Loss: 0.00499
Training Epoch 31, Batch 250, Loss: 0.00674
Training Epoch 31, Batch 300, Loss: 0.00708
Training Epoch 31, Batch 350, Loss: 0.00871
Training Epoch 31, Batch 400, Loss: 0.00807
Training Epoch 31, Batch 450, Loss: 0.00816
Training Epoch 31, Batch 500, Loss: 0.00790
Training Epoch 31, Batch 550, Loss: 0.00806
Clip ../../datasets/UCF101-videos/Videos/TennisSwing/v_TennisSwing_g16_c05.avi is missing 1 frames.
Clip ../../datasets/UCF101-videos/Videos/Basketball/v_Basketball_g16_c02.avi is missing 5 frames.
Training Epoch: 31, Loss: 0.008020612294493178
!!!!!!!!!!!!!!!!!!!!!!!!!!!!!!!!!!!!!!!!!
Learning rate dropping to its 2th value to 1.2207031262207032e-08 at epoch 31
!!!!!!!!!!!!!!!!!!!!!!!!!!!!!!!!!!!!!!!!!
Time taken for Epoch-31 is 1001.9018747806549

Epoch 32 started
Train at epoch 32
Learning rate is: 1.2207031262207032e-08
Training Epoch 32, Batch 0, Loss: 0.00147
Training Epoch 32, Batch 50, Loss: 0.00797
Training Epoch 32, Batch 100, Loss: 0.00912
Training Epoch 32, Batch 150, Loss: 0.00744
Training Epoch 32, Batch 200, Loss: 0.00879
Training Epoch 32, Batch 250, Loss: 0.00775
Training Epoch 32, Batch 300, Loss: 0.00702
Training Epoch 32, Batch 350, Loss: 0.00683
Training Epoch 32, Batch 400, Loss: 0.00794
Training Epoch 32, Batch 450, Loss: 0.00814
Training Epoch 32, Batch 500, Loss: 0.00867
Training Epoch 32, Batch 550, Loss: 0.00927
[437 439 441 443 445 447 449 451 453 455 457 459 461 463 465 467]
Clip ../../datasets/UCF101-videos/Videos/Basketball/v_Basketball_g16_c05.avi Failed
Clip ../../datasets/UCF101-videos/Videos/JugglingBalls/v_JugglingBalls_g18_c02.avi is missing 2 frames.
Clip ../../datasets/UCF101-videos/Videos/WalkingWithDog/v_WalkingWithDog_g13_c05.avi is missing 1 frames.
[234 236 238 240 242 244 246 248 250 252 254 256 258 260 262 264]
Clip ../../datasets/UCF101-videos/Videos/GolfSwing/v_GolfSwing_g22_c01.avi Failed
Training Epoch: 32, Loss: 0.008869129262312349
!!!!!!!!!!!!!!!!!!!!!!!!!!!!!!!!!!!!!!!!!
Learning rate dropping to its 2th value to 6.103515631103516e-09 at epoch 32
!!!!!!!!!!!!!!!!!!!!!!!!!!!!!!!!!!!!!!!!!
Time taken for Epoch-32 is 1002.3252599239349

Epoch 33 started
Train at epoch 33
Learning rate is: 6.103515631103516e-09
Training Epoch 33, Batch 0, Loss: 0.00387
Training Epoch 33, Batch 50, Loss: 0.01070
Training Epoch 33, Batch 100, Loss: 0.01024
Training Epoch 33, Batch 150, Loss: 0.00961
Training Epoch 33, Batch 200, Loss: 0.01190
Training Epoch 33, Batch 250, Loss: 0.01120
Training Epoch 33, Batch 300, Loss: 0.01172
Training Epoch 33, Batch 350, Loss: 0.01266
Training Epoch 33, Batch 400, Loss: 0.01253
Training Epoch 33, Batch 450, Loss: 0.01255
Training Epoch 33, Batch 500, Loss: 0.01230
Training Epoch 33, Batch 550, Loss: 0.01154
Clip ../../datasets/UCF101-videos/Videos/SoccerJuggling/v_SoccerJuggling_g16_c04.avi is missing 1 frames.
Training Epoch: 33, Loss: 0.01199232005711935
!!!!!!!!!!!!!!!!!!!!!!!!!!!!!!!!!!!!!!!!!
Learning rate dropping to its 2th value to 3.051757815551758e-09 at epoch 33
!!!!!!!!!!!!!!!!!!!!!!!!!!!!!!!!!!!!!!!!!
Time taken for Epoch-33 is 989.7970154285431

Epoch 34 started
Train at epoch 34
Learning rate is: 3.051757815551758e-09
Training Epoch 34, Batch 0, Loss: 0.00124
Training Epoch 34, Batch 50, Loss: 0.00754
Training Epoch 34, Batch 100, Loss: 0.00900
Training Epoch 34, Batch 150, Loss: 0.00732
Training Epoch 34, Batch 200, Loss: 0.00739
Training Epoch 34, Batch 250, Loss: 0.00825
Training Epoch 34, Batch 300, Loss: 0.00812
Training Epoch 34, Batch 350, Loss: 0.00787
Training Epoch 34, Batch 400, Loss: 0.00755
Training Epoch 34, Batch 450, Loss: 0.00795
Training Epoch 34, Batch 500, Loss: 0.00838
Training Epoch 34, Batch 550, Loss: 0.00800
Clip ../../datasets/UCF101-videos/Videos/TennisSwing/v_TennisSwing_g16_c01.avi is missing 1 frames.
Training Epoch: 34, Loss: 0.007943112785745431
!!!!!!!!!!!!!!!!!!!!!!!!!!!!!!!!!!!!!!!!!
Learning rate dropping to its 2th value to 1.525878907775879e-09 at epoch 34
!!!!!!!!!!!!!!!!!!!!!!!!!!!!!!!!!!!!!!!!!
Time taken for Epoch-34 is 981.8468546867371

Epoch 35 started
Train at epoch 35
Learning rate is: 1.525878907775879e-09
Training Epoch 35, Batch 0, Loss: 0.00190
Training Epoch 35, Batch 50, Loss: 0.00894
Training Epoch 35, Batch 100, Loss: 0.00853
Training Epoch 35, Batch 150, Loss: 0.00940
Training Epoch 35, Batch 200, Loss: 0.00937
Training Epoch 35, Batch 250, Loss: 0.00920
Training Epoch 35, Batch 300, Loss: 0.00927
Training Epoch 35, Batch 350, Loss: 0.00872
Training Epoch 35, Batch 400, Loss: 0.00814
Training Epoch 35, Batch 450, Loss: 0.00845
Training Epoch 35, Batch 500, Loss: 0.00907
Training Epoch 35, Batch 550, Loss: 0.00897
Clip ../../datasets/UCF101-videos/Videos/GolfSwing/v_GolfSwing_g22_c03.avi is missing 4 frames.
Training Epoch: 35, Loss: 0.009902185009296365
!!!!!!!!!!!!!!!!!!!!!!!!!!!!!!!!!!!!!!!!!
Learning rate dropping to its 2th value to 7.629394538879395e-10 at epoch 35
!!!!!!!!!!!!!!!!!!!!!!!!!!!!!!!!!!!!!!!!!
Validation at epoch 35.
Validation Epoch 35, Batch 0 - Loss : 0.1692708134651184
Validation Epoch 35, Batch 50 - Loss : 0.7871879417010966
Validation Epoch 35, Batch 100 - Loss : 0.7464830878900715
Validation Epoch 35, Batch 150 - Loss : 0.7436965625141038
Validation Epoch 35, Batch 200 - Loss : 0.7522814685979219
Total video count: 3783
Epoch 35, * Video Acc@1 81.962 Video Acc@5 94.752, Loss: 0.754402538969767
Time taken for Epoch-35 is 1153.5970385074615

Epoch 36 started
Train at epoch 36
Learning rate is: 7.629394538879395e-10
Training Epoch 36, Batch 0, Loss: 0.00230
Training Epoch 36, Batch 50, Loss: 0.00658
Training Epoch 36, Batch 100, Loss: 0.00502
Training Epoch 36, Batch 150, Loss: 0.00676
Training Epoch 36, Batch 200, Loss: 0.00804
Training Epoch 36, Batch 250, Loss: 0.00936
Training Epoch 36, Batch 300, Loss: 0.01101
Training Epoch 36, Batch 350, Loss: 0.01020
Training Epoch 36, Batch 400, Loss: 0.00991
Training Epoch 36, Batch 450, Loss: 0.00917
Training Epoch 36, Batch 500, Loss: 0.00899
Training Epoch 36, Batch 550, Loss: 0.00858
Clip ../../datasets/UCF101-videos/Videos/Basketball/v_Basketball_g16_c05.avi is missing 7 frames.
Training Epoch: 36, Loss: 0.008591820715308045
!!!!!!!!!!!!!!!!!!!!!!!!!!!!!!!!!!!!!!!!!
Learning rate dropping to its 2th value to 3.8146972694396976e-10 at epoch 36
!!!!!!!!!!!!!!!!!!!!!!!!!!!!!!!!!!!!!!!!!
Time taken for Epoch-36 is 987.1265244483948

Epoch 37 started
Train at epoch 37
Learning rate is: 3.8146972694396976e-10
Training Epoch 37, Batch 0, Loss: 0.00102
Training Epoch 37, Batch 50, Loss: 0.00829
Training Epoch 37, Batch 100, Loss: 0.00740
Training Epoch 37, Batch 150, Loss: 0.00678
Training Epoch 37, Batch 200, Loss: 0.00682
Training Epoch 37, Batch 250, Loss: 0.00663
Training Epoch 37, Batch 300, Loss: 0.00651
Training Epoch 37, Batch 350, Loss: 0.00743
Training Epoch 37, Batch 400, Loss: 0.00743
Training Epoch 37, Batch 450, Loss: 0.00736
Training Epoch 37, Batch 500, Loss: 0.00780
Training Epoch 37, Batch 550, Loss: 0.00786
Clip ../../datasets/UCF101-videos/Videos/VolleyballSpiking/v_VolleyballSpiking_g23_c03.avi is missing 1 frames.
Clip ../../datasets/UCF101-videos/Videos/Basketball/v_Basketball_g18_c03.avi is missing 2 frames.
[475 477 479 481 483 485 487 489 491 493 495 497 499 501 503 505]
Clip ../../datasets/UCF101-videos/Videos/Basketball/v_Basketball_g16_c01.avi Failed
Training Epoch: 37, Loss: 0.007879752070323987
!!!!!!!!!!!!!!!!!!!!!!!!!!!!!!!!!!!!!!!!!
Learning rate dropping to its 2th value to 1.9073486347198488e-10 at epoch 37
!!!!!!!!!!!!!!!!!!!!!!!!!!!!!!!!!!!!!!!!!
Time taken for Epoch-37 is 1000.4074404239655

Epoch 38 started
Train at epoch 38
Learning rate is: 1.9073486347198488e-10
Training Epoch 38, Batch 0, Loss: 0.00133
Training Epoch 38, Batch 50, Loss: 0.01353
Training Epoch 38, Batch 100, Loss: 0.01039
Training Epoch 38, Batch 150, Loss: 0.01188
Training Epoch 38, Batch 200, Loss: 0.01085
Training Epoch 38, Batch 250, Loss: 0.01027
Training Epoch 38, Batch 300, Loss: 0.00943
Training Epoch 38, Batch 350, Loss: 0.00882
Training Epoch 38, Batch 400, Loss: 0.00871
Training Epoch 38, Batch 450, Loss: 0.00924
Training Epoch 38, Batch 500, Loss: 0.00936
Training Epoch 38, Batch 550, Loss: 0.00963
Training Epoch: 38, Loss: 0.00948420606705265
!!!!!!!!!!!!!!!!!!!!!!!!!!!!!!!!!!!!!!!!!
Learning rate dropping to its 2th value to 9.536743173599244e-11 at epoch 38
!!!!!!!!!!!!!!!!!!!!!!!!!!!!!!!!!!!!!!!!!
Time taken for Epoch-38 is 998.301326751709

Epoch 39 started
Train at epoch 39
Learning rate is: 9.536743173599244e-11
Training Epoch 39, Batch 0, Loss: 0.00406
Training Epoch 39, Batch 50, Loss: 0.00853
Training Epoch 39, Batch 100, Loss: 0.00742
Training Epoch 39, Batch 150, Loss: 0.00767
Training Epoch 39, Batch 200, Loss: 0.00667
Training Epoch 39, Batch 250, Loss: 0.00656
Training Epoch 39, Batch 300, Loss: 0.00658
Training Epoch 39, Batch 350, Loss: 0.00640
Training Epoch 39, Batch 400, Loss: 0.00735
Training Epoch 39, Batch 450, Loss: 0.00714
Training Epoch 39, Batch 500, Loss: 0.00690
Training Epoch 39, Batch 550, Loss: 0.00703
Clip ../../datasets/UCF101-videos/Videos/TennisSwing/v_TennisSwing_g24_c04.avi is missing 1 frames.
Clip ../../datasets/UCF101-videos/Videos/JugglingBalls/v_JugglingBalls_g18_c04.avi is missing 2 frames.
Training Epoch: 39, Loss: 0.007127474790959271
Time taken for Epoch-39 is 982.8222913742065

Epoch 40 started
Train at epoch 40
Learning rate is: 9.536743173599244e-11
Training Epoch 40, Batch 0, Loss: 0.00202
Training Epoch 40, Batch 50, Loss: 0.00410
Training Epoch 40, Batch 100, Loss: 0.00757
Training Epoch 40, Batch 150, Loss: 0.00762
Training Epoch 40, Batch 200, Loss: 0.00796
Training Epoch 40, Batch 250, Loss: 0.00831
Training Epoch 40, Batch 300, Loss: 0.00789
Training Epoch 40, Batch 350, Loss: 0.00748
Training Epoch 40, Batch 400, Loss: 0.00732
Training Epoch 40, Batch 450, Loss: 0.00700
Training Epoch 40, Batch 500, Loss: 0.00698
Training Epoch 40, Batch 550, Loss: 0.00737
Training Epoch: 40, Loss: 0.007230517896170333
!!!!!!!!!!!!!!!!!!!!!!!!!!!!!!!!!!!!!!!!!
Learning rate dropping to its 2th value to 4.768371586799622e-11 at epoch 40
!!!!!!!!!!!!!!!!!!!!!!!!!!!!!!!!!!!!!!!!!
Validation at epoch 40.
Validation Epoch 40, Batch 0 - Loss : 0.2055547833442688
Validation Epoch 40, Batch 50 - Loss : 0.7983007615103441
Validation Epoch 40, Batch 100 - Loss : 0.7678654524359373
Validation Epoch 40, Batch 150 - Loss : 0.7808346022043796
Validation Epoch 40, Batch 200 - Loss : 0.7661205773329853
Total video count: 3783
Epoch 40, * Video Acc@1 81.962 Video Acc@5 94.752, Loss: 0.7555466759832034
Time taken for Epoch-40 is 1151.0164105892181

Epoch 41 started
Train at epoch 41
Learning rate is: 4.768371586799622e-11
Training Epoch 41, Batch 0, Loss: 0.00148
Training Epoch 41, Batch 50, Loss: 0.00632
Training Epoch 41, Batch 100, Loss: 0.00644
Training Epoch 41, Batch 150, Loss: 0.00689
Training Epoch 41, Batch 200, Loss: 0.00987
Training Epoch 41, Batch 250, Loss: 0.00969
Training Epoch 41, Batch 300, Loss: 0.00887
Training Epoch 41, Batch 350, Loss: 0.00831
Training Epoch 41, Batch 400, Loss: 0.00875
Training Epoch 41, Batch 450, Loss: 0.00851
Training Epoch 41, Batch 500, Loss: 0.00877
Training Epoch 41, Batch 550, Loss: 0.00878
Clip ../../datasets/UCF101-videos/Videos/SoccerJuggling/v_SoccerJuggling_g21_c04.avi is missing 1 frames.
Training Epoch: 41, Loss: 0.00904275692242371
!!!!!!!!!!!!!!!!!!!!!!!!!!!!!!!!!!!!!!!!!
Learning rate dropping to its 2th value to 2.384185793399811e-11 at epoch 41
!!!!!!!!!!!!!!!!!!!!!!!!!!!!!!!!!!!!!!!!!
Validation at epoch 41.
Validation Epoch 41, Batch 0 - Loss : 0.5751330852508545
Validation Epoch 41, Batch 50 - Loss : 0.7147103698522437
Validation Epoch 41, Batch 100 - Loss : 0.7113645296580721
Validation Epoch 41, Batch 150 - Loss : 0.7519734554140773
Validation Epoch 41, Batch 200 - Loss : 0.7658537705961744
Total video count: 3783
Epoch 41, * Video Acc@1 81.962 Video Acc@5 94.752, Loss: 0.7561180508903813
Time taken for Epoch-41 is 1135.4574716091156

Epoch 42 started
Train at epoch 42
Learning rate is: 2.384185793399811e-11
Training Epoch 42, Batch 0, Loss: 0.00152
Training Epoch 42, Batch 50, Loss: 0.01773
Training Epoch 42, Batch 100, Loss: 0.01315
Training Epoch 42, Batch 150, Loss: 0.01054
Training Epoch 42, Batch 200, Loss: 0.00955
Training Epoch 42, Batch 250, Loss: 0.00990
Training Epoch 42, Batch 300, Loss: 0.00955
Training Epoch 42, Batch 350, Loss: 0.01071
Training Epoch 42, Batch 400, Loss: 0.01027
Training Epoch 42, Batch 450, Loss: 0.01017
Training Epoch 42, Batch 500, Loss: 0.00971
Training Epoch 42, Batch 550, Loss: 0.00942
Clip ../../datasets/UCF101-videos/Videos/Basketball/v_Basketball_g16_c05.avi is missing 7 frames.
Clip ../../datasets/UCF101-videos/Videos/TennisSwing/v_TennisSwing_g16_c06.avi is missing 3 frames.
[295 297 299 301 303 305 307 309 311 313 315 317 319 321 323 325]
Clip ../../datasets/UCF101-videos/Videos/GolfSwing/v_GolfSwing_g22_c03.avi Failed
Training Epoch: 42, Loss: 0.008984334711874625
!!!!!!!!!!!!!!!!!!!!!!!!!!!!!!!!!!!!!!!!!
Learning rate dropping to its 2th value to 1.1920928966999055e-11 at epoch 42
!!!!!!!!!!!!!!!!!!!!!!!!!!!!!!!!!!!!!!!!!
Validation at epoch 42.
Validation Epoch 42, Batch 0 - Loss : 0.29663893580436707
Validation Epoch 42, Batch 50 - Loss : 0.7418242296313539
Validation Epoch 42, Batch 100 - Loss : 0.7786703228876732
Validation Epoch 42, Batch 150 - Loss : 0.7742651915979504
Validation Epoch 42, Batch 200 - Loss : 0.7690172582327282
Total video count: 3783
Epoch 42, * Video Acc@1 81.962 Video Acc@5 94.752, Loss: 0.7527626372808944
Time taken for Epoch-42 is 1136.6685559749603

Epoch 43 started
Train at epoch 43
Learning rate is: 1.1920928966999055e-11
Training Epoch 43, Batch 0, Loss: 0.00146
Training Epoch 43, Batch 50, Loss: 0.00756
Training Epoch 43, Batch 100, Loss: 0.00742
Training Epoch 43, Batch 150, Loss: 0.00743
Training Epoch 43, Batch 200, Loss: 0.00890
Training Epoch 43, Batch 250, Loss: 0.00909
Training Epoch 43, Batch 300, Loss: 0.00887
Training Epoch 43, Batch 350, Loss: 0.00856
Training Epoch 43, Batch 400, Loss: 0.00807
Training Epoch 43, Batch 450, Loss: 0.00767
Training Epoch 43, Batch 500, Loss: 0.00850
Training Epoch 43, Batch 550, Loss: 0.00831
Clip ../../datasets/UCF101-videos/Videos/TennisSwing/v_TennisSwing_g16_c06.avi is missing 2 frames.
Training Epoch: 43, Loss: 0.00832547915686418
!!!!!!!!!!!!!!!!!!!!!!!!!!!!!!!!!!!!!!!!!
Learning rate dropping to its 2th value to 5.9604644834995276e-12 at epoch 43
!!!!!!!!!!!!!!!!!!!!!!!!!!!!!!!!!!!!!!!!!
Validation at epoch 43.
Validation Epoch 43, Batch 0 - Loss : 0.8027716875076294
Validation Epoch 43, Batch 50 - Loss : 0.8464892986504471
Validation Epoch 43, Batch 100 - Loss : 0.7921605864447532
Validation Epoch 43, Batch 150 - Loss : 0.7749806225349177
Validation Epoch 43, Batch 200 - Loss : 0.7538357483621557
Total video count: 3783
Epoch 43, * Video Acc@1 81.962 Video Acc@5 94.752, Loss: 0.7589440166415796
Time taken for Epoch-43 is 1148.0302565097809

Epoch 44 started
Train at epoch 44
Learning rate is: 5.9604644834995276e-12
Training Epoch 44, Batch 0, Loss: 0.00175
Training Epoch 44, Batch 50, Loss: 0.00589
Training Epoch 44, Batch 100, Loss: 0.00919
Training Epoch 44, Batch 150, Loss: 0.00792
Training Epoch 44, Batch 200, Loss: 0.01037
Training Epoch 44, Batch 250, Loss: 0.00964
Training Epoch 44, Batch 300, Loss: 0.00902
Training Epoch 44, Batch 350, Loss: 0.00898
Training Epoch 44, Batch 400, Loss: 0.00908
Training Epoch 44, Batch 450, Loss: 0.00911
Training Epoch 44, Batch 500, Loss: 0.00854
Training Epoch 44, Batch 550, Loss: 0.00934
[286 288 290 292 294 296 298 300 302 304 306 308 310 312 314 316]
Clip ../../datasets/UCF101-videos/Videos/GolfSwing/v_GolfSwing_g22_c03.avi Failed
[481 483 485 487 489 491 493 495 497 499 501 503 505 507 509 511]
Clip ../../datasets/UCF101-videos/Videos/Basketball/v_Basketball_g16_c01.avi Failed
Clip ../../datasets/UCF101-videos/Videos/JugglingBalls/v_JugglingBalls_g18_c04.avi is missing 2 frames.
Training Epoch: 44, Loss: 0.00910289421165908
!!!!!!!!!!!!!!!!!!!!!!!!!!!!!!!!!!!!!!!!!
Learning rate dropping to its 2th value to 2.9802322417497638e-12 at epoch 44
!!!!!!!!!!!!!!!!!!!!!!!!!!!!!!!!!!!!!!!!!
Validation at epoch 44.
Validation Epoch 44, Batch 0 - Loss : 1.1878389120101929
Validation Epoch 44, Batch 50 - Loss : 0.7261973431187809
Validation Epoch 44, Batch 100 - Loss : 0.7210950079180374
Validation Epoch 44, Batch 150 - Loss : 0.737694392171966
Validation Epoch 44, Batch 200 - Loss : 0.7461374031231549
Total video count: 3783
Epoch 44, * Video Acc@1 81.962 Video Acc@5 94.752, Loss: 0.7541948603308968
Time taken for Epoch-44 is 1154.131056547165

Epoch 45 started
Train at epoch 45
Learning rate is: 2.9802322417497638e-12
Training Epoch 45, Batch 0, Loss: 0.00207
Training Epoch 45, Batch 50, Loss: 0.01254
Training Epoch 45, Batch 100, Loss: 0.01073
Training Epoch 45, Batch 150, Loss: 0.00857
Training Epoch 45, Batch 200, Loss: 0.00896
Training Epoch 45, Batch 250, Loss: 0.00924
Training Epoch 45, Batch 300, Loss: 0.00907
Training Epoch 45, Batch 350, Loss: 0.00821
Training Epoch 45, Batch 400, Loss: 0.00789
Training Epoch 45, Batch 450, Loss: 0.00772
Training Epoch 45, Batch 500, Loss: 0.00812
Training Epoch 45, Batch 550, Loss: 0.00826
Clip ../../datasets/UCF101-videos/Videos/SoccerJuggling/v_SoccerJuggling_g16_c02.avi is missing 1 frames.
Clip ../../datasets/UCF101-videos/Videos/GolfSwing/v_GolfSwing_g22_c03.avi is missing 2 frames.
Training Epoch: 45, Loss: 0.009244522401576291
!!!!!!!!!!!!!!!!!!!!!!!!!!!!!!!!!!!!!!!!!
Learning rate dropping to its 2th value to 1.4901161208748819e-12 at epoch 45
!!!!!!!!!!!!!!!!!!!!!!!!!!!!!!!!!!!!!!!!!
Validation at epoch 45.
Validation Epoch 45, Batch 0 - Loss : 0.3136529326438904
Validation Epoch 45, Batch 50 - Loss : 0.8227176906577512
Validation Epoch 45, Batch 100 - Loss : 0.8147603477360589
Validation Epoch 45, Batch 150 - Loss : 0.7731497133064349
Validation Epoch 45, Batch 200 - Loss : 0.7548212070777938
Total video count: 3783
Epoch 45, * Video Acc@1 81.962 Video Acc@5 94.752, Loss: 0.7548329490099401
Time taken for Epoch-45 is 1152.2213261127472

Epoch 46 started
Train at epoch 46
Learning rate is: 1.4901161208748819e-12
Training Epoch 46, Batch 0, Loss: 0.00319
Training Epoch 46, Batch 50, Loss: 0.00865
Training Epoch 46, Batch 100, Loss: 0.01118
Training Epoch 46, Batch 150, Loss: 0.01339
Training Epoch 46, Batch 200, Loss: 0.01135
Training Epoch 46, Batch 250, Loss: 0.01105
Training Epoch 46, Batch 300, Loss: 0.01015
Training Epoch 46, Batch 350, Loss: 0.00961
Training Epoch 46, Batch 400, Loss: 0.01103
Training Epoch 46, Batch 450, Loss: 0.01049
Training Epoch 46, Batch 500, Loss: 0.01072
Training Epoch 46, Batch 550, Loss: 0.01062
[309 311 313 315 317 319 321 323 325 327 329 331 333 335 337 339]
Clip ../../datasets/UCF101-videos/Videos/Basketball/v_Basketball_g16_c06.avi Failed
Clip ../../datasets/UCF101-videos/Videos/Basketball/v_Basketball_g16_c02.avi is missing 6 frames.
[490 492 494 496 498 500 502 504 506 508 510 512 514 516 518 520]
Clip ../../datasets/UCF101-videos/Videos/Basketball/v_Basketball_g16_c01.avi Failed
Clip ../../datasets/UCF101-videos/Videos/Basketball/v_Basketball_g13_c02.avi is missing 1 frames.
Clip ../../datasets/UCF101-videos/Videos/TennisSwing/v_TennisSwing_g16_c06.avi is missing 2 frames.
Training Epoch: 46, Loss: 0.010811303333606309
!!!!!!!!!!!!!!!!!!!!!!!!!!!!!!!!!!!!!!!!!
Learning rate dropping to its 2th value to 7.450580604374409e-13 at epoch 46
!!!!!!!!!!!!!!!!!!!!!!!!!!!!!!!!!!!!!!!!!
Validation at epoch 46.
Validation Epoch 46, Batch 0 - Loss : 0.12308908998966217
Validation Epoch 46, Batch 50 - Loss : 0.7546038125075546
Validation Epoch 46, Batch 100 - Loss : 0.741542753855707
Validation Epoch 46, Batch 150 - Loss : 0.7446518515773266
Validation Epoch 46, Batch 200 - Loss : 0.7581189180311946
Total video count: 3783
Epoch 46, * Video Acc@1 81.962 Video Acc@5 94.752, Loss: 0.7556059737788033
Time taken for Epoch-46 is 1133.5179419517517

Learning rate is very low now, stopping the training.

real	801m29.921s
user	2223m0.211s
sys	631m41.699s
