CUDA_VISIBLE_DEVICES=0
Fri Dec  2 10:25:37 2022       
+-----------------------------------------------------------------------------+
| NVIDIA-SMI 520.61.05    Driver Version: 520.61.05    CUDA Version: 11.8     |
|-------------------------------+----------------------+----------------------+
| GPU  Name        Persistence-M| Bus-Id        Disp.A | Volatile Uncorr. ECC |
| Fan  Temp  Perf  Pwr:Usage/Cap|         Memory-Usage | GPU-Util  Compute M. |
|                               |                      |               MIG M. |
|===============================+======================+======================|
|   0  NVIDIA RTX A6000    On   | 00000000:18:00.0 Off |                  Off |
| 30%   46C    P8    23W / 300W |      1MiB / 49140MiB |      0%      Default |
|                               |                      |                  N/A |
+-------------------------------+----------------------+----------------------+
                                                                               
+-----------------------------------------------------------------------------+
| Processes:                                                                  |
|  GPU   GI   CI        PID   Type   Process name                  GPU Memory |
|        ID   ID                                                   Usage      |
|=============================================================================|
|  No running processes found                                                 |
+-----------------------------------------------------------------------------+
Run ID: r3dv1
Architecture: r3d
np : <module 'numpy' from '/home/joefio/.conda/envs/spad/lib/python3.10/site-packages/numpy/__init__.py'>
num_classes : 102
num_frames : 16
fix_skip : 2
num_modes : 5
num_skips : 1
data_percentage : 1.0
batch_size : 16
v_batch_size : 16
learning_rate : 0.0001
num_workers : 4
num_epochs : 100
warmup_array : [0.010000001, 0.25750000100000003, 0.505000001, 0.7525000009999999, 1.000000001]
warmup : 5
scheduled_drop : 2
lr_patience : 0
patch_size : 16
hflip : [0]
cropping_facs : [0.8]
RGB : True
normalize : False
reso_h : 112
reso_w : 112
ori_reso_h : 240
ori_reso_w : 320
min_crop_factor_training : 0.6
wandb : False
ft_model freshly initialized! Pretrained: True
Only 1 GPU is available
Train dataset length: 9537
Train dataset steps per epoch: 596.0625
Validation dataset length: 3783
Validation dataset steps per epoch: 236.4375
Num skips [1]
Base learning rate 0.0001
Scheduler patient 0
Scheduler drop 2
Epoch 1 started
Train at epoch 1
Learning rate is: 2.5750000100000004e-05
Training Epoch 1, Batch 0, Loss: 4.86688
Training Epoch 1, Batch 50, Loss: 4.59603
Training Epoch 1, Batch 100, Loss: 4.47401
Training Epoch 1, Batch 150, Loss: 4.34287
Training Epoch 1, Batch 200, Loss: 4.21128
Training Epoch 1, Batch 250, Loss: 4.07519
Training Epoch 1, Batch 300, Loss: 3.94497
Training Epoch 1, Batch 350, Loss: 3.82137
Training Epoch 1, Batch 400, Loss: 3.70370
Training Epoch 1, Batch 450, Loss: 3.60166
Training Epoch 1, Batch 500, Loss: 3.50196
Training Epoch 1, Batch 550, Loss: 3.40685
Clip ../../datasets/UCF101-videos/Videos/TennisSwing/v_TennisSwing_g16_c02.avi is missing 1 frames.
[311 313 315 317 319 321 323 325 327 329 331 333 335 337 339 341]
Clip ../../datasets/UCF101-videos/Videos/GolfSwing/v_GolfSwing_g22_c03.avi Failed
[230 232 234 236 238 240 242 244 246 248 250 252 254 256 258 260]
Clip ../../datasets/UCF101-videos/Videos/GolfSwing/v_GolfSwing_g22_c02.avi Failed
[465 467 469 471 473 475 477 479 481 483 485 487 489 491 493 495]
Clip ../../datasets/UCF101-videos/Videos/PoleVault/v_PoleVault_g14_c04.avi Failed
Training Epoch: 1, Loss: 3.327996742984957
Validation at epoch 1.
Validation Epoch 1, Batch 0 - Loss : 2.092481851577759
Validation Epoch 1, Batch 50 - Loss : 1.8829917837591732
Validation Epoch 1, Batch 100 - Loss : 1.8844730016028528
Validation Epoch 1, Batch 150 - Loss : 1.8817137100838668
Validation Epoch 1, Batch 200 - Loss : 1.872774780093141
Total video count: 3783
Epoch 1, * Video Acc@1 65.823 Video Acc@5 88.819, Loss: 1.8630520804521906
++++++++++++++++++++++++++++++
Epoch 1 is the best model till now for r3dv1!
++++++++++++++++++++++++++++++
Time taken for Epoch-1 is 470.3299889564514

Epoch 2 started
Train at epoch 2
Learning rate is: 5.05000001e-05
Training Epoch 2, Batch 0, Loss: 2.60617
Training Epoch 2, Batch 50, Loss: 2.07675
Training Epoch 2, Batch 100, Loss: 1.98392
Training Epoch 2, Batch 150, Loss: 1.88192
Training Epoch 2, Batch 200, Loss: 1.82958
Training Epoch 2, Batch 250, Loss: 1.75634
Training Epoch 2, Batch 300, Loss: 1.68292
Training Epoch 2, Batch 350, Loss: 1.62469
Training Epoch 2, Batch 400, Loss: 1.57224
Training Epoch 2, Batch 450, Loss: 1.52095
Training Epoch 2, Batch 500, Loss: 1.47482
Training Epoch 2, Batch 550, Loss: 1.42742
Training Epoch: 2, Loss: 1.394153298295323
Time taken for Epoch-2 is 297.403439283371

Epoch 3 started
Train at epoch 3
Learning rate is: 7.525000009999999e-05
Training Epoch 3, Batch 0, Loss: 0.93002
Training Epoch 3, Batch 50, Loss: 0.76468
Training Epoch 3, Batch 100, Loss: 0.78275
Training Epoch 3, Batch 150, Loss: 0.77066
Training Epoch 3, Batch 200, Loss: 0.75978
Training Epoch 3, Batch 250, Loss: 0.75234
Training Epoch 3, Batch 300, Loss: 0.73095
Training Epoch 3, Batch 350, Loss: 0.71155
Training Epoch 3, Batch 400, Loss: 0.69124
Training Epoch 3, Batch 450, Loss: 0.66955
Training Epoch 3, Batch 500, Loss: 0.65585
Training Epoch 3, Batch 550, Loss: 0.64673
[466 468 470 472 474 476 478 480 482 484 486 488 490 492 494 496]
Clip ../../datasets/UCF101-videos/Videos/PoleVault/v_PoleVault_g14_c04.avi Failed
Training Epoch: 3, Loss: 0.6450913791830216
Validation at epoch 3.
Validation Epoch 3, Batch 0 - Loss : 0.5055270791053772
Validation Epoch 3, Batch 50 - Loss : 0.7177669157584509
Validation Epoch 3, Batch 100 - Loss : 0.7105287632139603
Validation Epoch 3, Batch 150 - Loss : 0.690224487679881
Validation Epoch 3, Batch 200 - Loss : 0.6818149256802614
Total video count: 3783
Epoch 3, * Video Acc@1 82.806 Video Acc@5 96.915, Loss: 0.6712660375306626
++++++++++++++++++++++++++++++
Epoch 3 is the best model till now for r3dv1!
++++++++++++++++++++++++++++++
Time taken for Epoch-3 is 407.89426279067993

Epoch 4 started
Train at epoch 4
Learning rate is: 0.00010000000010000001
Training Epoch 4, Batch 0, Loss: 0.30897
Training Epoch 4, Batch 50, Loss: 0.44730
Training Epoch 4, Batch 100, Loss: 0.46292
Training Epoch 4, Batch 150, Loss: 0.46607
Training Epoch 4, Batch 200, Loss: 0.45866
Training Epoch 4, Batch 250, Loss: 0.45278
Training Epoch 4, Batch 300, Loss: 0.45159
Training Epoch 4, Batch 350, Loss: 0.43951
Training Epoch 4, Batch 400, Loss: 0.42629
Training Epoch 4, Batch 450, Loss: 0.42277
Training Epoch 4, Batch 500, Loss: 0.41719
Training Epoch 4, Batch 550, Loss: 0.41205
Clip ../../datasets/UCF101-videos/Videos/SoccerJuggling/v_SoccerJuggling_g16_c07.avi is missing 1 frames.
Training Epoch: 4, Loss: 0.4126590642472807
Time taken for Epoch-4 is 303.17082691192627

Epoch 5 started
Train at epoch 5
Learning rate is: 0.00010000000010000001
Training Epoch 5, Batch 0, Loss: 0.28964
Training Epoch 5, Batch 50, Loss: 0.31119
Training Epoch 5, Batch 100, Loss: 0.30127
Training Epoch 5, Batch 150, Loss: 0.29650
Training Epoch 5, Batch 200, Loss: 0.28919
Training Epoch 5, Batch 250, Loss: 0.28400
Training Epoch 5, Batch 300, Loss: 0.28627
Training Epoch 5, Batch 350, Loss: 0.28445
Training Epoch 5, Batch 400, Loss: 0.28668
Training Epoch 5, Batch 450, Loss: 0.28727
Training Epoch 5, Batch 500, Loss: 0.28368
Training Epoch 5, Batch 550, Loss: 0.28127
Training Epoch: 5, Loss: 0.2865463808253782
Validation at epoch 5.
Validation Epoch 5, Batch 0 - Loss : 0.6206300258636475
Validation Epoch 5, Batch 50 - Loss : 0.6451512263978229
Validation Epoch 5, Batch 100 - Loss : 0.6598141376334842
Validation Epoch 5, Batch 150 - Loss : 0.6817414380659331
Validation Epoch 5, Batch 200 - Loss : 0.6724189640722464
Total video count: 3783
Epoch 5, * Video Acc@1 82.358 Video Acc@5 96.150, Loss: 0.6821891892119802
Time taken for Epoch-5 is 414.392014503479

Epoch 6 started
Train at epoch 6
Learning rate is: 0.00010000000010000001
Training Epoch 6, Batch 0, Loss: 0.24686
Training Epoch 6, Batch 50, Loss: 0.26613
Training Epoch 6, Batch 100, Loss: 0.24380
Training Epoch 6, Batch 150, Loss: 0.22778
Training Epoch 6, Batch 200, Loss: 0.22939
Training Epoch 6, Batch 250, Loss: 0.22828
Training Epoch 6, Batch 300, Loss: 0.23012
Training Epoch 6, Batch 350, Loss: 0.23091
Training Epoch 6, Batch 400, Loss: 0.22632
Training Epoch 6, Batch 450, Loss: 0.22315
Training Epoch 6, Batch 500, Loss: 0.22335
Training Epoch 6, Batch 550, Loss: 0.22384
Training Epoch: 6, Loss: 0.23107285352682747
Time taken for Epoch-6 is 296.1670513153076

Epoch 7 started
Train at epoch 7
Learning rate is: 0.00010000000010000001
Training Epoch 7, Batch 0, Loss: 0.20624
Training Epoch 7, Batch 50, Loss: 0.15828
Training Epoch 7, Batch 100, Loss: 0.15451
Training Epoch 7, Batch 150, Loss: 0.15776
Training Epoch 7, Batch 200, Loss: 0.16672
Training Epoch 7, Batch 250, Loss: 0.17075
Training Epoch 7, Batch 300, Loss: 0.16832
Training Epoch 7, Batch 350, Loss: 0.17930
Training Epoch 7, Batch 400, Loss: 0.17723
Training Epoch 7, Batch 450, Loss: 0.17693
Training Epoch 7, Batch 500, Loss: 0.18070
Training Epoch 7, Batch 550, Loss: 0.18336
Clip ../../datasets/UCF101-videos/Videos/SoccerJuggling/v_SoccerJuggling_g12_c03.avi is missing 3 frames.
[234 236 238 240 242 244 246 248 250 252 254 256 258 260 262 264]
Clip ../../datasets/UCF101-videos/Videos/GolfSwing/v_GolfSwing_g22_c02.avi Failed
Training Epoch: 7, Loss: 0.19033728329967115
Time taken for Epoch-7 is 297.4067509174347

Epoch 8 started
Train at epoch 8
Learning rate is: 0.00010000000010000001
Training Epoch 8, Batch 0, Loss: 0.08389
Training Epoch 8, Batch 50, Loss: 0.14907
Training Epoch 8, Batch 100, Loss: 0.15281
Training Epoch 8, Batch 150, Loss: 0.15596
Training Epoch 8, Batch 200, Loss: 0.16084
Training Epoch 8, Batch 250, Loss: 0.16026
Training Epoch 8, Batch 300, Loss: 0.15830
Training Epoch 8, Batch 350, Loss: 0.15784
Training Epoch 8, Batch 400, Loss: 0.15633
Training Epoch 8, Batch 450, Loss: 0.15765
Training Epoch 8, Batch 500, Loss: 0.15891
Training Epoch 8, Batch 550, Loss: 0.16004
[287 289 291 293 295 297 299 301 303 305 307 309 311 313 315 317]
Clip ../../datasets/UCF101-videos/Videos/GolfSwing/v_GolfSwing_g22_c03.avi Failed
Clip ../../datasets/UCF101-videos/Videos/PoleVault/v_PoleVault_g14_c04.avi is missing 7 frames.
Training Epoch: 8, Loss: 0.16614081798171254
Time taken for Epoch-8 is 307.10228967666626

Epoch 9 started
Train at epoch 9
Learning rate is: 0.00010000000010000001
Training Epoch 9, Batch 0, Loss: 0.03939
Training Epoch 9, Batch 50, Loss: 0.12150
Training Epoch 9, Batch 100, Loss: 0.14134
Training Epoch 9, Batch 150, Loss: 0.13398
Training Epoch 9, Batch 200, Loss: 0.13967
Training Epoch 9, Batch 250, Loss: 0.14519
Training Epoch 9, Batch 300, Loss: 0.14264
Training Epoch 9, Batch 350, Loss: 0.14154
Training Epoch 9, Batch 400, Loss: 0.14174
Training Epoch 9, Batch 450, Loss: 0.14221
Training Epoch 9, Batch 500, Loss: 0.14302
Training Epoch 9, Batch 550, Loss: 0.14160
Clip ../../datasets/UCF101-videos/Videos/GolfSwing/v_GolfSwing_g24_c07.avi is missing 1 frames.
Clip ../../datasets/UCF101-videos/Videos/GolfSwing/v_GolfSwing_g22_c03.avi is missing 6 frames.
Clip ../../datasets/UCF101-videos/Videos/Basketball/v_Basketball_g13_c03.avi is missing 1 frames.
[252 254 256 258 260 262 264 266 268 270 272 274 276 278 280 282]
Clip ../../datasets/UCF101-videos/Videos/GolfSwing/v_GolfSwing_g22_c02.avi Failed
Training Epoch: 9, Loss: 0.14770059347686232
Time taken for Epoch-9 is 301.3469636440277

Epoch 10 started
Train at epoch 10
Learning rate is: 0.00010000000010000001
Training Epoch 10, Batch 0, Loss: 0.08160
Training Epoch 10, Batch 50, Loss: 0.13053
Training Epoch 10, Batch 100, Loss: 0.12835
Training Epoch 10, Batch 150, Loss: 0.13850
Training Epoch 10, Batch 200, Loss: 0.13724
Training Epoch 10, Batch 250, Loss: 0.13573
Training Epoch 10, Batch 300, Loss: 0.13669
Training Epoch 10, Batch 350, Loss: 0.14608
Training Epoch 10, Batch 400, Loss: 0.14569
Training Epoch 10, Batch 450, Loss: 0.14701
Training Epoch 10, Batch 500, Loss: 0.14937
Training Epoch 10, Batch 550, Loss: 0.14741
[235 237 239 241 243 245 247 249 251 253 255 257 259 261 263 265]
Clip ../../datasets/UCF101-videos/Videos/GolfSwing/v_GolfSwing_g22_c02.avi Failed
Clip ../../datasets/UCF101-videos/Videos/Basketball/v_Basketball_g16_c06.avi is missing 2 frames.
Training Epoch: 10, Loss: 0.15430444809709562
!!!!!!!!!!!!!!!!!!!!!!!!!!!!!!!!!!!!!!!!!
Learning rate dropping to its 2th value to 5.0000000050000005e-05 at epoch 10
!!!!!!!!!!!!!!!!!!!!!!!!!!!!!!!!!!!!!!!!!
Validation at epoch 10.
Validation Epoch 10, Batch 0 - Loss : 0.902381420135498
Validation Epoch 10, Batch 50 - Loss : 0.7919002130043273
Validation Epoch 10, Batch 100 - Loss : 0.7757599778694682
Validation Epoch 10, Batch 150 - Loss : 0.743073485878031
Validation Epoch 10, Batch 200 - Loss : 0.7246718003660144
Total video count: 3783
Epoch 10, * Video Acc@1 80.749 Video Acc@5 95.121, Loss: 0.7342467239590259
Time taken for Epoch-10 is 406.7366931438446

Epoch 11 started
Train at epoch 11
Learning rate is: 5.0000000050000005e-05
Training Epoch 11, Batch 0, Loss: 0.18633
Training Epoch 11, Batch 50, Loss: 0.10810
Training Epoch 11, Batch 100, Loss: 0.11292
Training Epoch 11, Batch 150, Loss: 0.10556
Training Epoch 11, Batch 200, Loss: 0.10125
Training Epoch 11, Batch 250, Loss: 0.09541
Training Epoch 11, Batch 300, Loss: 0.08982
Training Epoch 11, Batch 350, Loss: 0.08714
Training Epoch 11, Batch 400, Loss: 0.08917
Training Epoch 11, Batch 450, Loss: 0.09090
Training Epoch 11, Batch 500, Loss: 0.08917
Training Epoch 11, Batch 550, Loss: 0.08729
Clip ../../datasets/UCF101-videos/Videos/JugglingBalls/v_JugglingBalls_g18_c03.avi is missing 3 frames.
Clip ../../datasets/UCF101-videos/Videos/Basketball/v_Basketball_g16_c04.avi is missing 1 frames.
Training Epoch: 11, Loss: 0.09282377704828229
Time taken for Epoch-11 is 298.66461277008057

Epoch 12 started
Train at epoch 12
Learning rate is: 5.0000000050000005e-05
Training Epoch 12, Batch 0, Loss: 0.02188
Training Epoch 12, Batch 50, Loss: 0.05678
Training Epoch 12, Batch 100, Loss: 0.07288
Training Epoch 12, Batch 150, Loss: 0.07296
Training Epoch 12, Batch 200, Loss: 0.07322
Training Epoch 12, Batch 250, Loss: 0.07215
Training Epoch 12, Batch 300, Loss: 0.07110
Training Epoch 12, Batch 350, Loss: 0.07098
Training Epoch 12, Batch 400, Loss: 0.07133
Training Epoch 12, Batch 450, Loss: 0.07038
Training Epoch 12, Batch 500, Loss: 0.07001
Training Epoch 12, Batch 550, Loss: 0.06905
Training Epoch: 12, Loss: 0.07742354908503336
Time taken for Epoch-12 is 302.6267273426056

Epoch 13 started
Train at epoch 13
Learning rate is: 5.0000000050000005e-05
Training Epoch 13, Batch 0, Loss: 0.00611
Training Epoch 13, Batch 50, Loss: 0.04071
Training Epoch 13, Batch 100, Loss: 0.05333
Training Epoch 13, Batch 150, Loss: 0.05574
Training Epoch 13, Batch 200, Loss: 0.06020
Training Epoch 13, Batch 250, Loss: 0.05720
Training Epoch 13, Batch 300, Loss: 0.05685
Training Epoch 13, Batch 350, Loss: 0.05784
Training Epoch 13, Batch 400, Loss: 0.05785
Training Epoch 13, Batch 450, Loss: 0.05777
Training Epoch 13, Batch 500, Loss: 0.06013
Training Epoch 13, Batch 550, Loss: 0.06036
Clip ../../datasets/UCF101-videos/Videos/Basketball/v_Basketball_g16_c05.avi is missing 5 frames.
[245 247 249 251 253 255 257 259 261 263 265 267 269 271 273 275]
Clip ../../datasets/UCF101-videos/Videos/GolfSwing/v_GolfSwing_g22_c01.avi Failed
Training Epoch: 13, Loss: 0.06561672758218214
Time taken for Epoch-13 is 341.6333575248718

Epoch 14 started
Train at epoch 14
Learning rate is: 5.0000000050000005e-05
Training Epoch 14, Batch 0, Loss: 0.00322
Training Epoch 14, Batch 50, Loss: 0.04102
Training Epoch 14, Batch 100, Loss: 0.03859
Training Epoch 14, Batch 150, Loss: 0.04241
Training Epoch 14, Batch 200, Loss: 0.04753
Training Epoch 14, Batch 250, Loss: 0.04569
Training Epoch 14, Batch 300, Loss: 0.04763
Training Epoch 14, Batch 350, Loss: 0.04828
Training Epoch 14, Batch 400, Loss: 0.04895
Training Epoch 14, Batch 450, Loss: 0.04801
Training Epoch 14, Batch 500, Loss: 0.04826
Training Epoch 14, Batch 550, Loss: 0.05003
Clip ../../datasets/UCF101-videos/Videos/Basketball/v_Basketball_g16_c02.avi is missing 5 frames.
[304 306 308 310 312 314 316 318 320 322 324 326 328 330 332 334]
Clip ../../datasets/UCF101-videos/Videos/Basketball/v_Basketball_g16_c06.avi Failed
Clip ../../datasets/UCF101-videos/Videos/JugglingBalls/v_JugglingBalls_g18_c02.avi is missing 2 frames.
[275 277 279 281 283 285 287 289 291 293 295 297 299 301 303 305]
Clip ../../datasets/UCF101-videos/Videos/GolfSwing/v_GolfSwing_g22_c03.avi Failed
Training Epoch: 14, Loss: 0.05877129417681096
Time taken for Epoch-14 is 336.70443987846375

Epoch 15 started
Train at epoch 15
Learning rate is: 5.0000000050000005e-05
Training Epoch 15, Batch 0, Loss: 0.22320
Training Epoch 15, Batch 50, Loss: 0.07159
Training Epoch 15, Batch 100, Loss: 0.06654
Training Epoch 15, Batch 150, Loss: 0.06263
Training Epoch 15, Batch 200, Loss: 0.05791
Training Epoch 15, Batch 250, Loss: 0.05697
Training Epoch 15, Batch 300, Loss: 0.05490
Training Epoch 15, Batch 350, Loss: 0.06028
Training Epoch 15, Batch 400, Loss: 0.05958
Training Epoch 15, Batch 450, Loss: 0.05873
Training Epoch 15, Batch 500, Loss: 0.05669
Training Epoch 15, Batch 550, Loss: 0.05697
[263 265 267 269 271 273 275 277 279 281 283 285 287 289 291 293]
Clip ../../datasets/UCF101-videos/Videos/GolfSwing/v_GolfSwing_g22_c02.avi Failed
[293 295 297 299 301 303 305 307 309 311 313 315 317 319 321 323]
Clip ../../datasets/UCF101-videos/Videos/GolfSwing/v_GolfSwing_g22_c03.avi Failed
Training Epoch: 15, Loss: 0.06486891257425324
!!!!!!!!!!!!!!!!!!!!!!!!!!!!!!!!!!!!!!!!!
Learning rate dropping to its 2th value to 2.5000000025000002e-05 at epoch 15
!!!!!!!!!!!!!!!!!!!!!!!!!!!!!!!!!!!!!!!!!
Time taken for Epoch-15 is 349.5622344017029

Epoch 16 started
Train at epoch 16
Learning rate is: 2.5000000025000002e-05
Training Epoch 16, Batch 0, Loss: 0.02200
Training Epoch 16, Batch 50, Loss: 0.03846
Training Epoch 16, Batch 100, Loss: 0.05164
Training Epoch 16, Batch 150, Loss: 0.04795
Training Epoch 16, Batch 200, Loss: 0.04597
Training Epoch 16, Batch 250, Loss: 0.04316
Training Epoch 16, Batch 300, Loss: 0.04139
Training Epoch 16, Batch 350, Loss: 0.04207
Training Epoch 16, Batch 400, Loss: 0.04070
Training Epoch 16, Batch 450, Loss: 0.03981
Training Epoch 16, Batch 500, Loss: 0.04004
Training Epoch 16, Batch 550, Loss: 0.03945
[313 315 317 319 321 323 325 327 329 331 333 335 337 339 341 343]
Clip ../../datasets/UCF101-videos/Videos/GolfSwing/v_GolfSwing_g22_c03.avi Failed
Clip ../../datasets/UCF101-videos/Videos/Basketball/v_Basketball_g16_c01.avi is missing 4 frames.
Training Epoch: 16, Loss: 0.04608663848318141
Time taken for Epoch-16 is 344.63433146476746

Epoch 17 started
Train at epoch 17
Learning rate is: 2.5000000025000002e-05
Training Epoch 17, Batch 0, Loss: 0.00774
Training Epoch 17, Batch 50, Loss: 0.05377
Training Epoch 17, Batch 100, Loss: 0.04590
Training Epoch 17, Batch 150, Loss: 0.04344
Training Epoch 17, Batch 200, Loss: 0.03961
Training Epoch 17, Batch 250, Loss: 0.03896
Training Epoch 17, Batch 300, Loss: 0.03843
Training Epoch 17, Batch 350, Loss: 0.03646
Training Epoch 17, Batch 400, Loss: 0.03816
Training Epoch 17, Batch 450, Loss: 0.03763
Training Epoch 17, Batch 500, Loss: 0.03623
Training Epoch 17, Batch 550, Loss: 0.03663
[237 239 241 243 245 247 249 251 253 255 257 259 261 263 265 267]
Clip ../../datasets/UCF101-videos/Videos/GolfSwing/v_GolfSwing_g22_c01.avi Failed
Clip ../../datasets/UCF101-videos/Videos/Basketball/v_Basketball_g16_c04.avi is missing 1 frames.
[299 301 303 305 307 309 311 313 315 317 319 321 323 325 327 329]
Clip ../../datasets/UCF101-videos/Videos/Basketball/v_Basketball_g16_c06.avi Failed
Clip ../../datasets/UCF101-videos/Videos/TennisSwing/v_TennisSwing_g16_c06.avi is missing 3 frames.
Training Epoch: 17, Loss: 0.04508312281581512
Time taken for Epoch-17 is 347.38536071777344

Epoch 18 started
Train at epoch 18
Learning rate is: 2.5000000025000002e-05
Training Epoch 18, Batch 0, Loss: 0.02379
Training Epoch 18, Batch 50, Loss: 0.02099
Training Epoch 18, Batch 100, Loss: 0.02125
Training Epoch 18, Batch 150, Loss: 0.02322
Training Epoch 18, Batch 200, Loss: 0.02642
Training Epoch 18, Batch 250, Loss: 0.02737
Training Epoch 18, Batch 300, Loss: 0.02842
Training Epoch 18, Batch 350, Loss: 0.03082
Training Epoch 18, Batch 400, Loss: 0.03259
Training Epoch 18, Batch 450, Loss: 0.03296
Training Epoch 18, Batch 500, Loss: 0.03397
Training Epoch 18, Batch 550, Loss: 0.03345
Clip ../../datasets/UCF101-videos/Videos/GolfSwing/v_GolfSwing_g22_c02.avi is missing 6 frames.
Training Epoch: 18, Loss: 0.04100754676297794
Time taken for Epoch-18 is 344.6328749656677

Epoch 19 started
Train at epoch 19
Learning rate is: 2.5000000025000002e-05
Training Epoch 19, Batch 0, Loss: 0.00328
Training Epoch 19, Batch 50, Loss: 0.02744
Training Epoch 19, Batch 100, Loss: 0.02372
Training Epoch 19, Batch 150, Loss: 0.02426
Training Epoch 19, Batch 200, Loss: 0.02277
Training Epoch 19, Batch 250, Loss: 0.02412
Training Epoch 19, Batch 300, Loss: 0.02712
Training Epoch 19, Batch 350, Loss: 0.02780
Training Epoch 19, Batch 400, Loss: 0.02727
Training Epoch 19, Batch 450, Loss: 0.02746
Training Epoch 19, Batch 500, Loss: 0.02695
Training Epoch 19, Batch 550, Loss: 0.02757
[490 492 494 496 498 500 502 504 506 508 510 512 514 516 518 520]
Clip ../../datasets/UCF101-videos/Videos/Basketball/v_Basketball_g16_c01.avi Failed
[468 470 472 474 476 478 480 482 484 486 488 490 492 494 496 498]
Clip ../../datasets/UCF101-videos/Videos/PoleVault/v_PoleVault_g14_c04.avi Failed
Training Epoch: 19, Loss: 0.03544157949437924
Time taken for Epoch-19 is 313.2988758087158

Epoch 20 started
Train at epoch 20
Learning rate is: 2.5000000025000002e-05
Training Epoch 20, Batch 0, Loss: 0.00933
Training Epoch 20, Batch 50, Loss: 0.03723
Training Epoch 20, Batch 100, Loss: 0.03107
Training Epoch 20, Batch 150, Loss: 0.02767
Training Epoch 20, Batch 200, Loss: 0.02757
Training Epoch 20, Batch 250, Loss: 0.02792
Training Epoch 20, Batch 300, Loss: 0.02896
Training Epoch 20, Batch 350, Loss: 0.02833
Training Epoch 20, Batch 400, Loss: 0.02814
Training Epoch 20, Batch 450, Loss: 0.02740
Training Epoch 20, Batch 500, Loss: 0.02784
Training Epoch 20, Batch 550, Loss: 0.02703
[242 244 246 248 250 252 254 256 258 260 262 264 266 268 270 272]
Clip ../../datasets/UCF101-videos/Videos/GolfSwing/v_GolfSwing_g22_c02.avi Failed
Training Epoch: 20, Loss: 0.03406642564908575
Validation at epoch 20.
Validation Epoch 20, Batch 0 - Loss : 0.4759503901004791
Validation Epoch 20, Batch 50 - Loss : 0.5420539166559192
Validation Epoch 20, Batch 100 - Loss : 0.5575889765589249
Validation Epoch 20, Batch 150 - Loss : 0.5935857985785465
Validation Epoch 20, Batch 200 - Loss : 0.5888550910931915
Total video count: 3783
Epoch 20, * Video Acc@1 85.153 Video Acc@5 96.756, Loss: 0.5795552646623382
++++++++++++++++++++++++++++++
Epoch 20 is the best model till now for r3dv1!
++++++++++++++++++++++++++++++
Time taken for Epoch-20 is 410.0580463409424

Epoch 21 started
Train at epoch 21
Learning rate is: 2.5000000025000002e-05
Training Epoch 21, Batch 0, Loss: 0.02207
Training Epoch 21, Batch 50, Loss: 0.04012
Training Epoch 21, Batch 100, Loss: 0.03466
Training Epoch 21, Batch 150, Loss: 0.03157
Training Epoch 21, Batch 200, Loss: 0.03175
Training Epoch 21, Batch 250, Loss: 0.03000
Training Epoch 21, Batch 300, Loss: 0.03033
Training Epoch 21, Batch 350, Loss: 0.02958
Training Epoch 21, Batch 400, Loss: 0.03042
Training Epoch 21, Batch 450, Loss: 0.03109
Training Epoch 21, Batch 500, Loss: 0.03000
Training Epoch 21, Batch 550, Loss: 0.02956
[243 245 247 249 251 253 255 257 259 261 263 265 267 269 271 273]
Clip ../../datasets/UCF101-videos/Videos/GolfSwing/v_GolfSwing_g22_c02.avi Failed
[469 471 473 475 477 479 481 483 485 487 489 491 493 495 497 499]
Clip ../../datasets/UCF101-videos/Videos/Basketball/v_Basketball_g16_c01.avi Failed
Training Epoch: 21, Loss: 0.03647986117761521
!!!!!!!!!!!!!!!!!!!!!!!!!!!!!!!!!!!!!!!!!
Learning rate dropping to its 2th value to 1.2500000012500001e-05 at epoch 21
!!!!!!!!!!!!!!!!!!!!!!!!!!!!!!!!!!!!!!!!!
Time taken for Epoch-21 is 300.2501423358917

Epoch 22 started
Train at epoch 22
Learning rate is: 1.2500000012500001e-05
Training Epoch 22, Batch 0, Loss: 0.00152
Training Epoch 22, Batch 50, Loss: 0.02320
Training Epoch 22, Batch 100, Loss: 0.02695
Training Epoch 22, Batch 150, Loss: 0.02288
Training Epoch 22, Batch 200, Loss: 0.02714
Training Epoch 22, Batch 250, Loss: 0.02493
Training Epoch 22, Batch 300, Loss: 0.02475
Training Epoch 22, Batch 350, Loss: 0.02540
Training Epoch 22, Batch 400, Loss: 0.02452
Training Epoch 22, Batch 450, Loss: 0.02558
Training Epoch 22, Batch 500, Loss: 0.02442
Training Epoch 22, Batch 550, Loss: 0.02360
Training Epoch: 22, Loss: 0.03000423612141899
Time taken for Epoch-22 is 299.7033905982971

Epoch 23 started
Train at epoch 23
Learning rate is: 1.2500000012500001e-05
Training Epoch 23, Batch 0, Loss: 0.00301
Training Epoch 23, Batch 50, Loss: 0.02802
Training Epoch 23, Batch 100, Loss: 0.02766
Training Epoch 23, Batch 150, Loss: 0.02345
Training Epoch 23, Batch 200, Loss: 0.02109
Training Epoch 23, Batch 250, Loss: 0.02033
Training Epoch 23, Batch 300, Loss: 0.02041
Training Epoch 23, Batch 350, Loss: 0.02090
Training Epoch 23, Batch 400, Loss: 0.02015
Training Epoch 23, Batch 450, Loss: 0.02059
Training Epoch 23, Batch 500, Loss: 0.02057
Training Epoch 23, Batch 550, Loss: 0.02012
Training Epoch: 23, Loss: 0.026767763403024745
Time taken for Epoch-23 is 300.5489432811737

Epoch 24 started
Train at epoch 24
Learning rate is: 1.2500000012500001e-05
Training Epoch 24, Batch 0, Loss: 0.00394
Training Epoch 24, Batch 50, Loss: 0.02346
Training Epoch 24, Batch 100, Loss: 0.02329
Training Epoch 24, Batch 150, Loss: 0.02442
Training Epoch 24, Batch 200, Loss: 0.02281
Training Epoch 24, Batch 250, Loss: 0.02342
Training Epoch 24, Batch 300, Loss: 0.02482
Training Epoch 24, Batch 350, Loss: 0.02298
Training Epoch 24, Batch 400, Loss: 0.02222
Training Epoch 24, Batch 450, Loss: 0.02110
Training Epoch 24, Batch 500, Loss: 0.02057
Training Epoch 24, Batch 550, Loss: 0.02117
Clip ../../datasets/UCF101-videos/Videos/SoccerJuggling/v_SoccerJuggling_g24_c07.avi is missing 3 frames.
Clip ../../datasets/UCF101-videos/Videos/GolfSwing/v_GolfSwing_g22_c02.avi is missing 5 frames.
Training Epoch: 24, Loss: 0.0287429217592941
!!!!!!!!!!!!!!!!!!!!!!!!!!!!!!!!!!!!!!!!!
Learning rate dropping to its 2th value to 6.250000006250001e-06 at epoch 24
!!!!!!!!!!!!!!!!!!!!!!!!!!!!!!!!!!!!!!!!!
Time taken for Epoch-24 is 300.4059066772461

Epoch 25 started
Train at epoch 25
Learning rate is: 6.250000006250001e-06
Training Epoch 25, Batch 0, Loss: 0.01225
Training Epoch 25, Batch 50, Loss: 0.01523
Training Epoch 25, Batch 100, Loss: 0.01449
Training Epoch 25, Batch 150, Loss: 0.01577
Training Epoch 25, Batch 200, Loss: 0.01549
Training Epoch 25, Batch 250, Loss: 0.01569
Training Epoch 25, Batch 300, Loss: 0.01604
Training Epoch 25, Batch 350, Loss: 0.01594
Training Epoch 25, Batch 400, Loss: 0.01759
Training Epoch 25, Batch 450, Loss: 0.01726
Training Epoch 25, Batch 500, Loss: 0.01717
Training Epoch 25, Batch 550, Loss: 0.01832
Training Epoch: 25, Loss: 0.02663183647168038
Validation at epoch 25.
Validation Epoch 25, Batch 0 - Loss : 0.6481253504753113
Validation Epoch 25, Batch 50 - Loss : 0.5206001259970898
Validation Epoch 25, Batch 100 - Loss : 0.530524591666342
Validation Epoch 25, Batch 150 - Loss : 0.5203533824749094
Validation Epoch 25, Batch 200 - Loss : 0.5202015337015303
Total video count: 3783
Epoch 25, * Video Acc@1 85.891 Video Acc@5 97.073, Loss: 0.5251007734617132
++++++++++++++++++++++++++++++
Epoch 25 is the best model till now for r3dv1!
++++++++++++++++++++++++++++++
Time taken for Epoch-25 is 402.9687931537628

Epoch 26 started
Train at epoch 26
Learning rate is: 6.250000006250001e-06
Training Epoch 26, Batch 0, Loss: 0.00308
Training Epoch 26, Batch 50, Loss: 0.01816
Training Epoch 26, Batch 100, Loss: 0.02143
Training Epoch 26, Batch 150, Loss: 0.01938
Training Epoch 26, Batch 200, Loss: 0.02081
Training Epoch 26, Batch 250, Loss: 0.02182
Training Epoch 26, Batch 300, Loss: 0.02168
Training Epoch 26, Batch 350, Loss: 0.02276
Training Epoch 26, Batch 400, Loss: 0.02328
Training Epoch 26, Batch 450, Loss: 0.02283
Training Epoch 26, Batch 500, Loss: 0.02305
Training Epoch 26, Batch 550, Loss: 0.02261
Clip ../../datasets/UCF101-videos/Videos/TennisSwing/v_TennisSwing_g09_c04.avi is missing 1 frames.
[274 276 278 280 282 284 286 288 290 292 294 296 298 300 302 304]
Clip ../../datasets/UCF101-videos/Videos/GolfSwing/v_GolfSwing_g22_c03.avi Failed
Training Epoch: 26, Loss: 0.02935569789989928
!!!!!!!!!!!!!!!!!!!!!!!!!!!!!!!!!!!!!!!!!
Learning rate dropping to its 2th value to 3.1250000031250003e-06 at epoch 26
!!!!!!!!!!!!!!!!!!!!!!!!!!!!!!!!!!!!!!!!!
Time taken for Epoch-26 is 293.7537839412689

Epoch 27 started
Train at epoch 27
Learning rate is: 3.1250000031250003e-06
Training Epoch 27, Batch 0, Loss: 0.00189
Training Epoch 27, Batch 50, Loss: 0.01815
Training Epoch 27, Batch 100, Loss: 0.01620
Training Epoch 27, Batch 150, Loss: 0.01759
Training Epoch 27, Batch 200, Loss: 0.01902
Training Epoch 27, Batch 250, Loss: 0.01790
Training Epoch 27, Batch 300, Loss: 0.01779
Training Epoch 27, Batch 350, Loss: 0.01723
Training Epoch 27, Batch 400, Loss: 0.01730
Training Epoch 27, Batch 450, Loss: 0.01621
Training Epoch 27, Batch 500, Loss: 0.01690
Training Epoch 27, Batch 550, Loss: 0.01636
[483 485 487 489 491 493 495 497 499 501 503 505 507 509 511 513]
Clip ../../datasets/UCF101-videos/Videos/Basketball/v_Basketball_g16_c01.avi Failed
Clip ../../datasets/UCF101-videos/Videos/VolleyballSpiking/v_VolleyballSpiking_g23_c03.avi is missing 1 frames.
Training Epoch: 27, Loss: 0.022587281255700066
Time taken for Epoch-27 is 295.7232172489166

Epoch 28 started
Train at epoch 28
Learning rate is: 3.1250000031250003e-06
Training Epoch 28, Batch 0, Loss: 0.03196
Training Epoch 28, Batch 50, Loss: 0.01328
Training Epoch 28, Batch 100, Loss: 0.01232
Training Epoch 28, Batch 150, Loss: 0.01553
Training Epoch 28, Batch 200, Loss: 0.01444
Training Epoch 28, Batch 250, Loss: 0.01431
Training Epoch 28, Batch 300, Loss: 0.01381
Training Epoch 28, Batch 350, Loss: 0.01385
Training Epoch 28, Batch 400, Loss: 0.01377
Training Epoch 28, Batch 450, Loss: 0.01423
Training Epoch 28, Batch 500, Loss: 0.01404
Training Epoch 28, Batch 550, Loss: 0.01392
Clip ../../datasets/UCF101-videos/Videos/SoccerJuggling/v_SoccerJuggling_g16_c02.avi is missing 2 frames.
Clip ../../datasets/UCF101-videos/Videos/GolfSwing/v_GolfSwing_g22_c01.avi is missing 7 frames.
Clip ../../datasets/UCF101-videos/Videos/GolfSwing/v_GolfSwing_g22_c02.avi is missing 6 frames.
Training Epoch: 28, Loss: 0.020987163929268134
Time taken for Epoch-28 is 293.12420177459717

Epoch 29 started
Train at epoch 29
Learning rate is: 3.1250000031250003e-06
Training Epoch 29, Batch 0, Loss: 0.00263
Training Epoch 29, Batch 50, Loss: 0.01342
Training Epoch 29, Batch 100, Loss: 0.01443
Training Epoch 29, Batch 150, Loss: 0.01495
Training Epoch 29, Batch 200, Loss: 0.01686
Training Epoch 29, Batch 250, Loss: 0.01724
Training Epoch 29, Batch 300, Loss: 0.01671
Training Epoch 29, Batch 350, Loss: 0.01620
Training Epoch 29, Batch 400, Loss: 0.01733
Training Epoch 29, Batch 450, Loss: 0.01690
Training Epoch 29, Batch 500, Loss: 0.01592
Training Epoch 29, Batch 550, Loss: 0.01612
Clip ../../datasets/UCF101-videos/Videos/Basketball/v_Basketball_g16_c05.avi is missing 2 frames.
Training Epoch: 29, Loss: 0.022603483284941377
!!!!!!!!!!!!!!!!!!!!!!!!!!!!!!!!!!!!!!!!!
Learning rate dropping to its 2th value to 1.5625000015625002e-06 at epoch 29
!!!!!!!!!!!!!!!!!!!!!!!!!!!!!!!!!!!!!!!!!
Time taken for Epoch-29 is 292.7354016304016

Epoch 30 started
Train at epoch 30
Learning rate is: 1.5625000015625002e-06
Training Epoch 30, Batch 0, Loss: 0.00111
Training Epoch 30, Batch 50, Loss: 0.02060
Training Epoch 30, Batch 100, Loss: 0.01505
Training Epoch 30, Batch 150, Loss: 0.01340
Training Epoch 30, Batch 200, Loss: 0.01330
Training Epoch 30, Batch 250, Loss: 0.01354
Training Epoch 30, Batch 300, Loss: 0.01348
Training Epoch 30, Batch 350, Loss: 0.01355
Training Epoch 30, Batch 400, Loss: 0.01331
Training Epoch 30, Batch 450, Loss: 0.01307
Training Epoch 30, Batch 500, Loss: 0.01296
Training Epoch 30, Batch 550, Loss: 0.01270
Clip ../../datasets/UCF101-videos/Videos/GolfSwing/v_GolfSwing_g22_c03.avi is missing 4 frames.
Clip ../../datasets/UCF101-videos/Videos/SoccerJuggling/v_SoccerJuggling_g16_c02.avi is missing 2 frames.
Training Epoch: 30, Loss: 0.02192296967428284
!!!!!!!!!!!!!!!!!!!!!!!!!!!!!!!!!!!!!!!!!
Learning rate dropping to its 2th value to 7.812500007812501e-07 at epoch 30
!!!!!!!!!!!!!!!!!!!!!!!!!!!!!!!!!!!!!!!!!
Validation at epoch 30.
Validation Epoch 30, Batch 0 - Loss : 0.5579730868339539
Validation Epoch 30, Batch 50 - Loss : 0.5037425830777661
Validation Epoch 30, Batch 100 - Loss : 0.5289591597946416
Validation Epoch 30, Batch 150 - Loss : 0.515721975640696
Validation Epoch 30, Batch 200 - Loss : 0.5241069925430032
Total video count: 3783
Epoch 30, * Video Acc@1 85.997 Video Acc@5 96.915, Loss: 0.5232431059703231
++++++++++++++++++++++++++++++
Epoch 30 is the best model till now for r3dv1!
++++++++++++++++++++++++++++++
Time taken for Epoch-30 is 401.4091546535492

Epoch 31 started
Train at epoch 31
Learning rate is: 7.812500007812501e-07
Training Epoch 31, Batch 0, Loss: 0.00066
Training Epoch 31, Batch 50, Loss: 0.01572
Training Epoch 31, Batch 100, Loss: 0.01489
Training Epoch 31, Batch 150, Loss: 0.01524
Training Epoch 31, Batch 200, Loss: 0.01613
Training Epoch 31, Batch 250, Loss: 0.01438
Training Epoch 31, Batch 300, Loss: 0.01377
Training Epoch 31, Batch 350, Loss: 0.01315
Training Epoch 31, Batch 400, Loss: 0.01274
Training Epoch 31, Batch 450, Loss: 0.01241
Training Epoch 31, Batch 500, Loss: 0.01314
Training Epoch 31, Batch 550, Loss: 0.01353
[264 266 268 270 272 274 276 278 280 282 284 286 288 290 292 294]
Clip ../../datasets/UCF101-videos/Videos/GolfSwing/v_GolfSwing_g22_c03.avi Failed
Training Epoch: 31, Loss: 0.021903023661455138
!!!!!!!!!!!!!!!!!!!!!!!!!!!!!!!!!!!!!!!!!
Learning rate dropping to its 2th value to 3.9062500039062504e-07 at epoch 31
!!!!!!!!!!!!!!!!!!!!!!!!!!!!!!!!!!!!!!!!!
Time taken for Epoch-31 is 293.79582381248474

Epoch 32 started
Train at epoch 32
Learning rate is: 3.9062500039062504e-07
Training Epoch 32, Batch 0, Loss: 0.00115
Training Epoch 32, Batch 50, Loss: 0.02037
Training Epoch 32, Batch 100, Loss: 0.01560
Training Epoch 32, Batch 150, Loss: 0.01707
Training Epoch 32, Batch 200, Loss: 0.01645
Training Epoch 32, Batch 250, Loss: 0.01598
Training Epoch 32, Batch 300, Loss: 0.01550
Training Epoch 32, Batch 350, Loss: 0.01528
Training Epoch 32, Batch 400, Loss: 0.01477
Training Epoch 32, Batch 450, Loss: 0.01432
Training Epoch 32, Batch 500, Loss: 0.01489
Training Epoch 32, Batch 550, Loss: 0.01499
Clip ../../datasets/UCF101-videos/Videos/Basketball/v_Basketball_g13_c04.avi is missing 1 frames.
Training Epoch: 32, Loss: 0.021261837719614974
!!!!!!!!!!!!!!!!!!!!!!!!!!!!!!!!!!!!!!!!!
Learning rate dropping to its 2th value to 1.9531250019531252e-07 at epoch 32
!!!!!!!!!!!!!!!!!!!!!!!!!!!!!!!!!!!!!!!!!
Time taken for Epoch-32 is 296.62395787239075

Epoch 33 started
Train at epoch 33
Learning rate is: 1.9531250019531252e-07
Training Epoch 33, Batch 0, Loss: 0.00129
Training Epoch 33, Batch 50, Loss: 0.01575
Training Epoch 33, Batch 100, Loss: 0.02018
Training Epoch 33, Batch 150, Loss: 0.01629
Training Epoch 33, Batch 200, Loss: 0.01632
Training Epoch 33, Batch 250, Loss: 0.01769
Training Epoch 33, Batch 300, Loss: 0.01597
Training Epoch 33, Batch 350, Loss: 0.01611
Training Epoch 33, Batch 400, Loss: 0.01668
Training Epoch 33, Batch 450, Loss: 0.01632
Training Epoch 33, Batch 500, Loss: 0.01559
Training Epoch 33, Batch 550, Loss: 0.01535
[304 306 308 310 312 314 316 318 320 322 324 326 328 330 332 334]
Clip ../../datasets/UCF101-videos/Videos/Basketball/v_Basketball_g16_c06.avi Failed
[314 316 318 320 322 324 326 328 330 332 334 336 338 340 342 344]
Clip ../../datasets/UCF101-videos/Videos/GolfSwing/v_GolfSwing_g22_c03.avi Failed
Clip ../../datasets/UCF101-videos/Videos/SoccerJuggling/v_SoccerJuggling_g24_c05.avi is missing 1 frames.
[265 267 269 271 273 275 277 279 281 283 285 287 289 291 293 295]
Clip ../../datasets/UCF101-videos/Videos/GolfSwing/v_GolfSwing_g22_c01.avi Failed
Training Epoch: 33, Loss: 0.022440890470628666
!!!!!!!!!!!!!!!!!!!!!!!!!!!!!!!!!!!!!!!!!
Learning rate dropping to its 2th value to 9.765625009765626e-08 at epoch 33
!!!!!!!!!!!!!!!!!!!!!!!!!!!!!!!!!!!!!!!!!
Time taken for Epoch-33 is 296.53888297080994

Epoch 34 started
Train at epoch 34
Learning rate is: 9.765625009765626e-08
Training Epoch 34, Batch 0, Loss: 0.00263
Training Epoch 34, Batch 50, Loss: 0.01288
Training Epoch 34, Batch 100, Loss: 0.01413
Training Epoch 34, Batch 150, Loss: 0.01236
Training Epoch 34, Batch 200, Loss: 0.01577
Training Epoch 34, Batch 250, Loss: 0.01451
Training Epoch 34, Batch 300, Loss: 0.01387
Training Epoch 34, Batch 350, Loss: 0.01534
Training Epoch 34, Batch 400, Loss: 0.01460
Training Epoch 34, Batch 450, Loss: 0.01496
Training Epoch 34, Batch 500, Loss: 0.01415
Training Epoch 34, Batch 550, Loss: 0.01404
[233 235 237 239 241 243 245 247 249 251 253 255 257 259 261 263]
Clip ../../datasets/UCF101-videos/Videos/GolfSwing/v_GolfSwing_g22_c01.avi Failed
Training Epoch: 34, Loss: 0.020497130578047622
Time taken for Epoch-34 is 298.0554189682007

Epoch 35 started
Train at epoch 35
Learning rate is: 9.765625009765626e-08
Training Epoch 35, Batch 0, Loss: 0.00690
Training Epoch 35, Batch 50, Loss: 0.01003
Training Epoch 35, Batch 100, Loss: 0.01628
Training Epoch 35, Batch 150, Loss: 0.01700
Training Epoch 35, Batch 200, Loss: 0.01691
Training Epoch 35, Batch 250, Loss: 0.01513
Training Epoch 35, Batch 300, Loss: 0.01550
Training Epoch 35, Batch 350, Loss: 0.01581
Training Epoch 35, Batch 400, Loss: 0.01550
Training Epoch 35, Batch 450, Loss: 0.01524
Training Epoch 35, Batch 500, Loss: 0.01507
Training Epoch 35, Batch 550, Loss: 0.01485
[313 315 317 319 321 323 325 327 329 331 333 335 337 339 341 343]
Clip ../../datasets/UCF101-videos/Videos/Basketball/v_Basketball_g16_c06.avi Failed
[245 247 249 251 253 255 257 259 261 263 265 267 269 271 273 275]
Clip ../../datasets/UCF101-videos/Videos/GolfSwing/v_GolfSwing_g22_c01.avi Failed
Clip ../../datasets/UCF101-videos/Videos/Basketball/v_Basketball_g13_c04.avi is missing 3 frames.
Training Epoch: 35, Loss: 0.0229213045984296
!!!!!!!!!!!!!!!!!!!!!!!!!!!!!!!!!!!!!!!!!
Learning rate dropping to its 2th value to 4.882812504882813e-08 at epoch 35
!!!!!!!!!!!!!!!!!!!!!!!!!!!!!!!!!!!!!!!!!
Validation at epoch 35.
Validation Epoch 35, Batch 0 - Loss : 0.22467058897018433
Validation Epoch 35, Batch 50 - Loss : 0.508461201494998
Validation Epoch 35, Batch 100 - Loss : 0.5047510391732881
Validation Epoch 35, Batch 150 - Loss : 0.4961824841590734
Validation Epoch 35, Batch 200 - Loss : 0.5013223122492599
Total video count: 3783
Epoch 35, * Video Acc@1 86.076 Video Acc@5 97.073, Loss: 0.5282483804422796
++++++++++++++++++++++++++++++
Epoch 35 is the best model till now for r3dv1!
++++++++++++++++++++++++++++++
Time taken for Epoch-35 is 400.96903467178345

Epoch 36 started
Train at epoch 36
Learning rate is: 4.882812504882813e-08
Training Epoch 36, Batch 0, Loss: 0.00631
Training Epoch 36, Batch 50, Loss: 0.02173
Training Epoch 36, Batch 100, Loss: 0.01605
Training Epoch 36, Batch 150, Loss: 0.01613
Training Epoch 36, Batch 200, Loss: 0.01814
Training Epoch 36, Batch 250, Loss: 0.01725
Training Epoch 36, Batch 300, Loss: 0.01659
Training Epoch 36, Batch 350, Loss: 0.01544
Training Epoch 36, Batch 400, Loss: 0.01460
Training Epoch 36, Batch 450, Loss: 0.01415
Training Epoch 36, Batch 500, Loss: 0.01453
Training Epoch 36, Batch 550, Loss: 0.01442
Clip ../../datasets/UCF101-videos/Videos/SoccerJuggling/v_SoccerJuggling_g24_c05.avi is missing 1 frames.
Clip ../../datasets/UCF101-videos/Videos/HorseRiding/v_HorseRiding_g23_c01.avi is missing 1 frames.
Clip ../../datasets/UCF101-videos/Videos/TennisSwing/v_TennisSwing_g16_c01.avi is missing 2 frames.
Training Epoch: 36, Loss: 0.022247945715743858
!!!!!!!!!!!!!!!!!!!!!!!!!!!!!!!!!!!!!!!!!
Learning rate dropping to its 2th value to 2.4414062524414065e-08 at epoch 36
!!!!!!!!!!!!!!!!!!!!!!!!!!!!!!!!!!!!!!!!!
Time taken for Epoch-36 is 298.0341794490814

Epoch 37 started
Train at epoch 37
Learning rate is: 2.4414062524414065e-08
Training Epoch 37, Batch 0, Loss: 0.08514
Training Epoch 37, Batch 50, Loss: 0.01839
Training Epoch 37, Batch 100, Loss: 0.02127
Training Epoch 37, Batch 150, Loss: 0.01785
Training Epoch 37, Batch 200, Loss: 0.01606
Training Epoch 37, Batch 250, Loss: 0.01578
Training Epoch 37, Batch 300, Loss: 0.01610
Training Epoch 37, Batch 350, Loss: 0.01564
Training Epoch 37, Batch 400, Loss: 0.01570
Training Epoch 37, Batch 450, Loss: 0.01528
Training Epoch 37, Batch 500, Loss: 0.01537
Training Epoch 37, Batch 550, Loss: 0.01495
[309 311 313 315 317 319 321 323 325 327 329 331 333 335 337 339]
Clip ../../datasets/UCF101-videos/Videos/GolfSwing/v_GolfSwing_g22_c03.avi Failed
Clip ../../datasets/UCF101-videos/Videos/SoccerJuggling/v_SoccerJuggling_g21_c01.avi is missing 1 frames.
[238 240 242 244 246 248 250 252 254 256 258 260 262 264 266 268]
Clip ../../datasets/UCF101-videos/Videos/GolfSwing/v_GolfSwing_g22_c01.avi Failed
Training Epoch: 37, Loss: 0.02167595958870904
!!!!!!!!!!!!!!!!!!!!!!!!!!!!!!!!!!!!!!!!!
Learning rate dropping to its 2th value to 1.2207031262207032e-08 at epoch 37
!!!!!!!!!!!!!!!!!!!!!!!!!!!!!!!!!!!!!!!!!
Time taken for Epoch-37 is 299.8187825679779

Epoch 38 started
Train at epoch 38
Learning rate is: 1.2207031262207032e-08
Training Epoch 38, Batch 0, Loss: 0.00119
Training Epoch 38, Batch 50, Loss: 0.01684
Training Epoch 38, Batch 100, Loss: 0.01678
Training Epoch 38, Batch 150, Loss: 0.01506
Training Epoch 38, Batch 200, Loss: 0.01515
Training Epoch 38, Batch 250, Loss: 0.01371
Training Epoch 38, Batch 300, Loss: 0.01356
Training Epoch 38, Batch 350, Loss: 0.01319
Training Epoch 38, Batch 400, Loss: 0.01340
Training Epoch 38, Batch 450, Loss: 0.01368
Training Epoch 38, Batch 500, Loss: 0.01361
Training Epoch 38, Batch 550, Loss: 0.01311
[250 252 254 256 258 260 262 264 266 268 270 272 274 276 278 280]
Clip ../../datasets/UCF101-videos/Videos/GolfSwing/v_GolfSwing_g22_c02.avi Failed
Training Epoch: 38, Loss: 0.019752726706114974
Time taken for Epoch-38 is 298.04826855659485

Epoch 39 started
Train at epoch 39
Learning rate is: 1.2207031262207032e-08
Training Epoch 39, Batch 0, Loss: 0.00461
Training Epoch 39, Batch 50, Loss: 0.01168
Training Epoch 39, Batch 100, Loss: 0.01077
Training Epoch 39, Batch 150, Loss: 0.01135
Training Epoch 39, Batch 200, Loss: 0.01164
Training Epoch 39, Batch 250, Loss: 0.01338
Training Epoch 39, Batch 300, Loss: 0.01309
Training Epoch 39, Batch 350, Loss: 0.01338
Training Epoch 39, Batch 400, Loss: 0.01336
Training Epoch 39, Batch 450, Loss: 0.01315
Training Epoch 39, Batch 500, Loss: 0.01340
Training Epoch 39, Batch 550, Loss: 0.01377
[278 280 282 284 286 288 290 292 294 296 298 300 302 304 306 308]
Clip ../../datasets/UCF101-videos/Videos/GolfSwing/v_GolfSwing_g22_c03.avi Failed
Clip ../../datasets/UCF101-videos/Videos/TennisSwing/v_TennisSwing_g16_c04.avi is missing 4 frames.
Training Epoch: 39, Loss: 0.02167960591792672
!!!!!!!!!!!!!!!!!!!!!!!!!!!!!!!!!!!!!!!!!
Learning rate dropping to its 2th value to 6.103515631103516e-09 at epoch 39
!!!!!!!!!!!!!!!!!!!!!!!!!!!!!!!!!!!!!!!!!
Time taken for Epoch-39 is 297.52538323402405

Epoch 40 started
Train at epoch 40
Learning rate is: 6.103515631103516e-09
Training Epoch 40, Batch 0, Loss: 0.00195
Training Epoch 40, Batch 50, Loss: 0.00846
Training Epoch 40, Batch 100, Loss: 0.01348
Training Epoch 40, Batch 150, Loss: 0.01416
Training Epoch 40, Batch 200, Loss: 0.01622
Training Epoch 40, Batch 250, Loss: 0.01641
Training Epoch 40, Batch 300, Loss: 0.01640
Training Epoch 40, Batch 350, Loss: 0.01769
Training Epoch 40, Batch 400, Loss: 0.01721
Training Epoch 40, Batch 450, Loss: 0.01672
Training Epoch 40, Batch 500, Loss: 0.01634
Training Epoch 40, Batch 550, Loss: 0.01614
Clip ../../datasets/UCF101-videos/Videos/Basketball/v_Basketball_g13_c02.avi is missing 1 frames.
Clip ../../datasets/UCF101-videos/Videos/WalkingWithDog/v_WalkingWithDog_g23_c02.avi is missing 1 frames.
[484 486 488 490 492 494 496 498 500 502 504 506 508 510 512 514]
Clip ../../datasets/UCF101-videos/Videos/Basketball/v_Basketball_g16_c02.avi Failed
Training Epoch: 40, Loss: 0.024018035783661355
!!!!!!!!!!!!!!!!!!!!!!!!!!!!!!!!!!!!!!!!!
Learning rate dropping to its 2th value to 3.051757815551758e-09 at epoch 40
!!!!!!!!!!!!!!!!!!!!!!!!!!!!!!!!!!!!!!!!!
Validation at epoch 40.
Validation Epoch 40, Batch 0 - Loss : 0.09671176970005035
Validation Epoch 40, Batch 50 - Loss : 0.5758688578418657
Validation Epoch 40, Batch 100 - Loss : 0.5468978626828751
Validation Epoch 40, Batch 150 - Loss : 0.5530113267144867
Validation Epoch 40, Batch 200 - Loss : 0.5631288713636572
Total video count: 3783
Epoch 40, * Video Acc@1 85.390 Video Acc@5 96.915, Loss: 0.5460904191517298
Time taken for Epoch-40 is 403.37606739997864

Epoch 41 started
Train at epoch 41
Learning rate is: 3.051757815551758e-09
Training Epoch 41, Batch 0, Loss: 0.00055
Training Epoch 41, Batch 50, Loss: 0.01308
Training Epoch 41, Batch 100, Loss: 0.01277
Training Epoch 41, Batch 150, Loss: 0.01805
Training Epoch 41, Batch 200, Loss: 0.01880
Training Epoch 41, Batch 250, Loss: 0.01722
Training Epoch 41, Batch 300, Loss: 0.01683
Training Epoch 41, Batch 350, Loss: 0.01690
Training Epoch 41, Batch 400, Loss: 0.01767
Training Epoch 41, Batch 450, Loss: 0.01689
Training Epoch 41, Batch 500, Loss: 0.01581
Training Epoch 41, Batch 550, Loss: 0.01545
Training Epoch: 41, Loss: 0.02257768725365021
!!!!!!!!!!!!!!!!!!!!!!!!!!!!!!!!!!!!!!!!!
Learning rate dropping to its 2th value to 1.525878907775879e-09 at epoch 41
!!!!!!!!!!!!!!!!!!!!!!!!!!!!!!!!!!!!!!!!!
Validation at epoch 41.
Validation Epoch 41, Batch 0 - Loss : 0.26233699917793274
Validation Epoch 41, Batch 50 - Loss : 0.5086718202915554
Validation Epoch 41, Batch 100 - Loss : 0.5245935166955437
Validation Epoch 41, Batch 150 - Loss : 0.5259997036110684
Validation Epoch 41, Batch 200 - Loss : 0.5294524352367392
Total video count: 3783
Epoch 41, * Video Acc@1 85.680 Video Acc@5 97.178, Loss: 0.5316989260493828
Time taken for Epoch-41 is 408.45461201667786

Epoch 42 started
Train at epoch 42
Learning rate is: 1.525878907775879e-09
Training Epoch 42, Batch 0, Loss: 0.00778
Training Epoch 42, Batch 50, Loss: 0.01198
Training Epoch 42, Batch 100, Loss: 0.01220
Training Epoch 42, Batch 150, Loss: 0.01341
Training Epoch 42, Batch 200, Loss: 0.01278
Training Epoch 42, Batch 250, Loss: 0.01195
Training Epoch 42, Batch 300, Loss: 0.01328
Training Epoch 42, Batch 350, Loss: 0.01367
Training Epoch 42, Batch 400, Loss: 0.01396
Training Epoch 42, Batch 450, Loss: 0.01382
Training Epoch 42, Batch 500, Loss: 0.01364
Training Epoch 42, Batch 550, Loss: 0.01331
Training Epoch: 42, Loss: 0.020895147620477218
!!!!!!!!!!!!!!!!!!!!!!!!!!!!!!!!!!!!!!!!!
Learning rate dropping to its 2th value to 7.629394538879395e-10 at epoch 42
!!!!!!!!!!!!!!!!!!!!!!!!!!!!!!!!!!!!!!!!!
Validation at epoch 42.
Validation Epoch 42, Batch 0 - Loss : 0.9374170303344727
Validation Epoch 42, Batch 50 - Loss : 0.5352356692812607
Validation Epoch 42, Batch 100 - Loss : 0.5225462370395365
Validation Epoch 42, Batch 150 - Loss : 0.5632092243566221
Validation Epoch 42, Batch 200 - Loss : 0.5561758408239529
Total video count: 3783
Epoch 42, * Video Acc@1 85.601 Video Acc@5 96.809, Loss: 0.5458348222407964
Time taken for Epoch-42 is 409.99893832206726

Epoch 43 started
Train at epoch 43
Learning rate is: 7.629394538879395e-10
Training Epoch 43, Batch 0, Loss: 0.00366
Training Epoch 43, Batch 50, Loss: 0.01868
Training Epoch 43, Batch 100, Loss: 0.01546
Training Epoch 43, Batch 150, Loss: 0.01777
Training Epoch 43, Batch 200, Loss: 0.01700
Training Epoch 43, Batch 250, Loss: 0.01581
Training Epoch 43, Batch 300, Loss: 0.01563
Training Epoch 43, Batch 350, Loss: 0.01541
Training Epoch 43, Batch 400, Loss: 0.01535
Training Epoch 43, Batch 450, Loss: 0.01603
Training Epoch 43, Batch 500, Loss: 0.01601
Training Epoch 43, Batch 550, Loss: 0.01578
[314 316 318 320 322 324 326 328 330 332 334 336 338 340 342 344]
Clip ../../datasets/UCF101-videos/Videos/GolfSwing/v_GolfSwing_g22_c03.avi Failed
Training Epoch: 43, Loss: 0.022755367981977418
!!!!!!!!!!!!!!!!!!!!!!!!!!!!!!!!!!!!!!!!!
Learning rate dropping to its 2th value to 3.8146972694396976e-10 at epoch 43
!!!!!!!!!!!!!!!!!!!!!!!!!!!!!!!!!!!!!!!!!
Validation at epoch 43.
Validation Epoch 43, Batch 0 - Loss : 0.174385204911232
Validation Epoch 43, Batch 50 - Loss : 0.5076902077405476
Validation Epoch 43, Batch 100 - Loss : 0.49515016423077274
Validation Epoch 43, Batch 150 - Loss : 0.47889535906200376
Validation Epoch 43, Batch 200 - Loss : 0.5085832655466908
Total video count: 3783
Epoch 43, * Video Acc@1 85.997 Video Acc@5 97.126, Loss: 0.5171145396739371
Time taken for Epoch-43 is 409.8833794593811

Epoch 44 started
Train at epoch 44
Learning rate is: 3.8146972694396976e-10
Training Epoch 44, Batch 0, Loss: 0.00199
Training Epoch 44, Batch 50, Loss: 0.00920
Training Epoch 44, Batch 100, Loss: 0.00835
Training Epoch 44, Batch 150, Loss: 0.00995
Training Epoch 44, Batch 200, Loss: 0.01088
Training Epoch 44, Batch 250, Loss: 0.01120
Training Epoch 44, Batch 300, Loss: 0.01118
Training Epoch 44, Batch 350, Loss: 0.01133
Training Epoch 44, Batch 400, Loss: 0.01115
Training Epoch 44, Batch 450, Loss: 0.01095
Training Epoch 44, Batch 500, Loss: 0.01124
Training Epoch 44, Batch 550, Loss: 0.01102
Clip ../../datasets/UCF101-videos/Videos/GolfSwing/v_GolfSwing_g22_c01.avi is missing 4 frames.
[301 303 305 307 309 311 313 315 317 319 321 323 325 327 329 331]
Clip ../../datasets/UCF101-videos/Videos/Basketball/v_Basketball_g16_c06.avi Failed
Training Epoch: 44, Loss: 0.01715515167089694
Validation at epoch 44.
Validation Epoch 44, Batch 0 - Loss : 0.9775471687316895
Validation Epoch 44, Batch 50 - Loss : 0.5590018789630895
Validation Epoch 44, Batch 100 - Loss : 0.5402242563259189
Validation Epoch 44, Batch 150 - Loss : 0.5285797447138867
Validation Epoch 44, Batch 200 - Loss : 0.5333467633625613
Total video count: 3783
Epoch 44, * Video Acc@1 86.181 Video Acc@5 97.126, Loss: 0.5332792417582455
++++++++++++++++++++++++++++++
Epoch 44 is the best model till now for r3dv1!
++++++++++++++++++++++++++++++
Time taken for Epoch-44 is 410.4912734031677

Epoch 45 started
Train at epoch 45
Learning rate is: 3.8146972694396976e-10
Training Epoch 45, Batch 0, Loss: 0.00901
Training Epoch 45, Batch 50, Loss: 0.01411
Training Epoch 45, Batch 100, Loss: 0.01082
Training Epoch 45, Batch 150, Loss: 0.01017
Training Epoch 45, Batch 200, Loss: 0.01209
Training Epoch 45, Batch 250, Loss: 0.01179
Training Epoch 45, Batch 300, Loss: 0.01394
Training Epoch 45, Batch 350, Loss: 0.01432
Training Epoch 45, Batch 400, Loss: 0.01415
Training Epoch 45, Batch 450, Loss: 0.01394
Training Epoch 45, Batch 500, Loss: 0.01497
Training Epoch 45, Batch 550, Loss: 0.01467
Clip ../../datasets/UCF101-videos/Videos/TennisSwing/v_TennisSwing_g16_c02.avi is missing 2 frames.
Training Epoch: 45, Loss: 0.020885840235825962
!!!!!!!!!!!!!!!!!!!!!!!!!!!!!!!!!!!!!!!!!
Learning rate dropping to its 2th value to 1.9073486347198488e-10 at epoch 45
!!!!!!!!!!!!!!!!!!!!!!!!!!!!!!!!!!!!!!!!!
Validation at epoch 45.
Validation Epoch 45, Batch 0 - Loss : 0.04289817065000534
Validation Epoch 45, Batch 50 - Loss : 0.49717479352565375
Validation Epoch 45, Batch 100 - Loss : 0.5175901751707096
Validation Epoch 45, Batch 150 - Loss : 0.5415056933531698
Validation Epoch 45, Batch 200 - Loss : 0.5278898506003677
Total video count: 3783
Epoch 45, * Video Acc@1 85.891 Video Acc@5 97.178, Loss: 0.5366808451822161
Time taken for Epoch-45 is 416.5587136745453

Epoch 46 started
Train at epoch 46
Learning rate is: 1.9073486347198488e-10
Training Epoch 46, Batch 0, Loss: 0.00099
Training Epoch 46, Batch 50, Loss: 0.01030
Training Epoch 46, Batch 100, Loss: 0.00877
Training Epoch 46, Batch 150, Loss: 0.00936
Training Epoch 46, Batch 200, Loss: 0.01031
Training Epoch 46, Batch 250, Loss: 0.01327
Training Epoch 46, Batch 300, Loss: 0.01273
Training Epoch 46, Batch 350, Loss: 0.01180
Training Epoch 46, Batch 400, Loss: 0.01321
Training Epoch 46, Batch 450, Loss: 0.01337
Training Epoch 46, Batch 500, Loss: 0.01302
Training Epoch 46, Batch 550, Loss: 0.01325
Clip ../../datasets/UCF101-videos/Videos/Biking/v_Biking_g22_c03.avi is missing 2 frames.
Clip ../../datasets/UCF101-videos/Videos/PlayingTabla/v_PlayingTabla_g15_c01.avi is missing 1 frames.
[271 273 275 277 279 281 283 285 287 289 291 293 295 297 299 301]
Clip ../../datasets/UCF101-videos/Videos/GolfSwing/v_GolfSwing_g22_c03.avi Failed
Training Epoch: 46, Loss: 0.020539177497037667
!!!!!!!!!!!!!!!!!!!!!!!!!!!!!!!!!!!!!!!!!
Learning rate dropping to its 2th value to 9.536743173599244e-11 at epoch 46
!!!!!!!!!!!!!!!!!!!!!!!!!!!!!!!!!!!!!!!!!
Validation at epoch 46.
Validation Epoch 46, Batch 0 - Loss : 1.0899436473846436
Validation Epoch 46, Batch 50 - Loss : 0.5756882344390831
Validation Epoch 46, Batch 100 - Loss : 0.5956281161507463
Validation Epoch 46, Batch 150 - Loss : 0.5713019201050926
Validation Epoch 46, Batch 200 - Loss : 0.5584857261470931
Total video count: 3783
Epoch 46, * Video Acc@1 85.575 Video Acc@5 96.677, Loss: 0.5501395331534561
Time taken for Epoch-46 is 402.0807523727417

Epoch 47 started
Train at epoch 47
Learning rate is: 9.536743173599244e-11
Training Epoch 47, Batch 0, Loss: 0.00541
Training Epoch 47, Batch 50, Loss: 0.02532
Training Epoch 47, Batch 100, Loss: 0.01622
Training Epoch 47, Batch 150, Loss: 0.01465
Training Epoch 47, Batch 200, Loss: 0.01328
Training Epoch 47, Batch 250, Loss: 0.01480
Training Epoch 47, Batch 300, Loss: 0.01385
Training Epoch 47, Batch 350, Loss: 0.01318
Training Epoch 47, Batch 400, Loss: 0.01314
Training Epoch 47, Batch 450, Loss: 0.01347
Training Epoch 47, Batch 500, Loss: 0.01274
Training Epoch 47, Batch 550, Loss: 0.01302
[252 254 256 258 260 262 264 266 268 270 272 274 276 278 280 282]
Clip ../../datasets/UCF101-videos/Videos/GolfSwing/v_GolfSwing_g22_c02.avi Failed
Clip ../../datasets/UCF101-videos/Videos/Basketball/v_Basketball_g16_c03.avi is missing 2 frames.
Clip ../../datasets/UCF101-videos/Videos/TennisSwing/v_TennisSwing_g16_c04.avi is missing 5 frames.
Training Epoch: 47, Loss: 0.0214710567897828
!!!!!!!!!!!!!!!!!!!!!!!!!!!!!!!!!!!!!!!!!
Learning rate dropping to its 2th value to 4.768371586799622e-11 at epoch 47
!!!!!!!!!!!!!!!!!!!!!!!!!!!!!!!!!!!!!!!!!
Validation at epoch 47.
Validation Epoch 47, Batch 0 - Loss : 0.3867883086204529
Validation Epoch 47, Batch 50 - Loss : 0.5649318183754005
Validation Epoch 47, Batch 100 - Loss : 0.5587535896476837
Validation Epoch 47, Batch 150 - Loss : 0.5419130489994951
Validation Epoch 47, Batch 200 - Loss : 0.5384394839609885
Total video count: 3783
Epoch 47, * Video Acc@1 85.680 Video Acc@5 97.310, Loss: 0.5356418427614346
Time taken for Epoch-47 is 395.9887623786926

Epoch 48 started
Train at epoch 48
Learning rate is: 4.768371586799622e-11
Training Epoch 48, Batch 0, Loss: 0.00143
Training Epoch 48, Batch 50, Loss: 0.02055
Training Epoch 48, Batch 100, Loss: 0.02163
Training Epoch 48, Batch 150, Loss: 0.01863
Training Epoch 48, Batch 200, Loss: 0.01750
Training Epoch 48, Batch 250, Loss: 0.01563
Training Epoch 48, Batch 300, Loss: 0.01640
Training Epoch 48, Batch 350, Loss: 0.01518
Training Epoch 48, Batch 400, Loss: 0.01498
Training Epoch 48, Batch 450, Loss: 0.01483
Training Epoch 48, Batch 500, Loss: 0.01552
Training Epoch 48, Batch 550, Loss: 0.01560
[308 310 312 314 316 318 320 322 324 326 328 330 332 334 336 338]
Clip ../../datasets/UCF101-videos/Videos/Basketball/v_Basketball_g16_c06.avi Failed
Clip ../../datasets/UCF101-videos/Videos/GolfSwing/v_GolfSwing_g22_c03.avi is missing 2 frames.
Clip ../../datasets/UCF101-videos/Videos/PoleVault/v_PoleVault_g14_c04.avi is missing 5 frames.
Training Epoch: 48, Loss: 0.023339579066013413
!!!!!!!!!!!!!!!!!!!!!!!!!!!!!!!!!!!!!!!!!
Learning rate dropping to its 2th value to 2.384185793399811e-11 at epoch 48
!!!!!!!!!!!!!!!!!!!!!!!!!!!!!!!!!!!!!!!!!
Validation at epoch 48.
Validation Epoch 48, Batch 0 - Loss : 1.1335277557373047
Validation Epoch 48, Batch 50 - Loss : 0.5063390094859928
Validation Epoch 48, Batch 100 - Loss : 0.510785595366344
Validation Epoch 48, Batch 150 - Loss : 0.5435261464437211
Validation Epoch 48, Batch 200 - Loss : 0.5479936501085387
Total video count: 3783
Epoch 48, * Video Acc@1 85.707 Video Acc@5 97.046, Loss: 0.5398266118153426
Time taken for Epoch-48 is 397.2324995994568

Epoch 49 started
Train at epoch 49
Learning rate is: 2.384185793399811e-11
Training Epoch 49, Batch 0, Loss: 0.00488
Training Epoch 49, Batch 50, Loss: 0.02466
Training Epoch 49, Batch 100, Loss: 0.02152
Training Epoch 49, Batch 150, Loss: 0.01784
Training Epoch 49, Batch 200, Loss: 0.01895
Training Epoch 49, Batch 250, Loss: 0.01879
Training Epoch 49, Batch 300, Loss: 0.02051
Training Epoch 49, Batch 350, Loss: 0.01976
Training Epoch 49, Batch 400, Loss: 0.01898
Training Epoch 49, Batch 450, Loss: 0.01961
Training Epoch 49, Batch 500, Loss: 0.01835
Training Epoch 49, Batch 550, Loss: 0.01756
Clip ../../datasets/UCF101-videos/Videos/SoccerJuggling/v_SoccerJuggling_g12_c03.avi is missing 2 frames.
Training Epoch: 49, Loss: 0.023501629483718558
!!!!!!!!!!!!!!!!!!!!!!!!!!!!!!!!!!!!!!!!!
Learning rate dropping to its 2th value to 1.1920928966999055e-11 at epoch 49
!!!!!!!!!!!!!!!!!!!!!!!!!!!!!!!!!!!!!!!!!
Validation at epoch 49.
Validation Epoch 49, Batch 0 - Loss : 0.06463684141635895
Validation Epoch 49, Batch 50 - Loss : 0.48653727536107977
Validation Epoch 49, Batch 100 - Loss : 0.4981519600358045
Validation Epoch 49, Batch 150 - Loss : 0.5215306221229943
Validation Epoch 49, Batch 200 - Loss : 0.5058659290829998
Total video count: 3783
Epoch 49, * Video Acc@1 85.944 Video Acc@5 97.257, Loss: 0.5279424188477833
Time taken for Epoch-49 is 401.3999197483063

Epoch 50 started
Train at epoch 50
Learning rate is: 1.1920928966999055e-11
Training Epoch 50, Batch 0, Loss: 0.01769
Training Epoch 50, Batch 50, Loss: 0.01137
Training Epoch 50, Batch 100, Loss: 0.01186
Training Epoch 50, Batch 150, Loss: 0.01445
Training Epoch 50, Batch 200, Loss: 0.01393
Training Epoch 50, Batch 250, Loss: 0.01576
Training Epoch 50, Batch 300, Loss: 0.01572
Training Epoch 50, Batch 350, Loss: 0.01628
Training Epoch 50, Batch 400, Loss: 0.01543
Training Epoch 50, Batch 450, Loss: 0.01626
Training Epoch 50, Batch 500, Loss: 0.01655
Training Epoch 50, Batch 550, Loss: 0.01641
Clip ../../datasets/UCF101-videos/Videos/Basketball/v_Basketball_g16_c05.avi is missing 6 frames.
Clip ../../datasets/UCF101-videos/Videos/JumpingJack/v_JumpingJack_g20_c01.avi is missing 1 frames.
Clip ../../datasets/UCF101-videos/Videos/GolfSwing/v_GolfSwing_g22_c03.avi is missing 1 frames.
[470 472 474 476 478 480 482 484 486 488 490 492 494 496 498 500]
Clip ../../datasets/UCF101-videos/Videos/Basketball/v_Basketball_g16_c01.avi Failed
Training Epoch: 50, Loss: 0.02478391177838653
!!!!!!!!!!!!!!!!!!!!!!!!!!!!!!!!!!!!!!!!!
Learning rate dropping to its 2th value to 5.9604644834995276e-12 at epoch 50
!!!!!!!!!!!!!!!!!!!!!!!!!!!!!!!!!!!!!!!!!
Validation at epoch 50.
Validation Epoch 50, Batch 0 - Loss : 0.4605995714664459
Validation Epoch 50, Batch 50 - Loss : 0.516883987988181
Validation Epoch 50, Batch 100 - Loss : 0.5275446817481725
Validation Epoch 50, Batch 150 - Loss : 0.5359405100357947
Validation Epoch 50, Batch 200 - Loss : 0.5212891183246798
Total video count: 3783
Epoch 50, * Video Acc@1 85.865 Video Acc@5 97.205, Loss: 0.5199021379569475
Time taken for Epoch-50 is 393.94859313964844

Epoch 51 started
Train at epoch 51
Learning rate is: 5.9604644834995276e-12
Training Epoch 51, Batch 0, Loss: 0.00085
Training Epoch 51, Batch 50, Loss: 0.01213
Training Epoch 51, Batch 100, Loss: 0.01096
Training Epoch 51, Batch 150, Loss: 0.01149
Training Epoch 51, Batch 200, Loss: 0.01073
Training Epoch 51, Batch 250, Loss: 0.01068
Training Epoch 51, Batch 300, Loss: 0.01156
Training Epoch 51, Batch 350, Loss: 0.01135
Training Epoch 51, Batch 400, Loss: 0.01135
Training Epoch 51, Batch 450, Loss: 0.01159
Training Epoch 51, Batch 500, Loss: 0.01145
Training Epoch 51, Batch 550, Loss: 0.01196
[312 314 316 318 320 322 324 326 328 330 332 334 336 338 340 342]
Clip ../../datasets/UCF101-videos/Videos/Basketball/v_Basketball_g16_c06.avi Failed
Training Epoch: 51, Loss: 0.020478528761412165
!!!!!!!!!!!!!!!!!!!!!!!!!!!!!!!!!!!!!!!!!
Learning rate dropping to its 2th value to 2.9802322417497638e-12 at epoch 51
!!!!!!!!!!!!!!!!!!!!!!!!!!!!!!!!!!!!!!!!!
Validation at epoch 51.
Validation Epoch 51, Batch 0 - Loss : 0.21082788705825806
Validation Epoch 51, Batch 50 - Loss : 0.5201910619496131
Validation Epoch 51, Batch 100 - Loss : 0.5111941671238678
Validation Epoch 51, Batch 150 - Loss : 0.5372911664651127
Validation Epoch 51, Batch 200 - Loss : 0.5339538243770674
Total video count: 3783
Epoch 51, * Video Acc@1 85.654 Video Acc@5 96.941, Loss: 0.532169319048744
Time taken for Epoch-51 is 397.6936614513397

Epoch 52 started
Train at epoch 52
Learning rate is: 2.9802322417497638e-12
Training Epoch 52, Batch 0, Loss: 0.00121
Training Epoch 52, Batch 50, Loss: 0.00974
Training Epoch 52, Batch 100, Loss: 0.01265
Training Epoch 52, Batch 150, Loss: 0.01259
Training Epoch 52, Batch 200, Loss: 0.01412
Training Epoch 52, Batch 250, Loss: 0.01515
Training Epoch 52, Batch 300, Loss: 0.01451
Training Epoch 52, Batch 350, Loss: 0.01450
Training Epoch 52, Batch 400, Loss: 0.01477
Training Epoch 52, Batch 450, Loss: 0.01442
Training Epoch 52, Batch 500, Loss: 0.01436
Training Epoch 52, Batch 550, Loss: 0.01448
Training Epoch: 52, Loss: 0.02230570854128134
!!!!!!!!!!!!!!!!!!!!!!!!!!!!!!!!!!!!!!!!!
Learning rate dropping to its 2th value to 1.4901161208748819e-12 at epoch 52
!!!!!!!!!!!!!!!!!!!!!!!!!!!!!!!!!!!!!!!!!
Validation at epoch 52.
Validation Epoch 52, Batch 0 - Loss : 0.13718801736831665
Validation Epoch 52, Batch 50 - Loss : 0.5284637968037643
Validation Epoch 52, Batch 100 - Loss : 0.558012112751511
Validation Epoch 52, Batch 150 - Loss : 0.534809782707891
Validation Epoch 52, Batch 200 - Loss : 0.5151289530035886
Total video count: 3783
Epoch 52, * Video Acc@1 85.786 Video Acc@5 97.073, Loss: 0.5329665607283528
Time taken for Epoch-52 is 398.0793969631195

Epoch 53 started
Train at epoch 53
Learning rate is: 1.4901161208748819e-12
Training Epoch 53, Batch 0, Loss: 0.00087
Training Epoch 53, Batch 50, Loss: 0.01255
Training Epoch 53, Batch 100, Loss: 0.01535
Training Epoch 53, Batch 150, Loss: 0.01704
Training Epoch 53, Batch 200, Loss: 0.01510
Training Epoch 53, Batch 250, Loss: 0.01585
Training Epoch 53, Batch 300, Loss: 0.01536
Training Epoch 53, Batch 350, Loss: 0.01436
Training Epoch 53, Batch 400, Loss: 0.01453
Training Epoch 53, Batch 450, Loss: 0.01449
Training Epoch 53, Batch 500, Loss: 0.01401
Training Epoch 53, Batch 550, Loss: 0.01346
Clip ../../datasets/UCF101-videos/Videos/SoccerJuggling/v_SoccerJuggling_g24_c07.avi is missing 2 frames.
Clip ../../datasets/UCF101-videos/Videos/Basketball/v_Basketball_g16_c05.avi is missing 5 frames.
Training Epoch: 53, Loss: 0.02229793112520464
!!!!!!!!!!!!!!!!!!!!!!!!!!!!!!!!!!!!!!!!!
Learning rate dropping to its 2th value to 7.450580604374409e-13 at epoch 53
!!!!!!!!!!!!!!!!!!!!!!!!!!!!!!!!!!!!!!!!!
Validation at epoch 53.
Validation Epoch 53, Batch 0 - Loss : 0.5334674119949341
Validation Epoch 53, Batch 50 - Loss : 0.4980984952519922
Validation Epoch 53, Batch 100 - Loss : 0.49283251454039373
Validation Epoch 53, Batch 150 - Loss : 0.5030025016942018
Validation Epoch 53, Batch 200 - Loss : 0.5261451197690817
Total video count: 3783
Epoch 53, * Video Acc@1 85.839 Video Acc@5 97.046, Loss: 0.5263514919029667
Time taken for Epoch-53 is 401.7161297798157

Learning rate is very low now, stopping the training.

real	308m32.179s
user	1540m20.821s
sys	164m39.217s
