CUDA_VISIBLE_DEVICES=0
Fri Dec  2 17:02:21 2022       
+-----------------------------------------------------------------------------+
| NVIDIA-SMI 520.61.05    Driver Version: 520.61.05    CUDA Version: 11.8     |
|-------------------------------+----------------------+----------------------+
| GPU  Name        Persistence-M| Bus-Id        Disp.A | Volatile Uncorr. ECC |
| Fan  Temp  Perf  Pwr:Usage/Cap|         Memory-Usage | GPU-Util  Compute M. |
|                               |                      |               MIG M. |
|===============================+======================+======================|
|   0  NVIDIA RTX A6000    On   | 00000000:3B:00.0 Off |                  Off |
| 30%   57C    P8    18W / 300W |      1MiB / 49140MiB |      0%      Default |
|                               |                      |                  N/A |
+-------------------------------+----------------------+----------------------+
                                                                               
+-----------------------------------------------------------------------------+
| Processes:                                                                  |
|  GPU   GI   CI        PID   Type   Process name                  GPU Memory |
|        ID   ID                                                   Usage      |
|=============================================================================|
|  No running processes found                                                 |
+-----------------------------------------------------------------------------+
Run ID: vivitv1
Architecture: vivit
np : <module 'numpy' from '/home/joefio/.conda/envs/spad/lib/python3.10/site-packages/numpy/__init__.py'>
num_classes : 102
num_frames : 16
fix_skip : 2
num_modes : 5
num_skips : 1
data_percentage : 1.0
batch_size : 16
v_batch_size : 16
learning_rate : 0.0001
num_workers : 4
num_epochs : 100
warmup_array : [0.010000001, 0.25750000100000003, 0.505000001, 0.7525000009999999, 1.000000001]
warmup : 5
scheduled_drop : 2
lr_patience : 0
patch_size : 16
hflip : [0]
cropping_facs : [0.8]
RGB : True
normalize : False
reso_h : 224
reso_w : 224
ori_reso_h : 240
ori_reso_w : 320
min_crop_factor_training : 0.6
wandb : False
ft_model freshly initialized! Pretrained: True
Only 1 GPU is available
Train dataset length: 9537
Train dataset steps per epoch: 596.0625
Validation dataset length: 3783
Validation dataset steps per epoch: 236.4375
Num skips [1]
Base learning rate 0.0001
Scheduler patient 0
Scheduler drop 2
Epoch 1 started
Train at epoch 1
Learning rate is: 2.5750000100000004e-05
Training Epoch 1, Batch 0, Loss: 4.84640
Training Epoch 1, Batch 50, Loss: 4.69243
Training Epoch 1, Batch 100, Loss: 4.67876
Training Epoch 1, Batch 150, Loss: 4.66890
Training Epoch 1, Batch 200, Loss: 4.66111
Training Epoch 1, Batch 250, Loss: 4.65599
Training Epoch 1, Batch 300, Loss: 4.65176
Training Epoch 1, Batch 350, Loss: 4.64704
Training Epoch 1, Batch 400, Loss: 4.64598
Training Epoch 1, Batch 450, Loss: 4.64405
Training Epoch 1, Batch 500, Loss: 4.64043
Training Epoch 1, Batch 550, Loss: 4.63891
[260 262 264 266 268 270 272 274 276 278 280 282 284 286 288 290]
Clip ../../datasets/UCF101-videos/Videos/GolfSwing/v_GolfSwing_g22_c03.avi Failed
Clip ../../datasets/UCF101-videos/Videos/VolleyballSpiking/v_VolleyballSpiking_g23_c03.avi is missing 1 frames.
Training Epoch: 1, Loss: 4.637590816472244
Validation at epoch 1.
Validation Epoch 1, Batch 0 - Loss : 4.571122169494629
Validation Epoch 1, Batch 50 - Loss : 4.609511328678505
Validation Epoch 1, Batch 100 - Loss : 4.604084510614376
Validation Epoch 1, Batch 150 - Loss : 4.605319837860714
Validation Epoch 1, Batch 200 - Loss : 4.6079161202729635
Total video count: 3783
Epoch 1, * Video Acc@1 1.635 Video Acc@5 6.065, Loss: 4.606927742937949
++++++++++++++++++++++++++++++
Epoch 1 is the best model till now for vivitv1!
++++++++++++++++++++++++++++++
Time taken for Epoch-1 is 544.9206576347351

Epoch 2 started
Train at epoch 2
Learning rate is: 5.05000001e-05
Training Epoch 2, Batch 0, Loss: 4.64547
Training Epoch 2, Batch 50, Loss: 4.60770
Training Epoch 2, Batch 100, Loss: 4.60335
Training Epoch 2, Batch 150, Loss: 4.59201
Training Epoch 2, Batch 200, Loss: 4.58128
Training Epoch 2, Batch 250, Loss: 4.57031
Training Epoch 2, Batch 300, Loss: 4.55735
Training Epoch 2, Batch 350, Loss: 4.55111
Training Epoch 2, Batch 400, Loss: 4.54139
Training Epoch 2, Batch 450, Loss: 4.53347
Training Epoch 2, Batch 500, Loss: 4.52406
Training Epoch 2, Batch 550, Loss: 4.51402
Clip ../../datasets/UCF101-videos/Videos/JugglingBalls/v_JugglingBalls_g18_c03.avi is missing 1 frames.
[306 308 310 312 314 316 318 320 322 324 326 328 330 332 334 336]
Clip ../../datasets/UCF101-videos/Videos/GolfSwing/v_GolfSwing_g22_c03.avi Failed
[313 315 317 319 321 323 325 327 329 331 333 335 337 339 341 343]
Clip ../../datasets/UCF101-videos/Videos/Basketball/v_Basketball_g16_c06.avi Failed
Training Epoch: 2, Loss: 4.504176220502486
Time taken for Epoch-2 is 402.43148136138916

Epoch 3 started
Train at epoch 3
Learning rate is: 7.525000009999999e-05
Training Epoch 3, Batch 0, Loss: 4.63803
Training Epoch 3, Batch 50, Loss: 4.48757
Training Epoch 3, Batch 100, Loss: 4.43743
Training Epoch 3, Batch 150, Loss: 4.41819
Training Epoch 3, Batch 200, Loss: 4.42135
Training Epoch 3, Batch 250, Loss: 4.41332
Training Epoch 3, Batch 300, Loss: 4.40392
Training Epoch 3, Batch 350, Loss: 4.39852
Training Epoch 3, Batch 400, Loss: 4.39692
Training Epoch 3, Batch 450, Loss: 4.39172
Training Epoch 3, Batch 500, Loss: 4.38326
Training Epoch 3, Batch 550, Loss: 4.38104
Training Epoch: 3, Loss: 4.377658700623504
Validation at epoch 3.
Validation Epoch 3, Batch 0 - Loss : 4.618600368499756
Validation Epoch 3, Batch 50 - Loss : 4.378392976873061
Validation Epoch 3, Batch 100 - Loss : 4.374731642184871
Validation Epoch 3, Batch 150 - Loss : 4.376757245979562
Validation Epoch 3, Batch 200 - Loss : 4.370025138949874
Total video count: 3783
Epoch 3, * Video Acc@1 2.874 Video Acc@5 13.238, Loss: 4.370545049256917
++++++++++++++++++++++++++++++
Epoch 3 is the best model till now for vivitv1!
++++++++++++++++++++++++++++++
Time taken for Epoch-3 is 544.5724799633026

Epoch 4 started
Train at epoch 4
Learning rate is: 0.00010000000010000001
Training Epoch 4, Batch 0, Loss: 4.38271
Training Epoch 4, Batch 50, Loss: 4.30418
Training Epoch 4, Batch 100, Loss: 4.31199
Training Epoch 4, Batch 150, Loss: 4.32298
Training Epoch 4, Batch 200, Loss: 4.32126
Training Epoch 4, Batch 250, Loss: 4.32268
Training Epoch 4, Batch 300, Loss: 4.32176
Training Epoch 4, Batch 350, Loss: 4.31822
Training Epoch 4, Batch 400, Loss: 4.31964
Training Epoch 4, Batch 450, Loss: 4.31511
Training Epoch 4, Batch 500, Loss: 4.31141
Training Epoch 4, Batch 550, Loss: 4.30564
Clip ../../datasets/UCF101-videos/Videos/Basketball/v_Basketball_g16_c01.avi is missing 5 frames.
Training Epoch: 4, Loss: 4.296474061020255
Time taken for Epoch-4 is 406.6226634979248

Epoch 5 started
Train at epoch 5
Learning rate is: 0.00010000000010000001
Training Epoch 5, Batch 0, Loss: 4.29489
Training Epoch 5, Batch 50, Loss: 4.20035
Training Epoch 5, Batch 100, Loss: 4.20480
Training Epoch 5, Batch 150, Loss: 4.18201
Training Epoch 5, Batch 200, Loss: 4.18458
Training Epoch 5, Batch 250, Loss: 4.18409
Training Epoch 5, Batch 300, Loss: 4.18408
Training Epoch 5, Batch 350, Loss: 4.18146
Training Epoch 5, Batch 400, Loss: 4.17660
Training Epoch 5, Batch 450, Loss: 4.16724
Training Epoch 5, Batch 500, Loss: 4.16257
Training Epoch 5, Batch 550, Loss: 4.15746
Training Epoch: 5, Loss: 4.1453992130368995
Validation at epoch 5.
Validation Epoch 5, Batch 0 - Loss : 4.053852081298828
Validation Epoch 5, Batch 50 - Loss : 4.092730498781391
Validation Epoch 5, Batch 100 - Loss : 4.0789498102546915
Validation Epoch 5, Batch 150 - Loss : 4.087831182985116
Validation Epoch 5, Batch 200 - Loss : 4.089218172860976
Total video count: 3783
Epoch 5, * Video Acc@1 6.514 Video Acc@5 22.284, Loss: 4.0954697916779335
++++++++++++++++++++++++++++++
Epoch 5 is the best model till now for vivitv1!
++++++++++++++++++++++++++++++
Time taken for Epoch-5 is 553.962530374527

Epoch 6 started
Train at epoch 6
Learning rate is: 0.00010000000010000001
Training Epoch 6, Batch 0, Loss: 4.06773
Training Epoch 6, Batch 50, Loss: 4.09117
Training Epoch 6, Batch 100, Loss: 4.08451
Training Epoch 6, Batch 150, Loss: 4.07516
Training Epoch 6, Batch 200, Loss: 4.06429
Training Epoch 6, Batch 250, Loss: 4.05386
Training Epoch 6, Batch 300, Loss: 4.03944
Training Epoch 6, Batch 350, Loss: 4.03588
Training Epoch 6, Batch 400, Loss: 4.03062
Training Epoch 6, Batch 450, Loss: 4.02363
Training Epoch 6, Batch 500, Loss: 4.01537
Training Epoch 6, Batch 550, Loss: 4.01523
[480 482 484 486 488 490 492 494 496 498 500 502 504 506 508 510]
Clip ../../datasets/UCF101-videos/Videos/Basketball/v_Basketball_g16_c01.avi Failed
Training Epoch: 6, Loss: 4.011077980699651
Time taken for Epoch-6 is 409.8943693637848

Epoch 7 started
Train at epoch 7
Learning rate is: 0.00010000000010000001
Training Epoch 7, Batch 0, Loss: 4.31201
Training Epoch 7, Batch 50, Loss: 3.96058
Training Epoch 7, Batch 100, Loss: 3.96152
Training Epoch 7, Batch 150, Loss: 3.94403
Training Epoch 7, Batch 200, Loss: 3.93061
Training Epoch 7, Batch 250, Loss: 3.89771
Training Epoch 7, Batch 300, Loss: 3.89216
Training Epoch 7, Batch 350, Loss: 3.88456
Training Epoch 7, Batch 400, Loss: 3.88049
Training Epoch 7, Batch 450, Loss: 3.87064
Training Epoch 7, Batch 500, Loss: 3.85994
Training Epoch 7, Batch 550, Loss: 3.84987
[236 238 240 242 244 246 248 250 252 254 256 258 260 262 264 266]
Clip ../../datasets/UCF101-videos/Videos/GolfSwing/v_GolfSwing_g22_c01.avi Failed
Training Epoch: 7, Loss: 3.8442427892381423
Time taken for Epoch-7 is 411.21028780937195

Epoch 8 started
Train at epoch 8
Learning rate is: 0.00010000000010000001
Training Epoch 8, Batch 0, Loss: 3.66525
Training Epoch 8, Batch 50, Loss: 3.72308
Training Epoch 8, Batch 100, Loss: 3.77447
Training Epoch 8, Batch 150, Loss: 3.75876
Training Epoch 8, Batch 200, Loss: 3.77182
Training Epoch 8, Batch 250, Loss: 3.75107
Training Epoch 8, Batch 300, Loss: 3.74013
Training Epoch 8, Batch 350, Loss: 3.73335
Training Epoch 8, Batch 400, Loss: 3.71926
Training Epoch 8, Batch 450, Loss: 3.71697
Training Epoch 8, Batch 500, Loss: 3.71142
Training Epoch 8, Batch 550, Loss: 3.70756
Clip ../../datasets/UCF101-videos/Videos/Basketball/v_Basketball_g16_c04.avi is missing 2 frames.
Training Epoch: 8, Loss: 3.695548643418892
Time taken for Epoch-8 is 409.2756333351135

Epoch 9 started
Train at epoch 9
Learning rate is: 0.00010000000010000001
Training Epoch 9, Batch 0, Loss: 3.35857
Training Epoch 9, Batch 50, Loss: 3.50625
Training Epoch 9, Batch 100, Loss: 3.55701
Training Epoch 9, Batch 150, Loss: 3.54136
Training Epoch 9, Batch 200, Loss: 3.55764
Training Epoch 9, Batch 250, Loss: 3.55385
Training Epoch 9, Batch 300, Loss: 3.56114
Training Epoch 9, Batch 350, Loss: 3.56246
Training Epoch 9, Batch 400, Loss: 3.55589
Training Epoch 9, Batch 450, Loss: 3.56025
Training Epoch 9, Batch 500, Loss: 3.55485
Training Epoch 9, Batch 550, Loss: 3.54368
Clip ../../datasets/UCF101-videos/Videos/GolfSwing/v_GolfSwing_g22_c02.avi is missing 3 frames.
Training Epoch: 9, Loss: 3.5344463313244896
Time taken for Epoch-9 is 409.909784078598

Epoch 10 started
Train at epoch 10
Learning rate is: 0.00010000000010000001
Training Epoch 10, Batch 0, Loss: 3.55671
Training Epoch 10, Batch 50, Loss: 3.47939
Training Epoch 10, Batch 100, Loss: 3.40709
Training Epoch 10, Batch 150, Loss: 3.41449
Training Epoch 10, Batch 200, Loss: 3.41408
Training Epoch 10, Batch 250, Loss: 3.40915
Training Epoch 10, Batch 300, Loss: 3.41758
Training Epoch 10, Batch 350, Loss: 3.42186
Training Epoch 10, Batch 400, Loss: 3.42247
Training Epoch 10, Batch 450, Loss: 3.40665
Training Epoch 10, Batch 500, Loss: 3.40319
Training Epoch 10, Batch 550, Loss: 3.39011
[309 311 313 315 317 319 321 323 325 327 329 331 333 335 337 339]
Clip ../../datasets/UCF101-videos/Videos/GolfSwing/v_GolfSwing_g22_c03.avi Failed
Clip ../../datasets/UCF101-videos/Videos/Basketball/v_Basketball_g16_c05.avi is missing 6 frames.
Training Epoch: 10, Loss: 3.39096766580489
Validation at epoch 10.
Validation Epoch 10, Batch 0 - Loss : 4.023825645446777
Validation Epoch 10, Batch 50 - Loss : 3.657717980590521
Validation Epoch 10, Batch 100 - Loss : 3.6905800658877532
Validation Epoch 10, Batch 150 - Loss : 3.674016109365501
Validation Epoch 10, Batch 200 - Loss : 3.6618903359370445
Total video count: 3783
Epoch 10, * Video Acc@1 14.662 Video Acc@5 36.946, Loss: 3.672426230796782
++++++++++++++++++++++++++++++
Epoch 10 is the best model till now for vivitv1!
++++++++++++++++++++++++++++++
Time taken for Epoch-10 is 550.9767959117889

Epoch 11 started
Train at epoch 11
Learning rate is: 0.00010000000010000001
Training Epoch 11, Batch 0, Loss: 3.44546
Training Epoch 11, Batch 50, Loss: 3.35621
Training Epoch 11, Batch 100, Loss: 3.30785
Training Epoch 11, Batch 150, Loss: 3.29144
Training Epoch 11, Batch 200, Loss: 3.29525
Training Epoch 11, Batch 250, Loss: 3.28937
Training Epoch 11, Batch 300, Loss: 3.28399
Training Epoch 11, Batch 350, Loss: 3.27369
Training Epoch 11, Batch 400, Loss: 3.25944
Training Epoch 11, Batch 450, Loss: 3.25672
Training Epoch 11, Batch 500, Loss: 3.24624
Training Epoch 11, Batch 550, Loss: 3.23857
Training Epoch: 11, Loss: 3.230956075578878
Time taken for Epoch-11 is 408.2107799053192

Epoch 12 started
Train at epoch 12
Learning rate is: 0.00010000000010000001
Training Epoch 12, Batch 0, Loss: 2.85456
Training Epoch 12, Batch 50, Loss: 3.07972
Training Epoch 12, Batch 100, Loss: 3.14691
Training Epoch 12, Batch 150, Loss: 3.14388
Training Epoch 12, Batch 200, Loss: 3.14718
Training Epoch 12, Batch 250, Loss: 3.13051
Training Epoch 12, Batch 300, Loss: 3.12190
Training Epoch 12, Batch 350, Loss: 3.10609
Training Epoch 12, Batch 400, Loss: 3.09745
Training Epoch 12, Batch 450, Loss: 3.08716
Training Epoch 12, Batch 500, Loss: 3.08506
Training Epoch 12, Batch 550, Loss: 3.07365
Clip ../../datasets/UCF101-videos/Videos/TennisSwing/v_TennisSwing_g20_c02.avi is missing 1 frames.
Clip ../../datasets/UCF101-videos/Videos/JugglingBalls/v_JugglingBalls_g18_c03.avi is missing 1 frames.
Training Epoch: 12, Loss: 3.0757711720426677
Time taken for Epoch-12 is 407.74067401885986

Epoch 13 started
Train at epoch 13
Learning rate is: 0.00010000000010000001
Training Epoch 13, Batch 0, Loss: 3.04599
Training Epoch 13, Batch 50, Loss: 3.04429
Training Epoch 13, Batch 100, Loss: 2.94084
Training Epoch 13, Batch 150, Loss: 2.95499
Training Epoch 13, Batch 200, Loss: 2.96634
Training Epoch 13, Batch 250, Loss: 2.94140
Training Epoch 13, Batch 300, Loss: 2.94407
Training Epoch 13, Batch 350, Loss: 2.93520
Training Epoch 13, Batch 400, Loss: 2.93550
Training Epoch 13, Batch 450, Loss: 2.92243
Training Epoch 13, Batch 500, Loss: 2.91401
Training Epoch 13, Batch 550, Loss: 2.90462
Training Epoch: 13, Loss: 2.896686541175523
Time taken for Epoch-13 is 428.905250787735

Epoch 14 started
Train at epoch 14
Learning rate is: 0.00010000000010000001
Training Epoch 14, Batch 0, Loss: 2.82354
Training Epoch 14, Batch 50, Loss: 2.83932
Training Epoch 14, Batch 100, Loss: 2.80705
Training Epoch 14, Batch 150, Loss: 2.75197
Training Epoch 14, Batch 200, Loss: 2.73014
Training Epoch 14, Batch 250, Loss: 2.72387
Training Epoch 14, Batch 300, Loss: 2.73736
Training Epoch 14, Batch 350, Loss: 2.73577
Training Epoch 14, Batch 400, Loss: 2.72826
Training Epoch 14, Batch 450, Loss: 2.72925
Training Epoch 14, Batch 500, Loss: 2.72270
Training Epoch 14, Batch 550, Loss: 2.70949
[254 256 258 260 262 264 266 268 270 272 274 276 278 280 282 284]
Clip ../../datasets/UCF101-videos/Videos/GolfSwing/v_GolfSwing_g22_c02.avi Failed
Clip ../../datasets/UCF101-videos/Videos/SoccerJuggling/v_SoccerJuggling_g16_c07.avi is missing 1 frames.
[304 306 308 310 312 314 316 318 320 322 324 326 328 330 332 334]
Clip ../../datasets/UCF101-videos/Videos/GolfSwing/v_GolfSwing_g22_c03.avi Failed
[437 439 441 443 445 447 449 451 453 455 457 459 461 463 465 467]
Clip ../../datasets/UCF101-videos/Videos/Basketball/v_Basketball_g16_c05.avi Failed
Clip ../../datasets/UCF101-videos/Videos/TennisSwing/v_TennisSwing_g16_c06.avi is missing 1 frames.
Clip ../../datasets/UCF101-videos/Videos/SoccerJuggling/v_SoccerJuggling_g24_c06.avi is missing 2 frames.
Clip ../../datasets/UCF101-videos/Videos/TennisSwing/v_TennisSwing_g16_c03.avi is missing 2 frames.
Training Epoch: 14, Loss: 2.7097260888098074
Time taken for Epoch-14 is 412.0055856704712

Epoch 15 started
Train at epoch 15
Learning rate is: 0.00010000000010000001
Training Epoch 15, Batch 0, Loss: 2.57125
Training Epoch 15, Batch 50, Loss: 2.62095
Training Epoch 15, Batch 100, Loss: 2.56044
Training Epoch 15, Batch 150, Loss: 2.55128
Training Epoch 15, Batch 200, Loss: 2.58542
Training Epoch 15, Batch 250, Loss: 2.59541
Training Epoch 15, Batch 300, Loss: 2.57809
Training Epoch 15, Batch 350, Loss: 2.57930
Training Epoch 15, Batch 400, Loss: 2.58393
Training Epoch 15, Batch 450, Loss: 2.57870
Training Epoch 15, Batch 500, Loss: 2.57359
Training Epoch 15, Batch 550, Loss: 2.56707
Clip ../../datasets/UCF101-videos/Videos/Basketball/v_Basketball_g16_c02.avi is missing 5 frames.
[241 243 245 247 249 251 253 255 257 259 261 263 265 267 269 271]
Clip ../../datasets/UCF101-videos/Videos/GolfSwing/v_GolfSwing_g22_c01.avi Failed
Training Epoch: 15, Loss: 2.554072665808788
Time taken for Epoch-15 is 413.19678020477295

Epoch 16 started
Train at epoch 16
Learning rate is: 0.00010000000010000001
Training Epoch 16, Batch 0, Loss: 4.00301
Training Epoch 16, Batch 50, Loss: 2.48079
Training Epoch 16, Batch 100, Loss: 2.48726
Training Epoch 16, Batch 150, Loss: 2.44252
Training Epoch 16, Batch 200, Loss: 2.44278
Training Epoch 16, Batch 250, Loss: 2.42618
Training Epoch 16, Batch 300, Loss: 2.41570
Training Epoch 16, Batch 350, Loss: 2.39899
Training Epoch 16, Batch 400, Loss: 2.39642
Training Epoch 16, Batch 450, Loss: 2.39849
Training Epoch 16, Batch 500, Loss: 2.40552
Training Epoch 16, Batch 550, Loss: 2.40063
Clip ../../datasets/UCF101-videos/Videos/JugglingBalls/v_JugglingBalls_g18_c02.avi is missing 3 frames.
[281 283 285 287 289 291 293 295 297 299 301 303 305 307 309 311]
Clip ../../datasets/UCF101-videos/Videos/GolfSwing/v_GolfSwing_g22_c03.avi Failed
Training Epoch: 16, Loss: 2.391929109691575
Time taken for Epoch-16 is 412.1623635292053

Epoch 17 started
Train at epoch 17
Learning rate is: 0.00010000000010000001
Training Epoch 17, Batch 0, Loss: 2.34994
Training Epoch 17, Batch 50, Loss: 2.20586
Training Epoch 17, Batch 100, Loss: 2.21584
Training Epoch 17, Batch 150, Loss: 2.25171
Training Epoch 17, Batch 200, Loss: 2.26955
Training Epoch 17, Batch 250, Loss: 2.25660
Training Epoch 17, Batch 300, Loss: 2.24390
Training Epoch 17, Batch 350, Loss: 2.24374
Training Epoch 17, Batch 400, Loss: 2.25015
Training Epoch 17, Batch 450, Loss: 2.24573
Training Epoch 17, Batch 500, Loss: 2.24104
Training Epoch 17, Batch 550, Loss: 2.23869
[232 234 236 238 240 242 244 246 248 250 252 254 256 258 260 262]
Clip ../../datasets/UCF101-videos/Videos/GolfSwing/v_GolfSwing_g22_c02.avi Failed
[251 253 255 257 259 261 263 265 267 269 271 273 275 277 279 281]
Clip ../../datasets/UCF101-videos/Videos/GolfSwing/v_GolfSwing_g22_c01.avi Failed
Clip ../../datasets/UCF101-videos/Videos/Basketball/v_Basketball_g16_c03.avi is missing 2 frames.
Training Epoch: 17, Loss: 2.225877328334342
Time taken for Epoch-17 is 403.11428594589233

Epoch 18 started
Train at epoch 18
Learning rate is: 0.00010000000010000001
Training Epoch 18, Batch 0, Loss: 2.45367
Training Epoch 18, Batch 50, Loss: 2.08674
Training Epoch 18, Batch 100, Loss: 2.12664
Training Epoch 18, Batch 150, Loss: 2.12804
Training Epoch 18, Batch 200, Loss: 2.11913
Training Epoch 18, Batch 250, Loss: 2.11520
Training Epoch 18, Batch 300, Loss: 2.12830
Training Epoch 18, Batch 350, Loss: 2.13908
Training Epoch 18, Batch 400, Loss: 2.11656
Training Epoch 18, Batch 450, Loss: 2.11535
Training Epoch 18, Batch 500, Loss: 2.12001
Training Epoch 18, Batch 550, Loss: 2.11182
Clip ../../datasets/UCF101-videos/Videos/GolfSwing/v_GolfSwing_g22_c02.avi is missing 2 frames.
Training Epoch: 18, Loss: 2.108402446686123
Time taken for Epoch-18 is 408.60538125038147

Epoch 19 started
Train at epoch 19
Learning rate is: 0.00010000000010000001
Training Epoch 19, Batch 0, Loss: 2.38515
Training Epoch 19, Batch 50, Loss: 2.18220
Training Epoch 19, Batch 100, Loss: 2.06032
Training Epoch 19, Batch 150, Loss: 2.04398
Training Epoch 19, Batch 200, Loss: 2.03554
Training Epoch 19, Batch 250, Loss: 2.00081
Training Epoch 19, Batch 300, Loss: 1.99865
Training Epoch 19, Batch 350, Loss: 1.97504
Training Epoch 19, Batch 400, Loss: 1.97341
Training Epoch 19, Batch 450, Loss: 1.97568
Training Epoch 19, Batch 500, Loss: 1.96884
Training Epoch 19, Batch 550, Loss: 1.95630
[279 281 283 285 287 289 291 293 295 297 299 301 303 305 307 309]
Clip ../../datasets/UCF101-videos/Videos/GolfSwing/v_GolfSwing_g22_c03.avi Failed
Training Epoch: 19, Loss: 1.9509679445469599
Time taken for Epoch-19 is 406.5219404697418

Epoch 20 started
Train at epoch 20
Learning rate is: 0.00010000000010000001
Training Epoch 20, Batch 0, Loss: 1.77227
Training Epoch 20, Batch 50, Loss: 1.83810
Training Epoch 20, Batch 100, Loss: 1.80330
Training Epoch 20, Batch 150, Loss: 1.83991
Training Epoch 20, Batch 200, Loss: 1.82928
Training Epoch 20, Batch 250, Loss: 1.81977
Training Epoch 20, Batch 300, Loss: 1.82079
Training Epoch 20, Batch 350, Loss: 1.80777
Training Epoch 20, Batch 400, Loss: 1.82250
Training Epoch 20, Batch 450, Loss: 1.82401
Training Epoch 20, Batch 500, Loss: 1.82667
Training Epoch 20, Batch 550, Loss: 1.81838
[280 282 284 286 288 290 292 294 296 298 300 302 304 306 308 310]
Clip ../../datasets/UCF101-videos/Videos/GolfSwing/v_GolfSwing_g22_c03.avi Failed
Training Epoch: 20, Loss: 1.8098130508184034
Validation at epoch 20.
Validation Epoch 20, Batch 0 - Loss : 3.7861664295196533
Validation Epoch 20, Batch 50 - Loss : 3.674586067012712
Validation Epoch 20, Batch 100 - Loss : 3.6657031408630973
Validation Epoch 20, Batch 150 - Loss : 3.639970574157917
Validation Epoch 20, Batch 200 - Loss : 3.6071828324996416
Total video count: 3783
Epoch 20, * Video Acc@1 22.521 Video Acc@5 44.594, Loss: 3.6217765586788646
++++++++++++++++++++++++++++++
Epoch 20 is the best model till now for vivitv1!
++++++++++++++++++++++++++++++
Time taken for Epoch-20 is 534.9372615814209

Epoch 21 started
Train at epoch 21
Learning rate is: 0.00010000000010000001
Training Epoch 21, Batch 0, Loss: 1.33132
Training Epoch 21, Batch 50, Loss: 1.67294
Training Epoch 21, Batch 100, Loss: 1.73153
Training Epoch 21, Batch 150, Loss: 1.71975
Training Epoch 21, Batch 200, Loss: 1.71203
Training Epoch 21, Batch 250, Loss: 1.71277
Training Epoch 21, Batch 300, Loss: 1.69830
Training Epoch 21, Batch 350, Loss: 1.69246
Training Epoch 21, Batch 400, Loss: 1.68078
Training Epoch 21, Batch 450, Loss: 1.67155
Training Epoch 21, Batch 500, Loss: 1.66242
Training Epoch 21, Batch 550, Loss: 1.65532
Clip ../../datasets/UCF101-videos/Videos/TennisSwing/v_TennisSwing_g16_c02.avi is missing 1 frames.
Clip ../../datasets/UCF101-videos/Videos/GolfSwing/v_GolfSwing_g22_c03.avi is missing 6 frames.
[243 245 247 249 251 253 255 257 259 261 263 265 267 269 271 273]
Clip ../../datasets/UCF101-videos/Videos/GolfSwing/v_GolfSwing_g22_c01.avi Failed
Training Epoch: 21, Loss: 1.6554174149655416
Time taken for Epoch-21 is 399.0534875392914

Epoch 22 started
Train at epoch 22
Learning rate is: 0.00010000000010000001
Training Epoch 22, Batch 0, Loss: 1.41230
Training Epoch 22, Batch 50, Loss: 1.60946
Training Epoch 22, Batch 100, Loss: 1.59666
Training Epoch 22, Batch 150, Loss: 1.61822
Training Epoch 22, Batch 200, Loss: 1.58922
Training Epoch 22, Batch 250, Loss: 1.60458
Training Epoch 22, Batch 300, Loss: 1.59010
Training Epoch 22, Batch 350, Loss: 1.57813
Training Epoch 22, Batch 400, Loss: 1.57771
Training Epoch 22, Batch 450, Loss: 1.56843
Training Epoch 22, Batch 500, Loss: 1.56958
Training Epoch 22, Batch 550, Loss: 1.57717
Training Epoch: 22, Loss: 1.5672980681735666
Time taken for Epoch-22 is 459.3183681964874

Epoch 23 started
Train at epoch 23
Learning rate is: 0.00010000000010000001
Training Epoch 23, Batch 0, Loss: 2.13426
Training Epoch 23, Batch 50, Loss: 1.56731
Training Epoch 23, Batch 100, Loss: 1.57126
Training Epoch 23, Batch 150, Loss: 1.52208
Training Epoch 23, Batch 200, Loss: 1.51624
Training Epoch 23, Batch 250, Loss: 1.48322
Training Epoch 23, Batch 300, Loss: 1.47679
Training Epoch 23, Batch 350, Loss: 1.47020
Training Epoch 23, Batch 400, Loss: 1.47357
Training Epoch 23, Batch 450, Loss: 1.47563
Training Epoch 23, Batch 500, Loss: 1.46791
Training Epoch 23, Batch 550, Loss: 1.46279
[258 260 262 264 266 268 270 272 274 276 278 280 282 284 286 288]
Clip ../../datasets/UCF101-videos/Videos/GolfSwing/v_GolfSwing_g22_c01.avi Failed
Training Epoch: 23, Loss: 1.4576620822975184
Time taken for Epoch-23 is 407.52495551109314

Epoch 24 started
Train at epoch 24
Learning rate is: 0.00010000000010000001
Training Epoch 24, Batch 0, Loss: 0.81827
Training Epoch 24, Batch 50, Loss: 1.46488
Training Epoch 24, Batch 100, Loss: 1.46587
Training Epoch 24, Batch 150, Loss: 1.44667
Training Epoch 24, Batch 200, Loss: 1.46406
Training Epoch 24, Batch 250, Loss: 1.44519
Training Epoch 24, Batch 300, Loss: 1.44131
Training Epoch 24, Batch 350, Loss: 1.41177
Training Epoch 24, Batch 400, Loss: 1.39994
Training Epoch 24, Batch 450, Loss: 1.39453
Training Epoch 24, Batch 500, Loss: 1.38418
Training Epoch 24, Batch 550, Loss: 1.38432
[260 262 264 266 268 270 272 274 276 278 280 282 284 286 288 290]
Clip ../../datasets/UCF101-videos/Videos/GolfSwing/v_GolfSwing_g22_c01.avi Failed
Clip ../../datasets/UCF101-videos/Videos/Basketball/v_Basketball_g16_c06.avi is missing 6 frames.
Training Epoch: 24, Loss: 1.3784238939833402
Time taken for Epoch-24 is 414.75203108787537

Epoch 25 started
Train at epoch 25
Learning rate is: 0.00010000000010000001
Training Epoch 25, Batch 0, Loss: 1.06216
Training Epoch 25, Batch 50, Loss: 1.38350
Training Epoch 25, Batch 100, Loss: 1.34916
Training Epoch 25, Batch 150, Loss: 1.30320
Training Epoch 25, Batch 200, Loss: 1.31705
Training Epoch 25, Batch 250, Loss: 1.31409
Training Epoch 25, Batch 300, Loss: 1.31016
Training Epoch 25, Batch 350, Loss: 1.32296
Training Epoch 25, Batch 400, Loss: 1.33115
Training Epoch 25, Batch 450, Loss: 1.32788
Training Epoch 25, Batch 500, Loss: 1.32780
Training Epoch 25, Batch 550, Loss: 1.33056
[466 468 470 472 474 476 478 480 482 484 486 488 490 492 494 496]
Clip ../../datasets/UCF101-videos/Videos/Basketball/v_Basketball_g16_c01.avi Failed
Training Epoch: 25, Loss: 1.3237627970812909
Validation at epoch 25.
Validation Epoch 25, Batch 0 - Loss : 3.7653629779815674
Validation Epoch 25, Batch 50 - Loss : 3.7056871582480038
Validation Epoch 25, Batch 100 - Loss : 3.732567286727452
Validation Epoch 25, Batch 150 - Loss : 3.735822903399436
Validation Epoch 25, Batch 200 - Loss : 3.731715003056313
Total video count: 3783
Epoch 25, * Video Acc@1 25.659 Video Acc@5 47.627, Loss: 3.699895767219962
++++++++++++++++++++++++++++++
Epoch 25 is the best model till now for vivitv1!
++++++++++++++++++++++++++++++
Time taken for Epoch-25 is 540.0468101501465

Epoch 26 started
Train at epoch 26
Learning rate is: 0.00010000000010000001
Training Epoch 26, Batch 0, Loss: 1.04390
Training Epoch 26, Batch 50, Loss: 1.24937
Training Epoch 26, Batch 100, Loss: 1.19385
Training Epoch 26, Batch 150, Loss: 1.19695
Training Epoch 26, Batch 200, Loss: 1.20736
Training Epoch 26, Batch 250, Loss: 1.19050
Training Epoch 26, Batch 300, Loss: 1.19351
Training Epoch 26, Batch 350, Loss: 1.20035
Training Epoch 26, Batch 400, Loss: 1.20223
Training Epoch 26, Batch 450, Loss: 1.19221
Training Epoch 26, Batch 500, Loss: 1.19970
Training Epoch 26, Batch 550, Loss: 1.20699
Clip ../../datasets/UCF101-videos/Videos/GolfSwing/v_GolfSwing_g22_c03.avi is missing 7 frames.
Training Epoch: 26, Loss: 1.2093984267020745
Time taken for Epoch-26 is 401.556843996048

Epoch 27 started
Train at epoch 27
Learning rate is: 0.00010000000010000001
Training Epoch 27, Batch 0, Loss: 1.25684
Training Epoch 27, Batch 50, Loss: 1.22387
Training Epoch 27, Batch 100, Loss: 1.17201
Training Epoch 27, Batch 150, Loss: 1.16818
Training Epoch 27, Batch 200, Loss: 1.15753
Training Epoch 27, Batch 250, Loss: 1.15401
Training Epoch 27, Batch 300, Loss: 1.13664
Training Epoch 27, Batch 350, Loss: 1.14740
Training Epoch 27, Batch 400, Loss: 1.15032
Training Epoch 27, Batch 450, Loss: 1.14713
Training Epoch 27, Batch 500, Loss: 1.15171
Training Epoch 27, Batch 550, Loss: 1.14518
Clip ../../datasets/UCF101-videos/Videos/VolleyballSpiking/v_VolleyballSpiking_g23_c03.avi is missing 2 frames.
Clip ../../datasets/UCF101-videos/Videos/Basketball/v_Basketball_g18_c05.avi is missing 1 frames.
Training Epoch: 27, Loss: 1.1527408756053628
Time taken for Epoch-27 is 399.6862096786499

Epoch 28 started
Train at epoch 28
Learning rate is: 0.00010000000010000001
Training Epoch 28, Batch 0, Loss: 0.73085
Training Epoch 28, Batch 50, Loss: 1.05037
Training Epoch 28, Batch 100, Loss: 1.05500
Training Epoch 28, Batch 150, Loss: 1.05418
Training Epoch 28, Batch 200, Loss: 1.07584
Training Epoch 28, Batch 250, Loss: 1.09309
Training Epoch 28, Batch 300, Loss: 1.09924
Training Epoch 28, Batch 350, Loss: 1.09206
Training Epoch 28, Batch 400, Loss: 1.09946
Training Epoch 28, Batch 450, Loss: 1.10043
Training Epoch 28, Batch 500, Loss: 1.09709
Training Epoch 28, Batch 550, Loss: 1.09750
Training Epoch: 28, Loss: 1.091885957486266
Time taken for Epoch-28 is 398.38592648506165

Epoch 29 started
Train at epoch 29
Learning rate is: 0.00010000000010000001
Training Epoch 29, Batch 0, Loss: 0.90255
Training Epoch 29, Batch 50, Loss: 1.06951
Training Epoch 29, Batch 100, Loss: 1.04271
Training Epoch 29, Batch 150, Loss: 1.04981
Training Epoch 29, Batch 200, Loss: 1.05435
Training Epoch 29, Batch 250, Loss: 1.04810
Training Epoch 29, Batch 300, Loss: 1.05242
Training Epoch 29, Batch 350, Loss: 1.04955
Training Epoch 29, Batch 400, Loss: 1.04367
Training Epoch 29, Batch 450, Loss: 1.04307
Training Epoch 29, Batch 500, Loss: 1.05294
Training Epoch 29, Batch 550, Loss: 1.04826
Clip ../../datasets/UCF101-videos/Videos/Basketball/v_Basketball_g18_c03.avi is missing 1 frames.
Training Epoch: 29, Loss: 1.0541564029277968
Time taken for Epoch-29 is 401.21934151649475

Epoch 30 started
Train at epoch 30
Learning rate is: 0.00010000000010000001
Training Epoch 30, Batch 0, Loss: 1.39069
Training Epoch 30, Batch 50, Loss: 1.02598
Training Epoch 30, Batch 100, Loss: 0.99130
Training Epoch 30, Batch 150, Loss: 0.96874
Training Epoch 30, Batch 200, Loss: 0.97564
Training Epoch 30, Batch 250, Loss: 0.97129
Training Epoch 30, Batch 300, Loss: 0.97703
Training Epoch 30, Batch 350, Loss: 0.98475
Training Epoch 30, Batch 400, Loss: 0.99228
Training Epoch 30, Batch 450, Loss: 0.99849
Training Epoch 30, Batch 500, Loss: 1.00246
Training Epoch 30, Batch 550, Loss: 1.01663
Training Epoch: 30, Loss: 1.0203828974634759
Validation at epoch 30.
Validation Epoch 30, Batch 0 - Loss : 3.6272809505462646
Validation Epoch 30, Batch 50 - Loss : 3.7713664372762046
Validation Epoch 30, Batch 100 - Loss : 3.7821613420354256
Validation Epoch 30, Batch 150 - Loss : 3.826684999150156
Validation Epoch 30, Batch 200 - Loss : 3.8582253574731933
Total video count: 3783
Epoch 30, * Video Acc@1 25.316 Video Acc@5 47.732, Loss: 3.873287899081717
Time taken for Epoch-30 is 541.5763127803802

Epoch 31 started
Train at epoch 31
Learning rate is: 0.00010000000010000001
Training Epoch 31, Batch 0, Loss: 0.61768
Training Epoch 31, Batch 50, Loss: 1.01680
Training Epoch 31, Batch 100, Loss: 0.92230
Training Epoch 31, Batch 150, Loss: 0.94111
Training Epoch 31, Batch 200, Loss: 0.95251
Training Epoch 31, Batch 250, Loss: 0.95537
Training Epoch 31, Batch 300, Loss: 0.94726
Training Epoch 31, Batch 350, Loss: 0.93788
Training Epoch 31, Batch 400, Loss: 0.91878
Training Epoch 31, Batch 450, Loss: 0.91900
Training Epoch 31, Batch 500, Loss: 0.91955
Training Epoch 31, Batch 550, Loss: 0.91995
[304 306 308 310 312 314 316 318 320 322 324 326 328 330 332 334]
Clip ../../datasets/UCF101-videos/Videos/Basketball/v_Basketball_g16_c06.avi Failed
Clip ../../datasets/UCF101-videos/Videos/Basketball/v_Basketball_g16_c01.avi is missing 6 frames.
Training Epoch: 31, Loss: 0.9205651101055656
Time taken for Epoch-31 is 399.9873535633087

Epoch 32 started
Train at epoch 32
Learning rate is: 0.00010000000010000001
Training Epoch 32, Batch 0, Loss: 0.51065
Training Epoch 32, Batch 50, Loss: 0.98884
Training Epoch 32, Batch 100, Loss: 0.97094
Training Epoch 32, Batch 150, Loss: 0.91743
Training Epoch 32, Batch 200, Loss: 0.91893
Training Epoch 32, Batch 250, Loss: 0.92037
Training Epoch 32, Batch 300, Loss: 0.92190
Training Epoch 32, Batch 350, Loss: 0.91665
Training Epoch 32, Batch 400, Loss: 0.92993
Training Epoch 32, Batch 450, Loss: 0.93074
Training Epoch 32, Batch 500, Loss: 0.92393
Training Epoch 32, Batch 550, Loss: 0.92431
[438 440 442 444 446 448 450 452 454 456 458 460 462 464 466 468]
Clip ../../datasets/UCF101-videos/Videos/Basketball/v_Basketball_g16_c05.avi Failed
[251 253 255 257 259 261 263 265 267 269 271 273 275 277 279 281]
Clip ../../datasets/UCF101-videos/Videos/GolfSwing/v_GolfSwing_g22_c02.avi Failed
[468 470 472 474 476 478 480 482 484 486 488 490 492 494 496 498]
Clip ../../datasets/UCF101-videos/Videos/PoleVault/v_PoleVault_g14_c04.avi Failed
Clip ../../datasets/UCF101-videos/Videos/JugglingBalls/v_JugglingBalls_g18_c03.avi is missing 2 frames.
Training Epoch: 32, Loss: 0.9270868631613315
!!!!!!!!!!!!!!!!!!!!!!!!!!!!!!!!!!!!!!!!!
Learning rate dropping to its 2th value to 5.0000000050000005e-05 at epoch 32
!!!!!!!!!!!!!!!!!!!!!!!!!!!!!!!!!!!!!!!!!
Time taken for Epoch-32 is 401.38769149780273

Epoch 33 started
Train at epoch 33
Learning rate is: 5.0000000050000005e-05
Training Epoch 33, Batch 0, Loss: 1.19314
Training Epoch 33, Batch 50, Loss: 0.90965
Training Epoch 33, Batch 100, Loss: 0.82548
Training Epoch 33, Batch 150, Loss: 0.81823
Training Epoch 33, Batch 200, Loss: 0.79171
Training Epoch 33, Batch 250, Loss: 0.76727
Training Epoch 33, Batch 300, Loss: 0.76875
Training Epoch 33, Batch 350, Loss: 0.75930
Training Epoch 33, Batch 400, Loss: 0.74720
Training Epoch 33, Batch 450, Loss: 0.75440
Training Epoch 33, Batch 500, Loss: 0.75308
Training Epoch 33, Batch 550, Loss: 0.74838
[242 244 246 248 250 252 254 256 258 260 262 264 266 268 270 272]
Clip ../../datasets/UCF101-videos/Videos/GolfSwing/v_GolfSwing_g22_c02.avi Failed
Clip ../../datasets/UCF101-videos/Videos/Basketball/v_Basketball_g16_c06.avi is missing 3 frames.
Training Epoch: 33, Loss: 0.7516346995467617
Time taken for Epoch-33 is 398.4791123867035

Epoch 34 started
Train at epoch 34
Learning rate is: 5.0000000050000005e-05
Training Epoch 34, Batch 0, Loss: 0.58002
Training Epoch 34, Batch 50, Loss: 0.70371
Training Epoch 34, Batch 100, Loss: 0.69379
Training Epoch 34, Batch 150, Loss: 0.70995
Training Epoch 34, Batch 200, Loss: 0.70236
Training Epoch 34, Batch 250, Loss: 0.71848
Training Epoch 34, Batch 300, Loss: 0.71705
Training Epoch 34, Batch 350, Loss: 0.72020
Training Epoch 34, Batch 400, Loss: 0.71295
Training Epoch 34, Batch 450, Loss: 0.70787
Training Epoch 34, Batch 500, Loss: 0.70814
Training Epoch 34, Batch 550, Loss: 0.70491
Clip ../../datasets/UCF101-videos/Videos/Basketball/v_Basketball_g16_c04.avi is missing 1 frames.
Clip ../../datasets/UCF101-videos/Videos/VolleyballSpiking/v_VolleyballSpiking_g23_c03.avi is missing 1 frames.
Training Epoch: 34, Loss: 0.7086337594068929
Time taken for Epoch-34 is 398.5104088783264

Epoch 35 started
Train at epoch 35
Learning rate is: 5.0000000050000005e-05
Training Epoch 35, Batch 0, Loss: 0.36339
Training Epoch 35, Batch 50, Loss: 0.66584
Training Epoch 35, Batch 100, Loss: 0.66098
Training Epoch 35, Batch 150, Loss: 0.67120
Training Epoch 35, Batch 200, Loss: 0.68140
Training Epoch 35, Batch 250, Loss: 0.68400
Training Epoch 35, Batch 300, Loss: 0.68705
Training Epoch 35, Batch 350, Loss: 0.70075
Training Epoch 35, Batch 400, Loss: 0.68976
Training Epoch 35, Batch 450, Loss: 0.67781
Training Epoch 35, Batch 500, Loss: 0.67572
Training Epoch 35, Batch 550, Loss: 0.67149
[466 468 470 472 474 476 478 480 482 484 486 488 490 492 494 496]
Clip ../../datasets/UCF101-videos/Videos/PoleVault/v_PoleVault_g14_c04.avi Failed
Training Epoch: 35, Loss: 0.6761716118884247
Validation at epoch 35.
Validation Epoch 35, Batch 0 - Loss : 3.6820695400238037
Validation Epoch 35, Batch 50 - Loss : 4.132331123539045
Validation Epoch 35, Batch 100 - Loss : 4.043226910109567
Validation Epoch 35, Batch 150 - Loss : 4.0244761586978735
Validation Epoch 35, Batch 200 - Loss : 4.009697819230569
Total video count: 3783
Epoch 35, * Video Acc@1 26.424 Video Acc@5 48.418, Loss: 3.9656119477396774
++++++++++++++++++++++++++++++
Epoch 35 is the best model till now for vivitv1!
++++++++++++++++++++++++++++++
Time taken for Epoch-35 is 533.4052777290344

Epoch 36 started
Train at epoch 36
Learning rate is: 5.0000000050000005e-05
Training Epoch 36, Batch 0, Loss: 0.66721
Training Epoch 36, Batch 50, Loss: 0.61375
Training Epoch 36, Batch 100, Loss: 0.67902
Training Epoch 36, Batch 150, Loss: 0.63012
Training Epoch 36, Batch 200, Loss: 0.64098
Training Epoch 36, Batch 250, Loss: 0.64344
Training Epoch 36, Batch 300, Loss: 0.63743
Training Epoch 36, Batch 350, Loss: 0.63856
Training Epoch 36, Batch 400, Loss: 0.64854
Training Epoch 36, Batch 450, Loss: 0.66145
Training Epoch 36, Batch 500, Loss: 0.65883
Training Epoch 36, Batch 550, Loss: 0.66577
[308 310 312 314 316 318 320 322 324 326 328 330 332 334 336 338]
Clip ../../datasets/UCF101-videos/Videos/GolfSwing/v_GolfSwing_g22_c03.avi Failed
Clip ../../datasets/UCF101-videos/Videos/Basketball/v_Basketball_g16_c03.avi is missing 1 frames.
[263 265 267 269 271 273 275 277 279 281 283 285 287 289 291 293]
Clip ../../datasets/UCF101-videos/Videos/GolfSwing/v_GolfSwing_g22_c01.avi Failed
[234 236 238 240 242 244 246 248 250 252 254 256 258 260 262 264]
Clip ../../datasets/UCF101-videos/Videos/GolfSwing/v_GolfSwing_g22_c02.avi Failed
Training Epoch: 36, Loss: 0.6708155844978352
Time taken for Epoch-36 is 399.4848268032074

Epoch 37 started
Train at epoch 37
Learning rate is: 5.0000000050000005e-05
Training Epoch 37, Batch 0, Loss: 0.65980
Training Epoch 37, Batch 50, Loss: 0.66475
Training Epoch 37, Batch 100, Loss: 0.63813
Training Epoch 37, Batch 150, Loss: 0.61826
Training Epoch 37, Batch 200, Loss: 0.62947
Training Epoch 37, Batch 250, Loss: 0.62330
Training Epoch 37, Batch 300, Loss: 0.61892
Training Epoch 37, Batch 350, Loss: 0.62268
Training Epoch 37, Batch 400, Loss: 0.62536
Training Epoch 37, Batch 450, Loss: 0.63939
Training Epoch 37, Batch 500, Loss: 0.64074
Training Epoch 37, Batch 550, Loss: 0.64313
[238 240 242 244 246 248 250 252 254 256 258 260 262 264 266 268]
Clip ../../datasets/UCF101-videos/Videos/GolfSwing/v_GolfSwing_g22_c02.avi Failed
Clip ../../datasets/UCF101-videos/Videos/Basketball/v_Basketball_g13_c04.avi is missing 3 frames.
Training Epoch: 37, Loss: 0.6469907789199396
Time taken for Epoch-37 is 395.39255261421204

Epoch 38 started
Train at epoch 38
Learning rate is: 5.0000000050000005e-05
Training Epoch 38, Batch 0, Loss: 1.03361
Training Epoch 38, Batch 50, Loss: 0.60015
Training Epoch 38, Batch 100, Loss: 0.66020
Training Epoch 38, Batch 150, Loss: 0.65338
Training Epoch 38, Batch 200, Loss: 0.64180
Training Epoch 38, Batch 250, Loss: 0.64015
Training Epoch 38, Batch 300, Loss: 0.64066
Training Epoch 38, Batch 350, Loss: 0.65490
Training Epoch 38, Batch 400, Loss: 0.66515
Training Epoch 38, Batch 450, Loss: 0.66845
Training Epoch 38, Batch 500, Loss: 0.66092
Training Epoch 38, Batch 550, Loss: 0.65850
Clip ../../datasets/UCF101-videos/Videos/GolfSwing/v_GolfSwing_g22_c01.avi is missing 4 frames.
Clip ../../datasets/UCF101-videos/Videos/JugglingBalls/v_JugglingBalls_g18_c02.avi is missing 3 frames.
Clip ../../datasets/UCF101-videos/Videos/GolfSwing/v_GolfSwing_g22_c03.avi is missing 1 frames.
[258 260 262 264 266 268 270 272 274 276 278 280 282 284 286 288]
Clip ../../datasets/UCF101-videos/Videos/GolfSwing/v_GolfSwing_g22_c02.avi Failed
Training Epoch: 38, Loss: 0.6607364401146395
!!!!!!!!!!!!!!!!!!!!!!!!!!!!!!!!!!!!!!!!!
Learning rate dropping to its 2th value to 2.5000000025000002e-05 at epoch 38
!!!!!!!!!!!!!!!!!!!!!!!!!!!!!!!!!!!!!!!!!
Time taken for Epoch-38 is 396.58035683631897

Epoch 39 started
Train at epoch 39
Learning rate is: 2.5000000025000002e-05
Training Epoch 39, Batch 0, Loss: 0.88079
Training Epoch 39, Batch 50, Loss: 0.66083
Training Epoch 39, Batch 100, Loss: 0.61861
Training Epoch 39, Batch 150, Loss: 0.61070
Training Epoch 39, Batch 200, Loss: 0.62433
Training Epoch 39, Batch 250, Loss: 0.61340
Training Epoch 39, Batch 300, Loss: 0.60953
Training Epoch 39, Batch 350, Loss: 0.60468
Training Epoch 39, Batch 400, Loss: 0.60081
Training Epoch 39, Batch 450, Loss: 0.59617
Training Epoch 39, Batch 500, Loss: 0.58659
Training Epoch 39, Batch 550, Loss: 0.58673
Clip ../../datasets/UCF101-videos/Videos/Basketball/v_Basketball_g16_c01.avi is missing 2 frames.
Training Epoch: 39, Loss: 0.5806048935469571
Time taken for Epoch-39 is 398.74506425857544

Epoch 40 started
Train at epoch 40
Learning rate is: 2.5000000025000002e-05
Training Epoch 40, Batch 0, Loss: 0.36362
Training Epoch 40, Batch 50, Loss: 0.53978
Training Epoch 40, Batch 100, Loss: 0.56399
Training Epoch 40, Batch 150, Loss: 0.58111
Training Epoch 40, Batch 200, Loss: 0.57095
Training Epoch 40, Batch 250, Loss: 0.57235
Training Epoch 40, Batch 300, Loss: 0.56163
Training Epoch 40, Batch 350, Loss: 0.55961
Training Epoch 40, Batch 400, Loss: 0.56270
Training Epoch 40, Batch 450, Loss: 0.56323
Training Epoch 40, Batch 500, Loss: 0.56132
Training Epoch 40, Batch 550, Loss: 0.56071
Clip ../../datasets/UCF101-videos/Videos/JugglingBalls/v_JugglingBalls_g18_c04.avi is missing 2 frames.
[258 260 262 264 266 268 270 272 274 276 278 280 282 284 286 288]
Clip ../../datasets/UCF101-videos/Videos/GolfSwing/v_GolfSwing_g22_c01.avi Failed
Training Epoch: 40, Loss: 0.5661004599514519
Validation at epoch 40.
Validation Epoch 40, Batch 0 - Loss : 5.149519920349121
Validation Epoch 40, Batch 50 - Loss : 3.9266961976593615
Validation Epoch 40, Batch 100 - Loss : 3.911848202790364
Validation Epoch 40, Batch 150 - Loss : 3.9565365385535536
Validation Epoch 40, Batch 200 - Loss : 3.9738895910889354
Total video count: 3783
Epoch 40, * Video Acc@1 28.085 Video Acc@5 48.365, Loss: 3.9881198099393886
++++++++++++++++++++++++++++++
Epoch 40 is the best model till now for vivitv1!
++++++++++++++++++++++++++++++
Time taken for Epoch-40 is 537.6270296573639

Epoch 41 started
Train at epoch 41
Learning rate is: 2.5000000025000002e-05
Training Epoch 41, Batch 0, Loss: 0.26298
Training Epoch 41, Batch 50, Loss: 0.58747
Training Epoch 41, Batch 100, Loss: 0.55057
Training Epoch 41, Batch 150, Loss: 0.53307
Training Epoch 41, Batch 200, Loss: 0.54826
Training Epoch 41, Batch 250, Loss: 0.54942
Training Epoch 41, Batch 300, Loss: 0.54023
Training Epoch 41, Batch 350, Loss: 0.54207
Training Epoch 41, Batch 400, Loss: 0.54428
Training Epoch 41, Batch 450, Loss: 0.54002
Training Epoch 41, Batch 500, Loss: 0.53824
Training Epoch 41, Batch 550, Loss: 0.54108
Clip ../../datasets/UCF101-videos/Videos/TennisSwing/v_TennisSwing_g16_c05.avi is missing 1 frames.
Clip ../../datasets/UCF101-videos/Videos/Basketball/v_Basketball_g16_c01.avi is missing 6 frames.
Training Epoch: 41, Loss: 0.5420501404028492
Validation at epoch 41.
Validation Epoch 41, Batch 0 - Loss : 3.364558219909668
Validation Epoch 41, Batch 50 - Loss : 4.1313458517485975
Validation Epoch 41, Batch 100 - Loss : 4.063144173952613
Validation Epoch 41, Batch 150 - Loss : 4.06140624450532
Validation Epoch 41, Batch 200 - Loss : 4.0766223046317025
Total video count: 3783
Epoch 41, * Video Acc@1 27.479 Video Acc@5 48.629, Loss: 4.006811554421855
Time taken for Epoch-41 is 536.9392199516296

Epoch 42 started
Train at epoch 42
Learning rate is: 2.5000000025000002e-05
Training Epoch 42, Batch 0, Loss: 0.22903
Training Epoch 42, Batch 50, Loss: 0.48821
Training Epoch 42, Batch 100, Loss: 0.51823
Training Epoch 42, Batch 150, Loss: 0.50139
Training Epoch 42, Batch 200, Loss: 0.50558
Training Epoch 42, Batch 250, Loss: 0.52029
Training Epoch 42, Batch 300, Loss: 0.51413
Training Epoch 42, Batch 350, Loss: 0.51275
Training Epoch 42, Batch 400, Loss: 0.51779
Training Epoch 42, Batch 450, Loss: 0.51549
Training Epoch 42, Batch 500, Loss: 0.51021
Training Epoch 42, Batch 550, Loss: 0.51612
Clip ../../datasets/UCF101-videos/Videos/TennisSwing/v_TennisSwing_g24_c04.avi is missing 1 frames.
Training Epoch: 42, Loss: 0.5168912378911996
Validation at epoch 42.
Validation Epoch 42, Batch 0 - Loss : 3.2062642574310303
Validation Epoch 42, Batch 50 - Loss : 4.0305824092790195
Validation Epoch 42, Batch 100 - Loss : 4.073083336990659
Validation Epoch 42, Batch 150 - Loss : 4.077473180972977
Validation Epoch 42, Batch 200 - Loss : 4.048959176931808
Total video count: 3783
Epoch 42, * Video Acc@1 28.059 Video Acc@5 48.840, Loss: 3.984225440125928
Time taken for Epoch-42 is 530.986093044281

Epoch 43 started
Train at epoch 43
Learning rate is: 2.5000000025000002e-05
Training Epoch 43, Batch 0, Loss: 0.40778
Training Epoch 43, Batch 50, Loss: 0.59712
Training Epoch 43, Batch 100, Loss: 0.56214
Training Epoch 43, Batch 150, Loss: 0.56265
Training Epoch 43, Batch 200, Loss: 0.55061
Training Epoch 43, Batch 250, Loss: 0.53575
Training Epoch 43, Batch 300, Loss: 0.53653
Training Epoch 43, Batch 350, Loss: 0.53951
Training Epoch 43, Batch 400, Loss: 0.53375
Training Epoch 43, Batch 450, Loss: 0.53914
Training Epoch 43, Batch 500, Loss: 0.53666
Training Epoch 43, Batch 550, Loss: 0.53743
Clip ../../datasets/UCF101-videos/Videos/Basketball/v_Basketball_g16_c04.avi is missing 1 frames.
[280 282 284 286 288 290 292 294 296 298 300 302 304 306 308 310]
Clip ../../datasets/UCF101-videos/Videos/GolfSwing/v_GolfSwing_g22_c03.avi Failed
Clip ../../datasets/UCF101-videos/Videos/Basketball/v_Basketball_g16_c02.avi is missing 1 frames.
Training Epoch: 43, Loss: 0.5359166609794151
!!!!!!!!!!!!!!!!!!!!!!!!!!!!!!!!!!!!!!!!!
Learning rate dropping to its 2th value to 1.2500000012500001e-05 at epoch 43
!!!!!!!!!!!!!!!!!!!!!!!!!!!!!!!!!!!!!!!!!
Validation at epoch 43.
Validation Epoch 43, Batch 0 - Loss : 3.939577102661133
Validation Epoch 43, Batch 50 - Loss : 4.144254263709573
Validation Epoch 43, Batch 100 - Loss : 4.109322385032578
Validation Epoch 43, Batch 150 - Loss : 4.002904784600466
Validation Epoch 43, Batch 200 - Loss : 3.9805191002081877
Total video count: 3783
Epoch 43, * Video Acc@1 27.769 Video Acc@5 49.341, Loss: 3.9955822465791986
Time taken for Epoch-43 is 535.2979512214661

Epoch 44 started
Train at epoch 44
Learning rate is: 1.2500000012500001e-05
Training Epoch 44, Batch 0, Loss: 0.80541
Training Epoch 44, Batch 50, Loss: 0.53048
Training Epoch 44, Batch 100, Loss: 0.52515
Training Epoch 44, Batch 150, Loss: 0.49480
Training Epoch 44, Batch 200, Loss: 0.50620
Training Epoch 44, Batch 250, Loss: 0.51872
Training Epoch 44, Batch 300, Loss: 0.52168
Training Epoch 44, Batch 350, Loss: 0.51701
Training Epoch 44, Batch 400, Loss: 0.51747
Training Epoch 44, Batch 450, Loss: 0.51341
Training Epoch 44, Batch 500, Loss: 0.51329
Training Epoch 44, Batch 550, Loss: 0.50969
Clip ../../datasets/UCF101-videos/Videos/SoccerJuggling/v_SoccerJuggling_g12_c03.avi is missing 1 frames.
Training Epoch: 44, Loss: 0.5076002122731365
Validation at epoch 44.
Validation Epoch 44, Batch 0 - Loss : 4.185176849365234
Validation Epoch 44, Batch 50 - Loss : 4.022475443634332
Validation Epoch 44, Batch 100 - Loss : 3.9924054806775384
Validation Epoch 44, Batch 150 - Loss : 3.98251647349225
Validation Epoch 44, Batch 200 - Loss : 3.974452796860121
Total video count: 3783
Epoch 44, * Video Acc@1 28.455 Video Acc@5 49.103, Loss: 3.9703002267748997
++++++++++++++++++++++++++++++
Epoch 44 is the best model till now for vivitv1!
++++++++++++++++++++++++++++++
Time taken for Epoch-44 is 533.7944815158844

Epoch 45 started
Train at epoch 45
Learning rate is: 1.2500000012500001e-05
Training Epoch 45, Batch 0, Loss: 0.70475
Training Epoch 45, Batch 50, Loss: 0.40690
Training Epoch 45, Batch 100, Loss: 0.46383
Training Epoch 45, Batch 150, Loss: 0.47114
Training Epoch 45, Batch 200, Loss: 0.46324
Training Epoch 45, Batch 250, Loss: 0.45594
Training Epoch 45, Batch 300, Loss: 0.46295
Training Epoch 45, Batch 350, Loss: 0.46323
Training Epoch 45, Batch 400, Loss: 0.46073
Training Epoch 45, Batch 450, Loss: 0.46668
Training Epoch 45, Batch 500, Loss: 0.46394
Training Epoch 45, Batch 550, Loss: 0.46580
Clip ../../datasets/UCF101-videos/Videos/GolfSwing/v_GolfSwing_g22_c02.avi is missing 3 frames.
Clip ../../datasets/UCF101-videos/Videos/SoccerJuggling/v_SoccerJuggling_g16_c01.avi is missing 3 frames.
Training Epoch: 45, Loss: 0.469955833385413
Validation at epoch 45.
Validation Epoch 45, Batch 0 - Loss : 4.339009761810303
Validation Epoch 45, Batch 50 - Loss : 3.9301966872869754
Validation Epoch 45, Batch 100 - Loss : 4.011126133474973
Validation Epoch 45, Batch 150 - Loss : 4.008073244663263
Validation Epoch 45, Batch 200 - Loss : 4.010273717529145
Total video count: 3783
Epoch 45, * Video Acc@1 28.534 Video Acc@5 49.420, Loss: 3.9893895412799174
++++++++++++++++++++++++++++++
Epoch 45 is the best model till now for vivitv1!
++++++++++++++++++++++++++++++
Time taken for Epoch-45 is 533.9198925495148

Epoch 46 started
Train at epoch 46
Learning rate is: 1.2500000012500001e-05
Training Epoch 46, Batch 0, Loss: 0.65193
Training Epoch 46, Batch 50, Loss: 0.46356
Training Epoch 46, Batch 100, Loss: 0.48516
Training Epoch 46, Batch 150, Loss: 0.48057
Training Epoch 46, Batch 200, Loss: 0.47869
Training Epoch 46, Batch 250, Loss: 0.47259
Training Epoch 46, Batch 300, Loss: 0.47167
Training Epoch 46, Batch 350, Loss: 0.46765
Training Epoch 46, Batch 400, Loss: 0.46816
Training Epoch 46, Batch 450, Loss: 0.47026
Training Epoch 46, Batch 500, Loss: 0.46098
Training Epoch 46, Batch 550, Loss: 0.46200
[281 283 285 287 289 291 293 295 297 299 301 303 305 307 309 311]
Clip ../../datasets/UCF101-videos/Videos/GolfSwing/v_GolfSwing_g22_c03.avi Failed
Clip ../../datasets/UCF101-videos/Videos/JugglingBalls/v_JugglingBalls_g18_c02.avi is missing 1 frames.
Clip ../../datasets/UCF101-videos/Videos/SoccerJuggling/v_SoccerJuggling_g24_c07.avi is missing 3 frames.
Training Epoch: 46, Loss: 0.4657512854822167
Validation at epoch 46.
Validation Epoch 46, Batch 0 - Loss : 5.149202823638916
Validation Epoch 46, Batch 50 - Loss : 3.9695712959065155
Validation Epoch 46, Batch 100 - Loss : 3.9967082302169046
Validation Epoch 46, Batch 150 - Loss : 3.9697408170889545
Validation Epoch 46, Batch 200 - Loss : 3.988320619905766
Total video count: 3783
Epoch 46, * Video Acc@1 28.085 Video Acc@5 48.892, Loss: 3.991910297659379
Time taken for Epoch-46 is 542.1225769519806

Epoch 47 started
Train at epoch 47
Learning rate is: 1.2500000012500001e-05
Training Epoch 47, Batch 0, Loss: 0.54502
Training Epoch 47, Batch 50, Loss: 0.42155
Training Epoch 47, Batch 100, Loss: 0.45594
Training Epoch 47, Batch 150, Loss: 0.47644
Training Epoch 47, Batch 200, Loss: 0.47884
Training Epoch 47, Batch 250, Loss: 0.48692
Training Epoch 47, Batch 300, Loss: 0.49086
Training Epoch 47, Batch 350, Loss: 0.48422
Training Epoch 47, Batch 400, Loss: 0.48199
Training Epoch 47, Batch 450, Loss: 0.47801
Training Epoch 47, Batch 500, Loss: 0.47505
Training Epoch 47, Batch 550, Loss: 0.48070
Training Epoch: 47, Loss: 0.4796662991039667
!!!!!!!!!!!!!!!!!!!!!!!!!!!!!!!!!!!!!!!!!
Learning rate dropping to its 2th value to 6.250000006250001e-06 at epoch 47
!!!!!!!!!!!!!!!!!!!!!!!!!!!!!!!!!!!!!!!!!
Validation at epoch 47.
Validation Epoch 47, Batch 0 - Loss : 4.148453235626221
Validation Epoch 47, Batch 50 - Loss : 4.047871271769206
Validation Epoch 47, Batch 100 - Loss : 4.0683679970184174
Validation Epoch 47, Batch 150 - Loss : 3.9878242434255333
Validation Epoch 47, Batch 200 - Loss : 3.989691052863847
Total video count: 3783
Epoch 47, * Video Acc@1 28.376 Video Acc@5 48.681, Loss: 3.9856782769352073
Time taken for Epoch-47 is 538.015298128128

Epoch 48 started
Train at epoch 48
Learning rate is: 6.250000006250001e-06
Training Epoch 48, Batch 0, Loss: 1.63588
Training Epoch 48, Batch 50, Loss: 0.42788
Training Epoch 48, Batch 100, Loss: 0.43179
Training Epoch 48, Batch 150, Loss: 0.47814
Training Epoch 48, Batch 200, Loss: 0.49258
Training Epoch 48, Batch 250, Loss: 0.49308
Training Epoch 48, Batch 300, Loss: 0.48898
Training Epoch 48, Batch 350, Loss: 0.49091
Training Epoch 48, Batch 400, Loss: 0.48496
Training Epoch 48, Batch 450, Loss: 0.48830
Training Epoch 48, Batch 500, Loss: 0.48495
Training Epoch 48, Batch 550, Loss: 0.48615
Clip ../../datasets/UCF101-videos/Videos/JugglingBalls/v_JugglingBalls_g18_c04.avi is missing 1 frames.
Training Epoch: 48, Loss: 0.4806409581771847
!!!!!!!!!!!!!!!!!!!!!!!!!!!!!!!!!!!!!!!!!
Learning rate dropping to its 2th value to 3.1250000031250003e-06 at epoch 48
!!!!!!!!!!!!!!!!!!!!!!!!!!!!!!!!!!!!!!!!!
Validation at epoch 48.
Validation Epoch 48, Batch 0 - Loss : 4.616639137268066
Validation Epoch 48, Batch 50 - Loss : 4.033101633483288
Validation Epoch 48, Batch 100 - Loss : 3.92254913089299
Validation Epoch 48, Batch 150 - Loss : 3.9513794688988995
Validation Epoch 48, Batch 200 - Loss : 4.008690606895371
Total video count: 3783
Epoch 48, * Video Acc@1 28.507 Video Acc@5 48.681, Loss: 3.975591855210091
Time taken for Epoch-48 is 547.2035093307495

Epoch 49 started
Train at epoch 49
Learning rate is: 3.1250000031250003e-06
Training Epoch 49, Batch 0, Loss: 0.21582
Training Epoch 49, Batch 50, Loss: 0.41378
Training Epoch 49, Batch 100, Loss: 0.41635
Training Epoch 49, Batch 150, Loss: 0.41738
Training Epoch 49, Batch 200, Loss: 0.41749
Training Epoch 49, Batch 250, Loss: 0.41250
Training Epoch 49, Batch 300, Loss: 0.40896
Training Epoch 49, Batch 350, Loss: 0.41486
Training Epoch 49, Batch 400, Loss: 0.42191
Training Epoch 49, Batch 450, Loss: 0.43294
Training Epoch 49, Batch 500, Loss: 0.43078
Training Epoch 49, Batch 550, Loss: 0.42833
[261 263 265 267 269 271 273 275 277 279 281 283 285 287 289 291]
Clip ../../datasets/UCF101-videos/Videos/GolfSwing/v_GolfSwing_g22_c02.avi Failed
[246 248 250 252 254 256 258 260 262 264 266 268 270 272 274 276]
Clip ../../datasets/UCF101-videos/Videos/GolfSwing/v_GolfSwing_g22_c01.avi Failed
Clip ../../datasets/UCF101-videos/Videos/JumpingJack/v_JumpingJack_g20_c01.avi is missing 1 frames.
Training Epoch: 49, Loss: 0.4308374340597609
Validation at epoch 49.
Validation Epoch 49, Batch 0 - Loss : 2.3044307231903076
Validation Epoch 49, Batch 50 - Loss : 4.096536454032449
Validation Epoch 49, Batch 100 - Loss : 4.039844088035054
Validation Epoch 49, Batch 150 - Loss : 4.069802254241034
Validation Epoch 49, Batch 200 - Loss : 4.004874534274808
Total video count: 3783
Epoch 49, * Video Acc@1 28.376 Video Acc@5 49.130, Loss: 3.986287009363939
Time taken for Epoch-49 is 545.1088817119598

Epoch 50 started
Train at epoch 50
Learning rate is: 3.1250000031250003e-06
Training Epoch 50, Batch 0, Loss: 0.53130
Training Epoch 50, Batch 50, Loss: 0.43897
Training Epoch 50, Batch 100, Loss: 0.46068
Training Epoch 50, Batch 150, Loss: 0.45446
Training Epoch 50, Batch 200, Loss: 0.44893
Training Epoch 50, Batch 250, Loss: 0.43677
Training Epoch 50, Batch 300, Loss: 0.43848
Training Epoch 50, Batch 350, Loss: 0.44272
Training Epoch 50, Batch 400, Loss: 0.43815
Training Epoch 50, Batch 450, Loss: 0.43986
Training Epoch 50, Batch 500, Loss: 0.44345
Training Epoch 50, Batch 550, Loss: 0.44538
[241 243 245 247 249 251 253 255 257 259 261 263 265 267 269 271]
Clip ../../datasets/UCF101-videos/Videos/GolfSwing/v_GolfSwing_g22_c02.avi Failed
[264 266 268 270 272 274 276 278 280 282 284 286 288 290 292 294]
Clip ../../datasets/UCF101-videos/Videos/GolfSwing/v_GolfSwing_g22_c03.avi Failed
Clip ../../datasets/UCF101-videos/Videos/JugglingBalls/v_JugglingBalls_g18_c03.avi is missing 1 frames.
Clip ../../datasets/UCF101-videos/Videos/GolfSwing/v_GolfSwing_g22_c01.avi is missing 4 frames.
Training Epoch: 50, Loss: 0.4435916683469685
!!!!!!!!!!!!!!!!!!!!!!!!!!!!!!!!!!!!!!!!!
Learning rate dropping to its 2th value to 1.5625000015625002e-06 at epoch 50
!!!!!!!!!!!!!!!!!!!!!!!!!!!!!!!!!!!!!!!!!
Validation at epoch 50.
Validation Epoch 50, Batch 0 - Loss : 3.840219020843506
Validation Epoch 50, Batch 50 - Loss : 3.9567946639715457
Validation Epoch 50, Batch 100 - Loss : 3.9557097973209796
Validation Epoch 50, Batch 150 - Loss : 3.914055931647092
Validation Epoch 50, Batch 200 - Loss : 3.9959556285421645
Total video count: 3783
Epoch 50, * Video Acc@1 28.349 Video Acc@5 49.077, Loss: 3.9941627385747083
Time taken for Epoch-50 is 545.5971736907959

Epoch 51 started
Train at epoch 51
Learning rate is: 1.5625000015625002e-06
Training Epoch 51, Batch 0, Loss: 0.13096
Training Epoch 51, Batch 50, Loss: 0.41312
Training Epoch 51, Batch 100, Loss: 0.44209
Training Epoch 51, Batch 150, Loss: 0.44460
Training Epoch 51, Batch 200, Loss: 0.44288
Training Epoch 51, Batch 250, Loss: 0.45317
Training Epoch 51, Batch 300, Loss: 0.45420
Training Epoch 51, Batch 350, Loss: 0.45579
Training Epoch 51, Batch 400, Loss: 0.46512
Training Epoch 51, Batch 450, Loss: 0.46346
Training Epoch 51, Batch 500, Loss: 0.45794
Training Epoch 51, Batch 550, Loss: 0.45214
Training Epoch: 51, Loss: 0.4456904617651448
!!!!!!!!!!!!!!!!!!!!!!!!!!!!!!!!!!!!!!!!!
Learning rate dropping to its 2th value to 7.812500007812501e-07 at epoch 51
!!!!!!!!!!!!!!!!!!!!!!!!!!!!!!!!!!!!!!!!!
Validation at epoch 51.
Validation Epoch 51, Batch 0 - Loss : 3.5172696113586426
Validation Epoch 51, Batch 50 - Loss : 3.9078089816897523
Validation Epoch 51, Batch 100 - Loss : 3.9679515857507686
Validation Epoch 51, Batch 150 - Loss : 3.943205917118401
Validation Epoch 51, Batch 200 - Loss : 3.964966794151572
Total video count: 3783
Epoch 51, * Video Acc@1 28.507 Video Acc@5 48.708, Loss: 3.9865892969606294
Time taken for Epoch-51 is 541.8829302787781

Epoch 52 started
Train at epoch 52
Learning rate is: 7.812500007812501e-07
Training Epoch 52, Batch 0, Loss: 0.43988
Training Epoch 52, Batch 50, Loss: 0.49399
Training Epoch 52, Batch 100, Loss: 0.45773
Training Epoch 52, Batch 150, Loss: 0.44448
Training Epoch 52, Batch 200, Loss: 0.42579
Training Epoch 52, Batch 250, Loss: 0.42593
Training Epoch 52, Batch 300, Loss: 0.42889
Training Epoch 52, Batch 350, Loss: 0.42913
Training Epoch 52, Batch 400, Loss: 0.42796
Training Epoch 52, Batch 450, Loss: 0.42745
Training Epoch 52, Batch 500, Loss: 0.43168
Training Epoch 52, Batch 550, Loss: 0.43063
Clip ../../datasets/UCF101-videos/Videos/JumpingJack/v_JumpingJack_g20_c01.avi is missing 1 frames.
[233 235 237 239 241 243 245 247 249 251 253 255 257 259 261 263]
Clip ../../datasets/UCF101-videos/Videos/GolfSwing/v_GolfSwing_g22_c01.avi Failed
Clip ../../datasets/UCF101-videos/Videos/Basketball/v_Basketball_g16_c02.avi is missing 7 frames.
Training Epoch: 52, Loss: 0.43460961234548334
!!!!!!!!!!!!!!!!!!!!!!!!!!!!!!!!!!!!!!!!!
Learning rate dropping to its 2th value to 3.9062500039062504e-07 at epoch 52
!!!!!!!!!!!!!!!!!!!!!!!!!!!!!!!!!!!!!!!!!
Validation at epoch 52.
Validation Epoch 52, Batch 0 - Loss : 4.387228012084961
Validation Epoch 52, Batch 50 - Loss : 3.9958373728920433
Validation Epoch 52, Batch 100 - Loss : 4.012086642850743
Validation Epoch 52, Batch 150 - Loss : 4.016616184190409
Validation Epoch 52, Batch 200 - Loss : 3.99484342544233
Total video count: 3783
Epoch 52, * Video Acc@1 28.402 Video Acc@5 48.945, Loss: 3.9915330606170847
Time taken for Epoch-52 is 538.6718661785126

Epoch 53 started
Train at epoch 53
Learning rate is: 3.9062500039062504e-07
Training Epoch 53, Batch 0, Loss: 0.42625
Training Epoch 53, Batch 50, Loss: 0.45203
Training Epoch 53, Batch 100, Loss: 0.45479
Training Epoch 53, Batch 150, Loss: 0.46793
Training Epoch 53, Batch 200, Loss: 0.45700
Training Epoch 53, Batch 250, Loss: 0.45270
Training Epoch 53, Batch 300, Loss: 0.44278
Training Epoch 53, Batch 350, Loss: 0.44566
Training Epoch 53, Batch 400, Loss: 0.43707
Training Epoch 53, Batch 450, Loss: 0.43662
Training Epoch 53, Batch 500, Loss: 0.44020
Training Epoch 53, Batch 550, Loss: 0.44693
Clip ../../datasets/UCF101-videos/Videos/GolfSwing/v_GolfSwing_g22_c03.avi is missing 1 frames.
Clip ../../datasets/UCF101-videos/Videos/TennisSwing/v_TennisSwing_g16_c02.avi is missing 2 frames.
Training Epoch: 53, Loss: 0.4459824395401893
!!!!!!!!!!!!!!!!!!!!!!!!!!!!!!!!!!!!!!!!!
Learning rate dropping to its 2th value to 1.9531250019531252e-07 at epoch 53
!!!!!!!!!!!!!!!!!!!!!!!!!!!!!!!!!!!!!!!!!
Validation at epoch 53.
Validation Epoch 53, Batch 0 - Loss : 3.55867338180542
Validation Epoch 53, Batch 50 - Loss : 3.9525847294751335
Validation Epoch 53, Batch 100 - Loss : 3.988045416255989
Validation Epoch 53, Batch 150 - Loss : 4.003006892488492
Validation Epoch 53, Batch 200 - Loss : 4.016288636335686
Total video count: 3783
Epoch 53, * Video Acc@1 28.428 Video Acc@5 48.813, Loss: 3.9902796981706903
Time taken for Epoch-53 is 539.0939557552338

Epoch 54 started
Train at epoch 54
Learning rate is: 1.9531250019531252e-07
Training Epoch 54, Batch 0, Loss: 0.16710
Training Epoch 54, Batch 50, Loss: 0.46668
Training Epoch 54, Batch 100, Loss: 0.46647
Training Epoch 54, Batch 150, Loss: 0.44630
Training Epoch 54, Batch 200, Loss: 0.44256
Training Epoch 54, Batch 250, Loss: 0.43453
Training Epoch 54, Batch 300, Loss: 0.43033
Training Epoch 54, Batch 350, Loss: 0.42300
Training Epoch 54, Batch 400, Loss: 0.42657
Training Epoch 54, Batch 450, Loss: 0.42859
Training Epoch 54, Batch 500, Loss: 0.42695
Training Epoch 54, Batch 550, Loss: 0.42281
Clip ../../datasets/UCF101-videos/Videos/SoccerJuggling/v_SoccerJuggling_g24_c06.avi is missing 2 frames.
Training Epoch: 54, Loss: 0.42079875524619115
Validation at epoch 54.
Validation Epoch 54, Batch 0 - Loss : 4.596445083618164
Validation Epoch 54, Batch 50 - Loss : 3.9900602078905294
Validation Epoch 54, Batch 100 - Loss : 4.086051976326669
Validation Epoch 54, Batch 150 - Loss : 4.013251994619306
Validation Epoch 54, Batch 200 - Loss : 3.9742208055002775
Total video count: 3783
Epoch 54, * Video Acc@1 28.428 Video Acc@5 48.813, Loss: 3.995792218401462
Time taken for Epoch-54 is 544.5916886329651

Epoch 55 started
Train at epoch 55
Learning rate is: 1.9531250019531252e-07
Training Epoch 55, Batch 0, Loss: 0.04697
Training Epoch 55, Batch 50, Loss: 0.44695
Training Epoch 55, Batch 100, Loss: 0.44569
Training Epoch 55, Batch 150, Loss: 0.43683
Training Epoch 55, Batch 200, Loss: 0.42944
Training Epoch 55, Batch 250, Loss: 0.43074
Training Epoch 55, Batch 300, Loss: 0.44082
Training Epoch 55, Batch 350, Loss: 0.43803
Training Epoch 55, Batch 400, Loss: 0.43869
Training Epoch 55, Batch 450, Loss: 0.43956
Training Epoch 55, Batch 500, Loss: 0.43726
Training Epoch 55, Batch 550, Loss: 0.43789
[231 233 235 237 239 241 243 245 247 249 251 253 255 257 259 261]
Clip ../../datasets/UCF101-videos/Videos/GolfSwing/v_GolfSwing_g22_c02.avi Failed
Training Epoch: 55, Loss: 0.4333546254830669
!!!!!!!!!!!!!!!!!!!!!!!!!!!!!!!!!!!!!!!!!
Learning rate dropping to its 2th value to 9.765625009765626e-08 at epoch 55
!!!!!!!!!!!!!!!!!!!!!!!!!!!!!!!!!!!!!!!!!
Validation at epoch 55.
Validation Epoch 55, Batch 0 - Loss : 5.728429317474365
Validation Epoch 55, Batch 50 - Loss : 4.201913655972948
Validation Epoch 55, Batch 100 - Loss : 4.172797866386943
Validation Epoch 55, Batch 150 - Loss : 4.043507818354676
Validation Epoch 55, Batch 200 - Loss : 4.004604101774111
Total video count: 3783
Epoch 55, * Video Acc@1 28.428 Video Acc@5 48.840, Loss: 3.9897414682283685
Time taken for Epoch-55 is 539.9699332714081

Epoch 56 started
Train at epoch 56
Learning rate is: 9.765625009765626e-08
Training Epoch 56, Batch 0, Loss: 0.80375
Training Epoch 56, Batch 50, Loss: 0.50030
Training Epoch 56, Batch 100, Loss: 0.46187
Training Epoch 56, Batch 150, Loss: 0.44999
Training Epoch 56, Batch 200, Loss: 0.45354
Training Epoch 56, Batch 250, Loss: 0.44668
Training Epoch 56, Batch 300, Loss: 0.43616
Training Epoch 56, Batch 350, Loss: 0.44284
Training Epoch 56, Batch 400, Loss: 0.44020
Training Epoch 56, Batch 450, Loss: 0.44901
Training Epoch 56, Batch 500, Loss: 0.44712
Training Epoch 56, Batch 550, Loss: 0.44857
Clip ../../datasets/UCF101-videos/Videos/GolfSwing/v_GolfSwing_g22_c03.avi is missing 6 frames.
Clip ../../datasets/UCF101-videos/Videos/TennisSwing/v_TennisSwing_g20_c02.avi is missing 1 frames.
Training Epoch: 56, Loss: 0.4503198320161508
!!!!!!!!!!!!!!!!!!!!!!!!!!!!!!!!!!!!!!!!!
Learning rate dropping to its 2th value to 4.882812504882813e-08 at epoch 56
!!!!!!!!!!!!!!!!!!!!!!!!!!!!!!!!!!!!!!!!!
Validation at epoch 56.
Validation Epoch 56, Batch 0 - Loss : 5.032071590423584
Validation Epoch 56, Batch 50 - Loss : 3.917031596688663
Validation Epoch 56, Batch 100 - Loss : 3.953427187286981
Validation Epoch 56, Batch 150 - Loss : 3.941838108151164
Validation Epoch 56, Batch 200 - Loss : 3.9584602420009785
Total video count: 3783
Epoch 56, * Video Acc@1 28.428 Video Acc@5 48.761, Loss: 3.995383934632635
Time taken for Epoch-56 is 542.9268152713776

Epoch 57 started
Train at epoch 57
Learning rate is: 4.882812504882813e-08
Training Epoch 57, Batch 0, Loss: 0.19808
Training Epoch 57, Batch 50, Loss: 0.36423
Training Epoch 57, Batch 100, Loss: 0.41017
Training Epoch 57, Batch 150, Loss: 0.42779
Training Epoch 57, Batch 200, Loss: 0.43693
Training Epoch 57, Batch 250, Loss: 0.43976
Training Epoch 57, Batch 300, Loss: 0.43793
Training Epoch 57, Batch 350, Loss: 0.44273
Training Epoch 57, Batch 400, Loss: 0.43503
Training Epoch 57, Batch 450, Loss: 0.44065
Training Epoch 57, Batch 500, Loss: 0.43936
Training Epoch 57, Batch 550, Loss: 0.44666
[250 252 254 256 258 260 262 264 266 268 270 272 274 276 278 280]
Clip ../../datasets/UCF101-videos/Videos/GolfSwing/v_GolfSwing_g22_c02.avi Failed
Clip ../../datasets/UCF101-videos/Videos/GolfSwing/v_GolfSwing_g22_c01.avi is missing 1 frames.
[305 307 309 311 313 315 317 319 321 323 325 327 329 331 333 335]
Clip ../../datasets/UCF101-videos/Videos/GolfSwing/v_GolfSwing_g22_c03.avi Failed
Clip ../../datasets/UCF101-videos/Videos/TennisSwing/v_TennisSwing_g16_c04.avi is missing 6 frames.
Training Epoch: 57, Loss: 0.4435795354695875
!!!!!!!!!!!!!!!!!!!!!!!!!!!!!!!!!!!!!!!!!
Learning rate dropping to its 2th value to 2.4414062524414065e-08 at epoch 57
!!!!!!!!!!!!!!!!!!!!!!!!!!!!!!!!!!!!!!!!!
Validation at epoch 57.
Validation Epoch 57, Batch 0 - Loss : 5.06095027923584
Validation Epoch 57, Batch 50 - Loss : 3.9037665666318406
Validation Epoch 57, Batch 100 - Loss : 3.9856218135002814
Validation Epoch 57, Batch 150 - Loss : 3.996732253902006
Validation Epoch 57, Batch 200 - Loss : 3.9813848585631715
Total video count: 3783
Epoch 57, * Video Acc@1 28.455 Video Acc@5 48.813, Loss: 3.9900101438353333
Time taken for Epoch-57 is 552.4017074108124

Epoch 58 started
Train at epoch 58
Learning rate is: 2.4414062524414065e-08
Training Epoch 58, Batch 0, Loss: 0.16197
Training Epoch 58, Batch 50, Loss: 0.42496
Training Epoch 58, Batch 100, Loss: 0.44434
Training Epoch 58, Batch 150, Loss: 0.44895
Training Epoch 58, Batch 200, Loss: 0.44072
Training Epoch 58, Batch 250, Loss: 0.44960
Training Epoch 58, Batch 300, Loss: 0.44521
Training Epoch 58, Batch 350, Loss: 0.44028
Training Epoch 58, Batch 400, Loss: 0.43915
Training Epoch 58, Batch 450, Loss: 0.43945
Training Epoch 58, Batch 500, Loss: 0.43693
Training Epoch 58, Batch 550, Loss: 0.43347
[249 251 253 255 257 259 261 263 265 267 269 271 273 275 277 279]
Clip ../../datasets/UCF101-videos/Videos/GolfSwing/v_GolfSwing_g22_c02.avi Failed
Clip ../../datasets/UCF101-videos/Videos/Basketball/v_Basketball_g16_c06.avi is missing 5 frames.
[242 244 246 248 250 252 254 256 258 260 262 264 266 268 270 272]
Clip ../../datasets/UCF101-videos/Videos/GolfSwing/v_GolfSwing_g22_c01.avi Failed
Clip ../../datasets/UCF101-videos/Videos/Basketball/v_Basketball_g13_c02.avi is missing 2 frames.
Training Epoch: 58, Loss: 0.43526023445679013
!!!!!!!!!!!!!!!!!!!!!!!!!!!!!!!!!!!!!!!!!
Learning rate dropping to its 2th value to 1.2207031262207032e-08 at epoch 58
!!!!!!!!!!!!!!!!!!!!!!!!!!!!!!!!!!!!!!!!!
Validation at epoch 58.
Validation Epoch 58, Batch 0 - Loss : 5.3969526290893555
Validation Epoch 58, Batch 50 - Loss : 3.9755180910521863
Validation Epoch 58, Batch 100 - Loss : 3.9892478744582376
Validation Epoch 58, Batch 150 - Loss : 3.985788759016833
Validation Epoch 58, Batch 200 - Loss : 3.9636268568276174
Total video count: 3783
Epoch 58, * Video Acc@1 28.455 Video Acc@5 48.787, Loss: 3.9917639861126992
Time taken for Epoch-58 is 561.5851564407349

Epoch 59 started
Train at epoch 59
Learning rate is: 1.2207031262207032e-08
Training Epoch 59, Batch 0, Loss: 0.58797
Training Epoch 59, Batch 50, Loss: 0.48891
Training Epoch 59, Batch 100, Loss: 0.46550
Training Epoch 59, Batch 150, Loss: 0.45242
Training Epoch 59, Batch 200, Loss: 0.45129
Training Epoch 59, Batch 250, Loss: 0.44019
Training Epoch 59, Batch 300, Loss: 0.43769
Training Epoch 59, Batch 350, Loss: 0.43275
Training Epoch 59, Batch 400, Loss: 0.43622
Training Epoch 59, Batch 450, Loss: 0.43163
Training Epoch 59, Batch 500, Loss: 0.42682
Training Epoch 59, Batch 550, Loss: 0.42970
[257 259 261 263 265 267 269 271 273 275 277 279 281 283 285 287]
Clip ../../datasets/UCF101-videos/Videos/GolfSwing/v_GolfSwing_g22_c02.avi Failed
Clip ../../datasets/UCF101-videos/Videos/PoleVault/v_PoleVault_g14_c04.avi is missing 4 frames.
Training Epoch: 59, Loss: 0.42851671089934595
!!!!!!!!!!!!!!!!!!!!!!!!!!!!!!!!!!!!!!!!!
Learning rate dropping to its 2th value to 6.103515631103516e-09 at epoch 59
!!!!!!!!!!!!!!!!!!!!!!!!!!!!!!!!!!!!!!!!!
Validation at epoch 59.
Validation Epoch 59, Batch 0 - Loss : 3.83500337600708
Validation Epoch 59, Batch 50 - Loss : 4.056549974516327
Validation Epoch 59, Batch 100 - Loss : 3.9311543880122723
Validation Epoch 59, Batch 150 - Loss : 3.98478152262454
Validation Epoch 59, Batch 200 - Loss : 3.9754639597081427
Total video count: 3783
Epoch 59, * Video Acc@1 28.481 Video Acc@5 48.787, Loss: 3.9945632827935844
Time taken for Epoch-59 is 572.6529095172882

Epoch 60 started
Train at epoch 60
Learning rate is: 6.103515631103516e-09
Training Epoch 60, Batch 0, Loss: 0.53957
Training Epoch 60, Batch 50, Loss: 0.40517
Training Epoch 60, Batch 100, Loss: 0.42232
Training Epoch 60, Batch 150, Loss: 0.41548
Training Epoch 60, Batch 200, Loss: 0.41689
Training Epoch 60, Batch 250, Loss: 0.41301
Training Epoch 60, Batch 300, Loss: 0.41475
Training Epoch 60, Batch 350, Loss: 0.41505
Training Epoch 60, Batch 400, Loss: 0.42287
Training Epoch 60, Batch 450, Loss: 0.41672
Training Epoch 60, Batch 500, Loss: 0.41660
Training Epoch 60, Batch 550, Loss: 0.41934
Training Epoch: 60, Loss: 0.41895726629161595
Validation at epoch 60.
Validation Epoch 60, Batch 0 - Loss : 2.3695242404937744
Validation Epoch 60, Batch 50 - Loss : 3.9178403078341018
Validation Epoch 60, Batch 100 - Loss : 4.015642862508793
Validation Epoch 60, Batch 150 - Loss : 3.980380094603987
Validation Epoch 60, Batch 200 - Loss : 3.9841548056151734
Total video count: 3783
Epoch 60, * Video Acc@1 28.481 Video Acc@5 48.787, Loss: 3.9903328197414867
Time taken for Epoch-60 is 599.4874441623688

Epoch 61 started
Train at epoch 61
Learning rate is: 6.103515631103516e-09
Training Epoch 61, Batch 0, Loss: 0.32164
Training Epoch 61, Batch 50, Loss: 0.49585
Training Epoch 61, Batch 100, Loss: 0.47947
Training Epoch 61, Batch 150, Loss: 0.47894
Training Epoch 61, Batch 200, Loss: 0.47112
Training Epoch 61, Batch 250, Loss: 0.46013
Training Epoch 61, Batch 300, Loss: 0.45247
Training Epoch 61, Batch 350, Loss: 0.44389
Training Epoch 61, Batch 400, Loss: 0.43945
Training Epoch 61, Batch 450, Loss: 0.44249
Training Epoch 61, Batch 500, Loss: 0.43367
Training Epoch 61, Batch 550, Loss: 0.43082
Clip ../../datasets/UCF101-videos/Videos/Basketball/v_Basketball_g16_c04.avi is missing 1 frames.
Clip ../../datasets/UCF101-videos/Videos/GolfSwing/v_GolfSwing_g22_c02.avi is missing 3 frames.
[303 305 307 309 311 313 315 317 319 321 323 325 327 329 331 333]
Clip ../../datasets/UCF101-videos/Videos/Basketball/v_Basketball_g16_c06.avi Failed
[268 270 272 274 276 278 280 282 284 286 288 290 292 294 296 298]
Clip ../../datasets/UCF101-videos/Videos/GolfSwing/v_GolfSwing_g22_c01.avi Failed
Training Epoch: 61, Loss: 0.4284948983800658
!!!!!!!!!!!!!!!!!!!!!!!!!!!!!!!!!!!!!!!!!
Learning rate dropping to its 2th value to 3.051757815551758e-09 at epoch 61
!!!!!!!!!!!!!!!!!!!!!!!!!!!!!!!!!!!!!!!!!
Validation at epoch 61.
Validation Epoch 61, Batch 0 - Loss : 5.299944877624512
Validation Epoch 61, Batch 50 - Loss : 4.167785878274955
Validation Epoch 61, Batch 100 - Loss : 4.067441458749299
Validation Epoch 61, Batch 150 - Loss : 4.063733317204658
Validation Epoch 61, Batch 200 - Loss : 4.019504118914628
Total video count: 3783
Epoch 61, * Video Acc@1 28.481 Video Acc@5 48.813, Loss: 3.992413225053232
Time taken for Epoch-61 is 616.5415918827057

Epoch 62 started
Train at epoch 62
Learning rate is: 3.051757815551758e-09
Training Epoch 62, Batch 0, Loss: 0.50219
Training Epoch 62, Batch 50, Loss: 0.44029
Training Epoch 62, Batch 100, Loss: 0.44399
Training Epoch 62, Batch 150, Loss: 0.43202
Training Epoch 62, Batch 200, Loss: 0.42458
Training Epoch 62, Batch 250, Loss: 0.41610
Training Epoch 62, Batch 300, Loss: 0.42107
Training Epoch 62, Batch 350, Loss: 0.42087
Training Epoch 62, Batch 400, Loss: 0.42086
Training Epoch 62, Batch 450, Loss: 0.41973
Training Epoch 62, Batch 500, Loss: 0.42013
Training Epoch 62, Batch 550, Loss: 0.42596
Clip ../../datasets/UCF101-videos/Videos/JugglingBalls/v_JugglingBalls_g18_c04.avi is missing 1 frames.
Training Epoch: 62, Loss: 0.42741724755614996
!!!!!!!!!!!!!!!!!!!!!!!!!!!!!!!!!!!!!!!!!
Learning rate dropping to its 2th value to 1.525878907775879e-09 at epoch 62
!!!!!!!!!!!!!!!!!!!!!!!!!!!!!!!!!!!!!!!!!
Validation at epoch 62.
Validation Epoch 62, Batch 0 - Loss : 4.031248092651367
Validation Epoch 62, Batch 50 - Loss : 4.0308683339287255
Validation Epoch 62, Batch 100 - Loss : 4.018962829419882
Validation Epoch 62, Batch 150 - Loss : 4.013561880351692
Validation Epoch 62, Batch 200 - Loss : 3.9816250516407528
Total video count: 3783
Epoch 62, * Video Acc@1 28.481 Video Acc@5 48.813, Loss: 3.992720265931721
Time taken for Epoch-62 is 640.0983459949493

Epoch 63 started
Train at epoch 63
Learning rate is: 1.525878907775879e-09
Training Epoch 63, Batch 0, Loss: 0.08006
Training Epoch 63, Batch 50, Loss: 0.37132
Training Epoch 63, Batch 100, Loss: 0.39219
Training Epoch 63, Batch 150, Loss: 0.39351
Training Epoch 63, Batch 200, Loss: 0.41629
Training Epoch 63, Batch 250, Loss: 0.42248
Training Epoch 63, Batch 300, Loss: 0.42501
Training Epoch 63, Batch 350, Loss: 0.43221
Training Epoch 63, Batch 400, Loss: 0.42510
Training Epoch 63, Batch 450, Loss: 0.42693
Training Epoch 63, Batch 500, Loss: 0.42521
Training Epoch 63, Batch 550, Loss: 0.42784
Clip ../../datasets/UCF101-videos/Videos/BaseballPitch/v_BaseballPitch_g10_c01.avi is missing 1 frames.
Clip ../../datasets/UCF101-videos/Videos/Basketball/v_Basketball_g16_c04.avi is missing 2 frames.
Training Epoch: 63, Loss: 0.42779966488081206
!!!!!!!!!!!!!!!!!!!!!!!!!!!!!!!!!!!!!!!!!
Learning rate dropping to its 2th value to 7.629394538879395e-10 at epoch 63
!!!!!!!!!!!!!!!!!!!!!!!!!!!!!!!!!!!!!!!!!
Validation at epoch 63.
Validation Epoch 63, Batch 0 - Loss : 4.323757648468018
Validation Epoch 63, Batch 50 - Loss : 3.994359203413421
Validation Epoch 63, Batch 100 - Loss : 3.986660296374028
Validation Epoch 63, Batch 150 - Loss : 4.015334720643151
Validation Epoch 63, Batch 200 - Loss : 4.002788010521314
Total video count: 3783
Epoch 63, * Video Acc@1 28.481 Video Acc@5 48.813, Loss: 3.992660804639889
Time taken for Epoch-63 is 625.7538924217224

Epoch 64 started
Train at epoch 64
Learning rate is: 7.629394538879395e-10
Training Epoch 64, Batch 0, Loss: 0.48380
Training Epoch 64, Batch 50, Loss: 0.41621
Training Epoch 64, Batch 100, Loss: 0.42932
Training Epoch 64, Batch 150, Loss: 0.42404
Training Epoch 64, Batch 200, Loss: 0.43521
Training Epoch 64, Batch 250, Loss: 0.43088
Training Epoch 64, Batch 300, Loss: 0.43496
Training Epoch 64, Batch 350, Loss: 0.43991
Training Epoch 64, Batch 400, Loss: 0.43571
Training Epoch 64, Batch 450, Loss: 0.43466
Training Epoch 64, Batch 500, Loss: 0.44200
Training Epoch 64, Batch 550, Loss: 0.44022
Clip ../../datasets/UCF101-videos/Videos/SoccerJuggling/v_SoccerJuggling_g16_c07.avi is missing 2 frames.
Clip ../../datasets/UCF101-videos/Videos/PoleVault/v_PoleVault_g14_c04.avi is missing 6 frames.
Clip ../../datasets/UCF101-videos/Videos/SoccerJuggling/v_SoccerJuggling_g16_c04.avi is missing 2 frames.
Training Epoch: 64, Loss: 0.43813746075350263
!!!!!!!!!!!!!!!!!!!!!!!!!!!!!!!!!!!!!!!!!
Learning rate dropping to its 2th value to 3.8146972694396976e-10 at epoch 64
!!!!!!!!!!!!!!!!!!!!!!!!!!!!!!!!!!!!!!!!!
Validation at epoch 64.
Validation Epoch 64, Batch 0 - Loss : 3.041839599609375
Validation Epoch 64, Batch 50 - Loss : 3.9356761539683625
Validation Epoch 64, Batch 100 - Loss : 3.885064441378754
Validation Epoch 64, Batch 150 - Loss : 3.9559140947480866
Validation Epoch 64, Batch 200 - Loss : 3.988075435458131
Total video count: 3783
Epoch 64, * Video Acc@1 28.481 Video Acc@5 48.813, Loss: 3.9911064749528586
Time taken for Epoch-64 is 616.5805115699768

Epoch 65 started
Train at epoch 65
Learning rate is: 3.8146972694396976e-10
Training Epoch 65, Batch 0, Loss: 0.34250
Training Epoch 65, Batch 50, Loss: 0.47710
Training Epoch 65, Batch 100, Loss: 0.45209
Training Epoch 65, Batch 150, Loss: 0.46015
Training Epoch 65, Batch 200, Loss: 0.44282
Training Epoch 65, Batch 250, Loss: 0.44811
Training Epoch 65, Batch 300, Loss: 0.44045
Training Epoch 65, Batch 350, Loss: 0.44175
Training Epoch 65, Batch 400, Loss: 0.44344
Training Epoch 65, Batch 450, Loss: 0.43480
Training Epoch 65, Batch 500, Loss: 0.42935
Training Epoch 65, Batch 550, Loss: 0.43392
Clip ../../datasets/UCF101-videos/Videos/Basketball/v_Basketball_g16_c03.avi is missing 2 frames.
[302 304 306 308 310 312 314 316 318 320 322 324 326 328 330 332]
Clip ../../datasets/UCF101-videos/Videos/Basketball/v_Basketball_g16_c06.avi Failed
Clip ../../datasets/UCF101-videos/Videos/TennisSwing/v_TennisSwing_g24_c04.avi is missing 1 frames.
Training Epoch: 65, Loss: 0.43068827140040483
!!!!!!!!!!!!!!!!!!!!!!!!!!!!!!!!!!!!!!!!!
Learning rate dropping to its 2th value to 1.9073486347198488e-10 at epoch 65
!!!!!!!!!!!!!!!!!!!!!!!!!!!!!!!!!!!!!!!!!
Validation at epoch 65.
Validation Epoch 65, Batch 0 - Loss : 3.1518192291259766
Validation Epoch 65, Batch 50 - Loss : 4.019131880180509
Validation Epoch 65, Batch 100 - Loss : 4.093318925045504
Validation Epoch 65, Batch 150 - Loss : 4.0539319073127595
Validation Epoch 65, Batch 200 - Loss : 4.008942582714024
Total video count: 3783
Epoch 65, * Video Acc@1 28.481 Video Acc@5 48.813, Loss: 3.9922264688628637
Time taken for Epoch-65 is 613.4124803543091

Epoch 66 started
Train at epoch 66
Learning rate is: 1.9073486347198488e-10
Training Epoch 66, Batch 0, Loss: 0.17403
Training Epoch 66, Batch 50, Loss: 0.42072
Training Epoch 66, Batch 100, Loss: 0.40400
Training Epoch 66, Batch 150, Loss: 0.40202
Training Epoch 66, Batch 200, Loss: 0.41013
Training Epoch 66, Batch 250, Loss: 0.41266
Training Epoch 66, Batch 300, Loss: 0.41718
Training Epoch 66, Batch 350, Loss: 0.42066
Training Epoch 66, Batch 400, Loss: 0.41316
Training Epoch 66, Batch 450, Loss: 0.41692
Training Epoch 66, Batch 500, Loss: 0.41603
Training Epoch 66, Batch 550, Loss: 0.41597
Clip ../../datasets/UCF101-videos/Videos/TennisSwing/v_TennisSwing_g16_c05.avi is missing 1 frames.
[296 298 300 302 304 306 308 310 312 314 316 318 320 322 324 326]
Clip ../../datasets/UCF101-videos/Videos/GolfSwing/v_GolfSwing_g22_c03.avi Failed
Clip ../../datasets/UCF101-videos/Videos/TennisSwing/v_TennisSwing_g16_c04.avi is missing 5 frames.
Training Epoch: 66, Loss: 0.4165084505987227
Validation at epoch 66.
Validation Epoch 66, Batch 0 - Loss : 2.0089797973632812
Validation Epoch 66, Batch 50 - Loss : 3.9388720474991143
Validation Epoch 66, Batch 100 - Loss : 3.9793057807601326
Validation Epoch 66, Batch 150 - Loss : 3.973008824500027
Validation Epoch 66, Batch 200 - Loss : 3.958801200733849
Total video count: 3783
Epoch 66, * Video Acc@1 28.481 Video Acc@5 48.813, Loss: 3.994259214602442
Time taken for Epoch-66 is 602.2397475242615

Epoch 67 started
Train at epoch 67
Learning rate is: 1.9073486347198488e-10
Training Epoch 67, Batch 0, Loss: 0.18031
Training Epoch 67, Batch 50, Loss: 0.37723
Training Epoch 67, Batch 100, Loss: 0.38282
Training Epoch 67, Batch 150, Loss: 0.38565
Training Epoch 67, Batch 200, Loss: 0.39867
Training Epoch 67, Batch 250, Loss: 0.40501
Training Epoch 67, Batch 300, Loss: 0.41347
Training Epoch 67, Batch 350, Loss: 0.41842
Training Epoch 67, Batch 400, Loss: 0.41723
Training Epoch 67, Batch 450, Loss: 0.41747
Training Epoch 67, Batch 500, Loss: 0.41933
Training Epoch 67, Batch 550, Loss: 0.41725
Training Epoch: 67, Loss: 0.4200509207469834
!!!!!!!!!!!!!!!!!!!!!!!!!!!!!!!!!!!!!!!!!
Learning rate dropping to its 2th value to 9.536743173599244e-11 at epoch 67
!!!!!!!!!!!!!!!!!!!!!!!!!!!!!!!!!!!!!!!!!
Validation at epoch 67.
Validation Epoch 67, Batch 0 - Loss : 5.669012069702148
Validation Epoch 67, Batch 50 - Loss : 4.36267063664455
Validation Epoch 67, Batch 100 - Loss : 4.134122404721704
Validation Epoch 67, Batch 150 - Loss : 4.030556190882297
Validation Epoch 67, Batch 200 - Loss : 3.9992965963942493
Total video count: 3783
Epoch 67, * Video Acc@1 28.481 Video Acc@5 48.813, Loss: 3.992360862498545
Time taken for Epoch-67 is 599.0841062068939

Epoch 68 started
Train at epoch 68
Learning rate is: 9.536743173599244e-11
Training Epoch 68, Batch 0, Loss: 0.30206
Training Epoch 68, Batch 50, Loss: 0.46633
Training Epoch 68, Batch 100, Loss: 0.45732
Training Epoch 68, Batch 150, Loss: 0.45586
Training Epoch 68, Batch 200, Loss: 0.44192
Training Epoch 68, Batch 250, Loss: 0.44908
Training Epoch 68, Batch 300, Loss: 0.43960
Training Epoch 68, Batch 350, Loss: 0.44608
Training Epoch 68, Batch 400, Loss: 0.43814
Training Epoch 68, Batch 450, Loss: 0.43800
Training Epoch 68, Batch 500, Loss: 0.43755
Training Epoch 68, Batch 550, Loss: 0.43888
Clip ../../datasets/UCF101-videos/Videos/TennisSwing/v_TennisSwing_g16_c06.avi is missing 1 frames.
Training Epoch: 68, Loss: 0.43699885545675976
!!!!!!!!!!!!!!!!!!!!!!!!!!!!!!!!!!!!!!!!!
Learning rate dropping to its 2th value to 4.768371586799622e-11 at epoch 68
!!!!!!!!!!!!!!!!!!!!!!!!!!!!!!!!!!!!!!!!!
Validation at epoch 68.
Validation Epoch 68, Batch 0 - Loss : 4.711366176605225
Validation Epoch 68, Batch 50 - Loss : 3.9794784760942647
Validation Epoch 68, Batch 100 - Loss : 3.976913020162299
Validation Epoch 68, Batch 150 - Loss : 3.9817213254259123
Validation Epoch 68, Batch 200 - Loss : 4.009102339768291
Total video count: 3783
Epoch 68, * Video Acc@1 28.481 Video Acc@5 48.813, Loss: 3.995393053388797
Time taken for Epoch-68 is 598.1931436061859

Epoch 69 started
Train at epoch 69
Learning rate is: 4.768371586799622e-11
Training Epoch 69, Batch 0, Loss: 0.40392
Training Epoch 69, Batch 50, Loss: 0.46729
Training Epoch 69, Batch 100, Loss: 0.44030
Training Epoch 69, Batch 150, Loss: 0.43065
Training Epoch 69, Batch 200, Loss: 0.43573
Training Epoch 69, Batch 250, Loss: 0.43280
Training Epoch 69, Batch 300, Loss: 0.42918
Training Epoch 69, Batch 350, Loss: 0.42855
Training Epoch 69, Batch 400, Loss: 0.42724
Training Epoch 69, Batch 450, Loss: 0.42996
Training Epoch 69, Batch 500, Loss: 0.42504
Training Epoch 69, Batch 550, Loss: 0.42324
[267 269 271 273 275 277 279 281 283 285 287 289 291 293 295 297]
Clip ../../datasets/UCF101-videos/Videos/GolfSwing/v_GolfSwing_g22_c03.avi Failed
Training Epoch: 69, Loss: 0.4198598276068717
!!!!!!!!!!!!!!!!!!!!!!!!!!!!!!!!!!!!!!!!!
Learning rate dropping to its 2th value to 2.384185793399811e-11 at epoch 69
!!!!!!!!!!!!!!!!!!!!!!!!!!!!!!!!!!!!!!!!!
Validation at epoch 69.
Validation Epoch 69, Batch 0 - Loss : 3.9166476726531982
Validation Epoch 69, Batch 50 - Loss : 3.961893268660003
Validation Epoch 69, Batch 100 - Loss : 3.917517928793879
Validation Epoch 69, Batch 150 - Loss : 3.9974257867067853
Validation Epoch 69, Batch 200 - Loss : 3.9936414761329764
Total video count: 3783
Epoch 69, * Video Acc@1 28.481 Video Acc@5 48.813, Loss: 3.9935677594776395
Time taken for Epoch-69 is 599.6608979701996

Epoch 70 started
Train at epoch 70
Learning rate is: 2.384185793399811e-11
Training Epoch 70, Batch 0, Loss: 0.28981
Training Epoch 70, Batch 50, Loss: 0.40973
Training Epoch 70, Batch 100, Loss: 0.42052
Training Epoch 70, Batch 150, Loss: 0.44145
Training Epoch 70, Batch 200, Loss: 0.44400
Training Epoch 70, Batch 250, Loss: 0.44064
Training Epoch 70, Batch 300, Loss: 0.43490
Training Epoch 70, Batch 350, Loss: 0.43872
Training Epoch 70, Batch 400, Loss: 0.43525
Training Epoch 70, Batch 450, Loss: 0.43602
Training Epoch 70, Batch 500, Loss: 0.42914
Training Epoch 70, Batch 550, Loss: 0.43376
Training Epoch: 70, Loss: 0.43561261567915827
!!!!!!!!!!!!!!!!!!!!!!!!!!!!!!!!!!!!!!!!!
Learning rate dropping to its 2th value to 1.1920928966999055e-11 at epoch 70
!!!!!!!!!!!!!!!!!!!!!!!!!!!!!!!!!!!!!!!!!
Validation at epoch 70.
Validation Epoch 70, Batch 0 - Loss : 4.987133026123047
Validation Epoch 70, Batch 50 - Loss : 3.821715457766664
Validation Epoch 70, Batch 100 - Loss : 3.9432910527333176
Validation Epoch 70, Batch 150 - Loss : 3.969372676697788
Validation Epoch 70, Batch 200 - Loss : 3.9562731287372648
Total video count: 3783
Epoch 70, * Video Acc@1 28.481 Video Acc@5 48.813, Loss: 4.0005801599236985
Time taken for Epoch-70 is 596.75359582901

Epoch 71 started
Train at epoch 71
Learning rate is: 1.1920928966999055e-11
Training Epoch 71, Batch 0, Loss: 0.44490
Training Epoch 71, Batch 50, Loss: 0.39945
Training Epoch 71, Batch 100, Loss: 0.40842
Training Epoch 71, Batch 150, Loss: 0.41946
Training Epoch 71, Batch 200, Loss: 0.42989
Training Epoch 71, Batch 250, Loss: 0.43314
Training Epoch 71, Batch 300, Loss: 0.43503
Training Epoch 71, Batch 350, Loss: 0.42701
Training Epoch 71, Batch 400, Loss: 0.42685
Training Epoch 71, Batch 450, Loss: 0.42141
Training Epoch 71, Batch 500, Loss: 0.43001
Training Epoch 71, Batch 550, Loss: 0.43494
[311 313 315 317 319 321 323 325 327 329 331 333 335 337 339 341]
Clip ../../datasets/UCF101-videos/Videos/GolfSwing/v_GolfSwing_g22_c03.avi Failed
[265 267 269 271 273 275 277 279 281 283 285 287 289 291 293 295]
Clip ../../datasets/UCF101-videos/Videos/GolfSwing/v_GolfSwing_g22_c01.avi Failed
[477 479 481 483 485 487 489 491 493 495 497 499 501 503 505 507]
Clip ../../datasets/UCF101-videos/Videos/Basketball/v_Basketball_g16_c02.avi Failed
Training Epoch: 71, Loss: 0.4380338800387766
!!!!!!!!!!!!!!!!!!!!!!!!!!!!!!!!!!!!!!!!!
Learning rate dropping to its 2th value to 5.9604644834995276e-12 at epoch 71
!!!!!!!!!!!!!!!!!!!!!!!!!!!!!!!!!!!!!!!!!
Validation at epoch 71.
Validation Epoch 71, Batch 0 - Loss : 4.1704936027526855
Validation Epoch 71, Batch 50 - Loss : 3.9771806819766176
Validation Epoch 71, Batch 100 - Loss : 4.003863148169942
Validation Epoch 71, Batch 150 - Loss : 4.010966334121906
Validation Epoch 71, Batch 200 - Loss : 3.9823036597142765
Total video count: 3783
Epoch 71, * Video Acc@1 28.481 Video Acc@5 48.813, Loss: 4.002073020371706
Time taken for Epoch-71 is 614.2335574626923

Epoch 72 started
Train at epoch 72
Learning rate is: 5.9604644834995276e-12
Training Epoch 72, Batch 0, Loss: 0.63491
Training Epoch 72, Batch 50, Loss: 0.46735
Training Epoch 72, Batch 100, Loss: 0.41970
Training Epoch 72, Batch 150, Loss: 0.43952
Training Epoch 72, Batch 200, Loss: 0.43109
Training Epoch 72, Batch 250, Loss: 0.42678
Training Epoch 72, Batch 300, Loss: 0.41698
Training Epoch 72, Batch 350, Loss: 0.42221
Training Epoch 72, Batch 400, Loss: 0.42449
Training Epoch 72, Batch 450, Loss: 0.42879
Training Epoch 72, Batch 500, Loss: 0.42531
Training Epoch 72, Batch 550, Loss: 0.42346
Clip ../../datasets/UCF101-videos/Videos/Basketball/v_Basketball_g16_c04.avi is missing 1 frames.
Clip ../../datasets/UCF101-videos/Videos/Basketball/v_Basketball_g18_c05.avi is missing 1 frames.
Training Epoch: 72, Loss: 0.42800115796127414
!!!!!!!!!!!!!!!!!!!!!!!!!!!!!!!!!!!!!!!!!
Learning rate dropping to its 2th value to 2.9802322417497638e-12 at epoch 72
!!!!!!!!!!!!!!!!!!!!!!!!!!!!!!!!!!!!!!!!!
Validation at epoch 72.
Validation Epoch 72, Batch 0 - Loss : 4.6689910888671875
Validation Epoch 72, Batch 50 - Loss : 4.056386653114767
Validation Epoch 72, Batch 100 - Loss : 4.080272341718768
Validation Epoch 72, Batch 150 - Loss : 4.026876697477126
Validation Epoch 72, Batch 200 - Loss : 3.990040815884794
Total video count: 3783
Epoch 72, * Video Acc@1 28.481 Video Acc@5 48.813, Loss: 3.9961652031427697
Time taken for Epoch-72 is 614.9815227985382

Epoch 73 started
Train at epoch 73
Learning rate is: 2.9802322417497638e-12
Training Epoch 73, Batch 0, Loss: 0.69833
Training Epoch 73, Batch 50, Loss: 0.44121
Training Epoch 73, Batch 100, Loss: 0.44745
Training Epoch 73, Batch 150, Loss: 0.44463
Training Epoch 73, Batch 200, Loss: 0.45344
Training Epoch 73, Batch 250, Loss: 0.44271
Training Epoch 73, Batch 300, Loss: 0.45245
Training Epoch 73, Batch 350, Loss: 0.44540
Training Epoch 73, Batch 400, Loss: 0.43795
Training Epoch 73, Batch 450, Loss: 0.44253
Training Epoch 73, Batch 500, Loss: 0.44149
Training Epoch 73, Batch 550, Loss: 0.43708
Clip ../../datasets/UCF101-videos/Videos/Basketball/v_Basketball_g13_c03.avi is missing 1 frames.
Clip ../../datasets/UCF101-videos/Videos/Basketball/v_Basketball_g18_c05.avi is missing 1 frames.
Training Epoch: 73, Loss: 0.43723993746866435
!!!!!!!!!!!!!!!!!!!!!!!!!!!!!!!!!!!!!!!!!
Learning rate dropping to its 2th value to 1.4901161208748819e-12 at epoch 73
!!!!!!!!!!!!!!!!!!!!!!!!!!!!!!!!!!!!!!!!!
Validation at epoch 73.
Validation Epoch 73, Batch 0 - Loss : 4.123608112335205
Validation Epoch 73, Batch 50 - Loss : 4.005678658391915
Validation Epoch 73, Batch 100 - Loss : 4.023097918765379
Validation Epoch 73, Batch 150 - Loss : 3.9675017461082005
Validation Epoch 73, Batch 200 - Loss : 4.003887274965125
Total video count: 3783
Epoch 73, * Video Acc@1 28.481 Video Acc@5 48.813, Loss: 3.9887076792334706
Time taken for Epoch-73 is 611.0663402080536

Epoch 74 started
Train at epoch 74
Learning rate is: 1.4901161208748819e-12
Training Epoch 74, Batch 0, Loss: 0.23531
Training Epoch 74, Batch 50, Loss: 0.39809
Training Epoch 74, Batch 100, Loss: 0.40132
Training Epoch 74, Batch 150, Loss: 0.40113
Training Epoch 74, Batch 200, Loss: 0.40308
Training Epoch 74, Batch 250, Loss: 0.42382
Training Epoch 74, Batch 300, Loss: 0.42234
Training Epoch 74, Batch 350, Loss: 0.42095
Training Epoch 74, Batch 400, Loss: 0.42407
Training Epoch 74, Batch 450, Loss: 0.42535
Training Epoch 74, Batch 500, Loss: 0.42720
Training Epoch 74, Batch 550, Loss: 0.42848
Clip ../../datasets/UCF101-videos/Videos/Biking/v_Biking_g22_c03.avi is missing 1 frames.
Training Epoch: 74, Loss: 0.4304663775055053
!!!!!!!!!!!!!!!!!!!!!!!!!!!!!!!!!!!!!!!!!
Learning rate dropping to its 2th value to 7.450580604374409e-13 at epoch 74
!!!!!!!!!!!!!!!!!!!!!!!!!!!!!!!!!!!!!!!!!
Validation at epoch 74.
Validation Epoch 74, Batch 0 - Loss : 2.8091652393341064
Validation Epoch 74, Batch 50 - Loss : 3.938708978540757
Validation Epoch 74, Batch 100 - Loss : 3.9477554170211944
Validation Epoch 74, Batch 150 - Loss : 3.9514914474739933
Validation Epoch 74, Batch 200 - Loss : 3.997205738997578
Total video count: 3783
Epoch 74, * Video Acc@1 28.481 Video Acc@5 48.813, Loss: 3.9939885189764612
Time taken for Epoch-74 is 613.164927482605

Learning rate is very low now, stopping the training.

real	616m42.345s
user	2727m50.458s
sys	524m25.122s
